CRITICAL - 2023-02-03 05:59:22 --> preg_match(): Compilation failed: missing closing parenthesis at offset 33
#0 [internal function]: CodeIgniter\Debug\Exceptions->errorHandler(2, 'preg_match(): C...', 'C:\\xampp\\htdocs...', 384)
#1 C:\xampp\htdocs\DesarrolloDigital\strassenads.com\system\Router\Router.php(384): preg_match('#^([a-z,_]+)/([...', 'BusinessControl...', Array)
#2 C:\xampp\htdocs\DesarrolloDigital\strassenads.com\system\Router\Router.php(154): CodeIgniter\Router\Router->checkRoutes('BusinessControl...')
#3 C:\xampp\htdocs\DesarrolloDigital\strassenads.com\system\CodeIgniter.php(719): CodeIgniter\Router\Router->handle('/BusinessContro...')
#4 C:\xampp\htdocs\DesarrolloDigital\strassenads.com\system\CodeIgniter.php(361): CodeIgniter\CodeIgniter->tryToRouteIt(Object(CodeIgniter\Router\RouteCollection))
#5 C:\xampp\htdocs\DesarrolloDigital\strassenads.com\system\CodeIgniter.php(320): CodeIgniter\CodeIgniter->handleRequest(NULL, Object(Config\Cache), false)
#6 C:\xampp\htdocs\DesarrolloDigital\strassenads.com\index.php(37): CodeIgniter\CodeIgniter->run()
#7 {main}
CRITICAL - 2023-02-03 06:00:41 --> preg_match(): Compilation failed: missing closing parenthesis at offset 33
#0 [internal function]: CodeIgniter\Debug\Exceptions->errorHandler(2, 'preg_match(): C...', 'C:\\xampp\\htdocs...', 384)
#1 C:\xampp\htdocs\DesarrolloDigital\strassenads.com\system\Router\Router.php(384): preg_match('#^([a-z,_]+)/([...', 'BusinessControl...', Array)
#2 C:\xampp\htdocs\DesarrolloDigital\strassenads.com\system\Router\Router.php(154): CodeIgniter\Router\Router->checkRoutes('BusinessControl...')
#3 C:\xampp\htdocs\DesarrolloDigital\strassenads.com\system\CodeIgniter.php(719): CodeIgniter\Router\Router->handle('/BusinessContro...')
#4 C:\xampp\htdocs\DesarrolloDigital\strassenads.com\system\CodeIgniter.php(361): CodeIgniter\CodeIgniter->tryToRouteIt(Object(CodeIgniter\Router\RouteCollection))
#5 C:\xampp\htdocs\DesarrolloDigital\strassenads.com\system\CodeIgniter.php(320): CodeIgniter\CodeIgniter->handleRequest(NULL, Object(Config\Cache), false)
#6 C:\xampp\htdocs\DesarrolloDigital\strassenads.com\index.php(37): CodeIgniter\CodeIgniter->run()
#7 {main}
CRITICAL - 2023-02-03 06:03:44 --> preg_match(): Compilation failed: missing closing parenthesis at offset 33
#0 [internal function]: CodeIgniter\Debug\Exceptions->errorHandler(2, 'preg_match(): C...', 'C:\\xampp\\htdocs...', 384)
#1 C:\xampp\htdocs\DesarrolloDigital\strassenads.com\system\Router\Router.php(384): preg_match('#^([a-z,_]+)/([...', 'BusinessControl...', Array)
#2 C:\xampp\htdocs\DesarrolloDigital\strassenads.com\system\Router\Router.php(154): CodeIgniter\Router\Router->checkRoutes('BusinessControl...')
#3 C:\xampp\htdocs\DesarrolloDigital\strassenads.com\system\CodeIgniter.php(719): CodeIgniter\Router\Router->handle('/BusinessContro...')
#4 C:\xampp\htdocs\DesarrolloDigital\strassenads.com\system\CodeIgniter.php(361): CodeIgniter\CodeIgniter->tryToRouteIt(Object(CodeIgniter\Router\RouteCollection))
#5 C:\xampp\htdocs\DesarrolloDigital\strassenads.com\system\CodeIgniter.php(320): CodeIgniter\CodeIgniter->handleRequest(NULL, Object(Config\Cache), false)
#6 C:\xampp\htdocs\DesarrolloDigital\strassenads.com\index.php(37): CodeIgniter\CodeIgniter->run()
#7 {main}
CRITICAL - 2023-02-03 06:03:55 --> preg_match(): Compilation failed: missing closing parenthesis at offset 33
#0 [internal function]: CodeIgniter\Debug\Exceptions->errorHandler(2, 'preg_match(): C...', 'C:\\xampp\\htdocs...', 384)
#1 C:\xampp\htdocs\DesarrolloDigital\strassenads.com\system\Router\Router.php(384): preg_match('#^([a-z,_]+)/([...', 'BusinessControl...', Array)
#2 C:\xampp\htdocs\DesarrolloDigital\strassenads.com\system\Router\Router.php(154): CodeIgniter\Router\Router->checkRoutes('BusinessControl...')
#3 C:\xampp\htdocs\DesarrolloDigital\strassenads.com\system\CodeIgniter.php(719): CodeIgniter\Router\Router->handle('/BusinessContro...')
#4 C:\xampp\htdocs\DesarrolloDigital\strassenads.com\system\CodeIgniter.php(361): CodeIgniter\CodeIgniter->tryToRouteIt(Object(CodeIgniter\Router\RouteCollection))
#5 C:\xampp\htdocs\DesarrolloDigital\strassenads.com\system\CodeIgniter.php(320): CodeIgniter\CodeIgniter->handleRequest(NULL, Object(Config\Cache), false)
#6 C:\xampp\htdocs\DesarrolloDigital\strassenads.com\index.php(37): CodeIgniter\CodeIgniter->run()
#7 {main}
CRITICAL - 2023-02-03 06:03:59 --> preg_match(): Compilation failed: missing closing parenthesis at offset 33
#0 [internal function]: CodeIgniter\Debug\Exceptions->errorHandler(2, 'preg_match(): C...', 'C:\\xampp\\htdocs...', 384)
#1 C:\xampp\htdocs\DesarrolloDigital\strassenads.com\system\Router\Router.php(384): preg_match('#^([a-z,_]+)/([...', 'BusinessControl...', Array)
#2 C:\xampp\htdocs\DesarrolloDigital\strassenads.com\system\Router\Router.php(154): CodeIgniter\Router\Router->checkRoutes('BusinessControl...')
#3 C:\xampp\htdocs\DesarrolloDigital\strassenads.com\system\CodeIgniter.php(719): CodeIgniter\Router\Router->handle('/BusinessContro...')
#4 C:\xampp\htdocs\DesarrolloDigital\strassenads.com\system\CodeIgniter.php(361): CodeIgniter\CodeIgniter->tryToRouteIt(Object(CodeIgniter\Router\RouteCollection))
#5 C:\xampp\htdocs\DesarrolloDigital\strassenads.com\system\CodeIgniter.php(320): CodeIgniter\CodeIgniter->handleRequest(NULL, Object(Config\Cache), false)
#6 C:\xampp\htdocs\DesarrolloDigital\strassenads.com\index.php(37): CodeIgniter\CodeIgniter->run()
#7 {main}
CRITICAL - 2023-02-03 06:04:04 --> preg_match(): Compilation failed: missing closing parenthesis at offset 33
#0 [internal function]: CodeIgniter\Debug\Exceptions->errorHandler(2, 'preg_match(): C...', 'C:\\xampp\\htdocs...', 384)
#1 C:\xampp\htdocs\DesarrolloDigital\strassenads.com\system\Router\Router.php(384): preg_match('#^([a-z,_]+)/([...', 'BusinessControl...', Array)
#2 C:\xampp\htdocs\DesarrolloDigital\strassenads.com\system\Router\Router.php(154): CodeIgniter\Router\Router->checkRoutes('BusinessControl...')
#3 C:\xampp\htdocs\DesarrolloDigital\strassenads.com\system\CodeIgniter.php(719): CodeIgniter\Router\Router->handle('/BusinessContro...')
#4 C:\xampp\htdocs\DesarrolloDigital\strassenads.com\system\CodeIgniter.php(361): CodeIgniter\CodeIgniter->tryToRouteIt(Object(CodeIgniter\Router\RouteCollection))
#5 C:\xampp\htdocs\DesarrolloDigital\strassenads.com\system\CodeIgniter.php(320): CodeIgniter\CodeIgniter->handleRequest(NULL, Object(Config\Cache), false)
#6 C:\xampp\htdocs\DesarrolloDigital\strassenads.com\index.php(37): CodeIgniter\CodeIgniter->run()
#7 {main}
CRITICAL - 2023-02-03 06:05:39 --> preg_match(): Compilation failed: missing closing parenthesis at offset 33
#0 [internal function]: CodeIgniter\Debug\Exceptions->errorHandler(2, 'preg_match(): C...', 'C:\\xampp\\htdocs...', 384)
#1 C:\xampp\htdocs\DesarrolloDigital\strassenads.com\system\Router\Router.php(384): preg_match('#^([a-z,_]+)/([...', 'BusinessControl...', Array)
#2 C:\xampp\htdocs\DesarrolloDigital\strassenads.com\system\Router\Router.php(154): CodeIgniter\Router\Router->checkRoutes('BusinessControl...')
#3 C:\xampp\htdocs\DesarrolloDigital\strassenads.com\system\CodeIgniter.php(719): CodeIgniter\Router\Router->handle('/BusinessContro...')
#4 C:\xampp\htdocs\DesarrolloDigital\strassenads.com\system\CodeIgniter.php(361): CodeIgniter\CodeIgniter->tryToRouteIt(Object(CodeIgniter\Router\RouteCollection))
#5 C:\xampp\htdocs\DesarrolloDigital\strassenads.com\system\CodeIgniter.php(320): CodeIgniter\CodeIgniter->handleRequest(NULL, Object(Config\Cache), false)
#6 C:\xampp\htdocs\DesarrolloDigital\strassenads.com\index.php(37): CodeIgniter\CodeIgniter->run()
#7 {main}
CRITICAL - 2023-02-03 06:06:26 --> preg_match(): Compilation failed: missing closing parenthesis at offset 33
#0 [internal function]: CodeIgniter\Debug\Exceptions->errorHandler(2, 'preg_match(): C...', 'C:\\xampp\\htdocs...', 384)
#1 C:\xampp\htdocs\DesarrolloDigital\strassenads.com\system\Router\Router.php(384): preg_match('#^([a-z,_]+)/([...', 'BusinessControl...', Array)
#2 C:\xampp\htdocs\DesarrolloDigital\strassenads.com\system\Router\Router.php(154): CodeIgniter\Router\Router->checkRoutes('BusinessControl...')
#3 C:\xampp\htdocs\DesarrolloDigital\strassenads.com\system\CodeIgniter.php(719): CodeIgniter\Router\Router->handle('/BusinessContro...')
#4 C:\xampp\htdocs\DesarrolloDigital\strassenads.com\system\CodeIgniter.php(361): CodeIgniter\CodeIgniter->tryToRouteIt(Object(CodeIgniter\Router\RouteCollection))
#5 C:\xampp\htdocs\DesarrolloDigital\strassenads.com\system\CodeIgniter.php(320): CodeIgniter\CodeIgniter->handleRequest(NULL, Object(Config\Cache), false)
#6 C:\xampp\htdocs\DesarrolloDigital\strassenads.com\index.php(37): CodeIgniter\CodeIgniter->run()
#7 {main}
CRITICAL - 2023-02-03 06:06:33 --> preg_match(): Compilation failed: missing closing parenthesis at offset 33
#0 [internal function]: CodeIgniter\Debug\Exceptions->errorHandler(2, 'preg_match(): C...', 'C:\\xampp\\htdocs...', 384)
#1 C:\xampp\htdocs\DesarrolloDigital\strassenads.com\system\Router\Router.php(384): preg_match('#^([a-z,_]+)/([...', 'BusinessControl...', Array)
#2 C:\xampp\htdocs\DesarrolloDigital\strassenads.com\system\Router\Router.php(154): CodeIgniter\Router\Router->checkRoutes('BusinessControl...')
#3 C:\xampp\htdocs\DesarrolloDigital\strassenads.com\system\CodeIgniter.php(719): CodeIgniter\Router\Router->handle('/BusinessContro...')
#4 C:\xampp\htdocs\DesarrolloDigital\strassenads.com\system\CodeIgniter.php(361): CodeIgniter\CodeIgniter->tryToRouteIt(Object(CodeIgniter\Router\RouteCollection))
#5 C:\xampp\htdocs\DesarrolloDigital\strassenads.com\system\CodeIgniter.php(320): CodeIgniter\CodeIgniter->handleRequest(NULL, Object(Config\Cache), false)
#6 C:\xampp\htdocs\DesarrolloDigital\strassenads.com\index.php(37): CodeIgniter\CodeIgniter->run()
#7 {main}
CRITICAL - 2023-02-03 06:06:38 --> preg_match(): Compilation failed: missing closing parenthesis at offset 33
#0 [internal function]: CodeIgniter\Debug\Exceptions->errorHandler(2, 'preg_match(): C...', 'C:\\xampp\\htdocs...', 384)
#1 C:\xampp\htdocs\DesarrolloDigital\strassenads.com\system\Router\Router.php(384): preg_match('#^([a-z,_]+)/([...', 'BusinessControl...', Array)
#2 C:\xampp\htdocs\DesarrolloDigital\strassenads.com\system\Router\Router.php(154): CodeIgniter\Router\Router->checkRoutes('BusinessControl...')
#3 C:\xampp\htdocs\DesarrolloDigital\strassenads.com\system\CodeIgniter.php(719): CodeIgniter\Router\Router->handle('/BusinessContro...')
#4 C:\xampp\htdocs\DesarrolloDigital\strassenads.com\system\CodeIgniter.php(361): CodeIgniter\CodeIgniter->tryToRouteIt(Object(CodeIgniter\Router\RouteCollection))
#5 C:\xampp\htdocs\DesarrolloDigital\strassenads.com\system\CodeIgniter.php(320): CodeIgniter\CodeIgniter->handleRequest(NULL, Object(Config\Cache), false)
#6 C:\xampp\htdocs\DesarrolloDigital\strassenads.com\index.php(37): CodeIgniter\CodeIgniter->run()
#7 {main}
CRITICAL - 2023-02-03 06:06:57 --> preg_match(): Compilation failed: missing closing parenthesis at offset 33
#0 [internal function]: CodeIgniter\Debug\Exceptions->errorHandler(2, 'preg_match(): C...', 'C:\\xampp\\htdocs...', 384)
#1 C:\xampp\htdocs\DesarrolloDigital\strassenads.com\system\Router\Router.php(384): preg_match('#^([a-z,_]+)/([...', 'BusinessControl...', Array)
#2 C:\xampp\htdocs\DesarrolloDigital\strassenads.com\system\Router\Router.php(154): CodeIgniter\Router\Router->checkRoutes('BusinessControl...')
#3 C:\xampp\htdocs\DesarrolloDigital\strassenads.com\system\CodeIgniter.php(719): CodeIgniter\Router\Router->handle('/BusinessContro...')
#4 C:\xampp\htdocs\DesarrolloDigital\strassenads.com\system\CodeIgniter.php(361): CodeIgniter\CodeIgniter->tryToRouteIt(Object(CodeIgniter\Router\RouteCollection))
#5 C:\xampp\htdocs\DesarrolloDigital\strassenads.com\system\CodeIgniter.php(320): CodeIgniter\CodeIgniter->handleRequest(NULL, Object(Config\Cache), false)
#6 C:\xampp\htdocs\DesarrolloDigital\strassenads.com\index.php(37): CodeIgniter\CodeIgniter->run()
#7 {main}
CRITICAL - 2023-02-03 06:07:02 --> preg_match(): Compilation failed: missing closing parenthesis at offset 33
#0 [internal function]: CodeIgniter\Debug\Exceptions->errorHandler(2, 'preg_match(): C...', 'C:\\xampp\\htdocs...', 384)
#1 C:\xampp\htdocs\DesarrolloDigital\strassenads.com\system\Router\Router.php(384): preg_match('#^([a-z,_]+)/([...', 'BusinessControl...', Array)
#2 C:\xampp\htdocs\DesarrolloDigital\strassenads.com\system\Router\Router.php(154): CodeIgniter\Router\Router->checkRoutes('BusinessControl...')
#3 C:\xampp\htdocs\DesarrolloDigital\strassenads.com\system\CodeIgniter.php(719): CodeIgniter\Router\Router->handle('/BusinessContro...')
#4 C:\xampp\htdocs\DesarrolloDigital\strassenads.com\system\CodeIgniter.php(361): CodeIgniter\CodeIgniter->tryToRouteIt(Object(CodeIgniter\Router\RouteCollection))
#5 C:\xampp\htdocs\DesarrolloDigital\strassenads.com\system\CodeIgniter.php(320): CodeIgniter\CodeIgniter->handleRequest(NULL, Object(Config\Cache), false)
#6 C:\xampp\htdocs\DesarrolloDigital\strassenads.com\index.php(37): CodeIgniter\CodeIgniter->run()
#7 {main}
CRITICAL - 2023-02-03 06:07:20 --> preg_match(): Compilation failed: missing closing parenthesis at offset 33
#0 [internal function]: CodeIgniter\Debug\Exceptions->errorHandler(2, 'preg_match(): C...', 'C:\\xampp\\htdocs...', 384)
#1 C:\xampp\htdocs\DesarrolloDigital\strassenads.com\system\Router\Router.php(384): preg_match('#^([a-z,_]+)/([...', 'BusinessControl...', Array)
#2 C:\xampp\htdocs\DesarrolloDigital\strassenads.com\system\Router\Router.php(154): CodeIgniter\Router\Router->checkRoutes('BusinessControl...')
#3 C:\xampp\htdocs\DesarrolloDigital\strassenads.com\system\CodeIgniter.php(719): CodeIgniter\Router\Router->handle('/BusinessContro...')
#4 C:\xampp\htdocs\DesarrolloDigital\strassenads.com\system\CodeIgniter.php(361): CodeIgniter\CodeIgniter->tryToRouteIt(Object(CodeIgniter\Router\RouteCollection))
#5 C:\xampp\htdocs\DesarrolloDigital\strassenads.com\system\CodeIgniter.php(320): CodeIgniter\CodeIgniter->handleRequest(NULL, Object(Config\Cache), false)
#6 C:\xampp\htdocs\DesarrolloDigital\strassenads.com\index.php(37): CodeIgniter\CodeIgniter->run()
#7 {main}
CRITICAL - 2023-02-03 06:07:24 --> preg_match(): Compilation failed: missing closing parenthesis at offset 33
#0 [internal function]: CodeIgniter\Debug\Exceptions->errorHandler(2, 'preg_match(): C...', 'C:\\xampp\\htdocs...', 384)
#1 C:\xampp\htdocs\DesarrolloDigital\strassenads.com\system\Router\Router.php(384): preg_match('#^([a-z,_]+)/([...', 'BusinessControl...', Array)
#2 C:\xampp\htdocs\DesarrolloDigital\strassenads.com\system\Router\Router.php(154): CodeIgniter\Router\Router->checkRoutes('BusinessControl...')
#3 C:\xampp\htdocs\DesarrolloDigital\strassenads.com\system\CodeIgniter.php(719): CodeIgniter\Router\Router->handle('/BusinessContro...')
#4 C:\xampp\htdocs\DesarrolloDigital\strassenads.com\system\CodeIgniter.php(361): CodeIgniter\CodeIgniter->tryToRouteIt(Object(CodeIgniter\Router\RouteCollection))
#5 C:\xampp\htdocs\DesarrolloDigital\strassenads.com\system\CodeIgniter.php(320): CodeIgniter\CodeIgniter->handleRequest(NULL, Object(Config\Cache), false)
#6 C:\xampp\htdocs\DesarrolloDigital\strassenads.com\index.php(37): CodeIgniter\CodeIgniter->run()
#7 {main}
CRITICAL - 2023-02-03 06:07:45 --> preg_match(): Compilation failed: missing closing parenthesis at offset 33
#0 [internal function]: CodeIgniter\Debug\Exceptions->errorHandler(2, 'preg_match(): C...', 'C:\\xampp\\htdocs...', 384)
#1 C:\xampp\htdocs\DesarrolloDigital\strassenads.com\system\Router\Router.php(384): preg_match('#^([a-z,_]+)/([...', 'BusinessControl...', Array)
#2 C:\xampp\htdocs\DesarrolloDigital\strassenads.com\system\Router\Router.php(154): CodeIgniter\Router\Router->checkRoutes('BusinessControl...')
#3 C:\xampp\htdocs\DesarrolloDigital\strassenads.com\system\CodeIgniter.php(719): CodeIgniter\Router\Router->handle('/BusinessContro...')
#4 C:\xampp\htdocs\DesarrolloDigital\strassenads.com\system\CodeIgniter.php(361): CodeIgniter\CodeIgniter->tryToRouteIt(Object(CodeIgniter\Router\RouteCollection))
#5 C:\xampp\htdocs\DesarrolloDigital\strassenads.com\system\CodeIgniter.php(320): CodeIgniter\CodeIgniter->handleRequest(NULL, Object(Config\Cache), false)
#6 C:\xampp\htdocs\DesarrolloDigital\strassenads.com\index.php(37): CodeIgniter\CodeIgniter->run()
#7 {main}
CRITICAL - 2023-02-03 06:07:49 --> preg_match(): Compilation failed: missing closing parenthesis at offset 33
#0 [internal function]: CodeIgniter\Debug\Exceptions->errorHandler(2, 'preg_match(): C...', 'C:\\xampp\\htdocs...', 384)
#1 C:\xampp\htdocs\DesarrolloDigital\strassenads.com\system\Router\Router.php(384): preg_match('#^([a-z,_]+)/([...', 'BusinessControl...', Array)
#2 C:\xampp\htdocs\DesarrolloDigital\strassenads.com\system\Router\Router.php(154): CodeIgniter\Router\Router->checkRoutes('BusinessControl...')
#3 C:\xampp\htdocs\DesarrolloDigital\strassenads.com\system\CodeIgniter.php(719): CodeIgniter\Router\Router->handle('/BusinessContro...')
#4 C:\xampp\htdocs\DesarrolloDigital\strassenads.com\system\CodeIgniter.php(361): CodeIgniter\CodeIgniter->tryToRouteIt(Object(CodeIgniter\Router\RouteCollection))
#5 C:\xampp\htdocs\DesarrolloDigital\strassenads.com\system\CodeIgniter.php(320): CodeIgniter\CodeIgniter->handleRequest(NULL, Object(Config\Cache), false)
#6 C:\xampp\htdocs\DesarrolloDigital\strassenads.com\index.php(37): CodeIgniter\CodeIgniter->run()
#7 {main}
CRITICAL - 2023-02-03 06:08:20 --> preg_match(): Compilation failed: missing closing parenthesis at offset 33
#0 [internal function]: CodeIgniter\Debug\Exceptions->errorHandler(2, 'preg_match(): C...', 'C:\\xampp\\htdocs...', 384)
#1 C:\xampp\htdocs\DesarrolloDigital\strassenads.com\system\Router\Router.php(384): preg_match('#^([a-z,_]+)/([...', 'BusinessControl...', Array)
#2 C:\xampp\htdocs\DesarrolloDigital\strassenads.com\system\Router\Router.php(154): CodeIgniter\Router\Router->checkRoutes('BusinessControl...')
#3 C:\xampp\htdocs\DesarrolloDigital\strassenads.com\system\CodeIgniter.php(719): CodeIgniter\Router\Router->handle('/BusinessContro...')
#4 C:\xampp\htdocs\DesarrolloDigital\strassenads.com\system\CodeIgniter.php(361): CodeIgniter\CodeIgniter->tryToRouteIt(Object(CodeIgniter\Router\RouteCollection))
#5 C:\xampp\htdocs\DesarrolloDigital\strassenads.com\system\CodeIgniter.php(320): CodeIgniter\CodeIgniter->handleRequest(NULL, Object(Config\Cache), false)
#6 C:\xampp\htdocs\DesarrolloDigital\strassenads.com\index.php(37): CodeIgniter\CodeIgniter->run()
#7 {main}
CRITICAL - 2023-02-03 06:08:24 --> preg_match(): Compilation failed: missing closing parenthesis at offset 33
#0 [internal function]: CodeIgniter\Debug\Exceptions->errorHandler(2, 'preg_match(): C...', 'C:\\xampp\\htdocs...', 384)
#1 C:\xampp\htdocs\DesarrolloDigital\strassenads.com\system\Router\Router.php(384): preg_match('#^([a-z,_]+)/([...', 'BusinessControl...', Array)
#2 C:\xampp\htdocs\DesarrolloDigital\strassenads.com\system\Router\Router.php(154): CodeIgniter\Router\Router->checkRoutes('BusinessControl...')
#3 C:\xampp\htdocs\DesarrolloDigital\strassenads.com\system\CodeIgniter.php(719): CodeIgniter\Router\Router->handle('/BusinessContro...')
#4 C:\xampp\htdocs\DesarrolloDigital\strassenads.com\system\CodeIgniter.php(361): CodeIgniter\CodeIgniter->tryToRouteIt(Object(CodeIgniter\Router\RouteCollection))
#5 C:\xampp\htdocs\DesarrolloDigital\strassenads.com\system\CodeIgniter.php(320): CodeIgniter\CodeIgniter->handleRequest(NULL, Object(Config\Cache), false)
#6 C:\xampp\htdocs\DesarrolloDigital\strassenads.com\index.php(37): CodeIgniter\CodeIgniter->run()
#7 {main}
CRITICAL - 2023-02-03 06:25:35 --> Call to undefined method CodeIgniter\HTTP\IncomingRequest::get()
#0 C:\xampp\htdocs\DesarrolloDigital\strassenads.com\system\CodeIgniter.php(825): App\Controllers\Business->search2()
#1 C:\xampp\htdocs\DesarrolloDigital\strassenads.com\system\CodeIgniter.php(412): CodeIgniter\CodeIgniter->runController(Object(App\Controllers\Business))
#2 C:\xampp\htdocs\DesarrolloDigital\strassenads.com\system\CodeIgniter.php(320): CodeIgniter\CodeIgniter->handleRequest(NULL, Object(Config\Cache), false)
#3 C:\xampp\htdocs\DesarrolloDigital\strassenads.com\index.php(37): CodeIgniter\CodeIgniter->run()
#4 {main}
CRITICAL - 2023-02-03 12:57:09 --> syntax error, unexpected double-quoted string "val q="
#0 C:\xampp\htdocs\DesarrolloDigital\strassenads.com\system\Autoloader\Autoloader.php(241): CodeIgniter\Autoloader\Autoloader->includeFile('C:\\xampp\\htdocs...')
#1 C:\xampp\htdocs\DesarrolloDigital\strassenads.com\system\Autoloader\Autoloader.php(219): CodeIgniter\Autoloader\Autoloader->loadInNamespace('App\\Controllers...')
#2 [internal function]: CodeIgniter\Autoloader\Autoloader->loadClass('App\\Controllers...')
#3 C:\xampp\htdocs\DesarrolloDigital\strassenads.com\system\CodeIgniter.php(790): class_exists('\\App\\Controller...', true)
#4 C:\xampp\htdocs\DesarrolloDigital\strassenads.com\system\CodeIgniter.php(399): CodeIgniter\CodeIgniter->startController()
#5 C:\xampp\htdocs\DesarrolloDigital\strassenads.com\system\CodeIgniter.php(320): CodeIgniter\CodeIgniter->handleRequest(NULL, Object(Config\Cache), false)
#6 C:\xampp\htdocs\DesarrolloDigital\strassenads.com\index.php(37): CodeIgniter\CodeIgniter->run()
#7 {main}
CRITICAL - 2023-02-03 14:23:14 --> Undefined array key "short_name"
#0 C:\xampp\htdocs\DesarrolloDigital\strassenads.com\app\Views\index.php(22): CodeIgniter\Debug\Exceptions->errorHandler(2, 'Undefined array...', 'C:\\xampp\\htdocs...', 22)
#1 C:\xampp\htdocs\DesarrolloDigital\strassenads.com\system\View\View.php(210): include('C:\\xampp\\htdocs...')
#2 C:\xampp\htdocs\DesarrolloDigital\strassenads.com\system\View\View.php(213): CodeIgniter\View\View->CodeIgniter\View\{closure}()
#3 C:\xampp\htdocs\DesarrolloDigital\strassenads.com\system\Common.php(1089): CodeIgniter\View\View->render('index', Array, true)
#4 C:\xampp\htdocs\DesarrolloDigital\strassenads.com\app\Controllers\Home.php(74): view('index', Array)
#5 C:\xampp\htdocs\DesarrolloDigital\strassenads.com\system\CodeIgniter.php(825): App\Controllers\Home->index()
#6 C:\xampp\htdocs\DesarrolloDigital\strassenads.com\system\CodeIgniter.php(412): CodeIgniter\CodeIgniter->runController(Object(App\Controllers\Home))
#7 C:\xampp\htdocs\DesarrolloDigital\strassenads.com\system\CodeIgniter.php(320): CodeIgniter\CodeIgniter->handleRequest(NULL, Object(Config\Cache), false)
#8 C:\xampp\htdocs\DesarrolloDigital\strassenads.com\index.php(37): CodeIgniter\CodeIgniter->run()
#9 {main}
CRITICAL - 2023-02-03 14:34:14 --> Undefined array key "short_name"
#0 C:\xampp\htdocs\DesarrolloDigital\strassenads.com\app\Views\index.php(22): CodeIgniter\Debug\Exceptions->errorHandler(2, 'Undefined array...', 'C:\\xampp\\htdocs...', 22)
#1 C:\xampp\htdocs\DesarrolloDigital\strassenads.com\system\View\View.php(210): include('C:\\xampp\\htdocs...')
#2 C:\xampp\htdocs\DesarrolloDigital\strassenads.com\system\View\View.php(213): CodeIgniter\View\View->CodeIgniter\View\{closure}()
#3 C:\xampp\htdocs\DesarrolloDigital\strassenads.com\system\Common.php(1089): CodeIgniter\View\View->render('index', Array, true)
#4 C:\xampp\htdocs\DesarrolloDigital\strassenads.com\app\Controllers\Home.php(74): view('index', Array)
#5 C:\xampp\htdocs\DesarrolloDigital\strassenads.com\system\CodeIgniter.php(825): App\Controllers\Home->index()
#6 C:\xampp\htdocs\DesarrolloDigital\strassenads.com\system\CodeIgniter.php(412): CodeIgniter\CodeIgniter->runController(Object(App\Controllers\Home))
#7 C:\xampp\htdocs\DesarrolloDigital\strassenads.com\system\CodeIgniter.php(320): CodeIgniter\CodeIgniter->handleRequest(NULL, Object(Config\Cache), false)
#8 C:\xampp\htdocs\DesarrolloDigital\strassenads.com\index.php(37): CodeIgniter\CodeIgniter->run()
#9 {main}
CRITICAL - 2023-02-03 14:35:17 --> Undefined array key "region_nameshort"
#0 C:\xampp\htdocs\DesarrolloDigital\strassenads.com\app\Views\index.php(22): CodeIgniter\Debug\Exceptions->errorHandler(2, 'Undefined array...', 'C:\\xampp\\htdocs...', 22)
#1 C:\xampp\htdocs\DesarrolloDigital\strassenads.com\system\View\View.php(210): include('C:\\xampp\\htdocs...')
#2 C:\xampp\htdocs\DesarrolloDigital\strassenads.com\system\View\View.php(213): CodeIgniter\View\View->CodeIgniter\View\{closure}()
#3 C:\xampp\htdocs\DesarrolloDigital\strassenads.com\system\Common.php(1089): CodeIgniter\View\View->render('index', Array, true)
#4 C:\xampp\htdocs\DesarrolloDigital\strassenads.com\app\Controllers\Home.php(74): view('index', Array)
#5 C:\xampp\htdocs\DesarrolloDigital\strassenads.com\system\CodeIgniter.php(825): App\Controllers\Home->index()
#6 C:\xampp\htdocs\DesarrolloDigital\strassenads.com\system\CodeIgniter.php(412): CodeIgniter\CodeIgniter->runController(Object(App\Controllers\Home))
#7 C:\xampp\htdocs\DesarrolloDigital\strassenads.com\system\CodeIgniter.php(320): CodeIgniter\CodeIgniter->handleRequest(NULL, Object(Config\Cache), false)
#8 C:\xampp\htdocs\DesarrolloDigital\strassenads.com\index.php(37): CodeIgniter\CodeIgniter->run()
#9 {main}
CRITICAL - 2023-02-03 14:36:02 --> Undefined array key "short_name"
#0 C:\xampp\htdocs\DesarrolloDigital\strassenads.com\app\Views\index.php(43): CodeIgniter\Debug\Exceptions->errorHandler(2, 'Undefined array...', 'C:\\xampp\\htdocs...', 43)
#1 C:\xampp\htdocs\DesarrolloDigital\strassenads.com\system\View\View.php(210): include('C:\\xampp\\htdocs...')
#2 C:\xampp\htdocs\DesarrolloDigital\strassenads.com\system\View\View.php(213): CodeIgniter\View\View->CodeIgniter\View\{closure}()
#3 C:\xampp\htdocs\DesarrolloDigital\strassenads.com\system\Common.php(1089): CodeIgniter\View\View->render('index', Array, true)
#4 C:\xampp\htdocs\DesarrolloDigital\strassenads.com\app\Controllers\Home.php(74): view('index', Array)
#5 C:\xampp\htdocs\DesarrolloDigital\strassenads.com\system\CodeIgniter.php(825): App\Controllers\Home->index()
#6 C:\xampp\htdocs\DesarrolloDigital\strassenads.com\system\CodeIgniter.php(412): CodeIgniter\CodeIgniter->runController(Object(App\Controllers\Home))
#7 C:\xampp\htdocs\DesarrolloDigital\strassenads.com\system\CodeIgniter.php(320): CodeIgniter\CodeIgniter->handleRequest(NULL, Object(Config\Cache), false)
#8 C:\xampp\htdocs\DesarrolloDigital\strassenads.com\index.php(37): CodeIgniter\CodeIgniter->run()
#9 {main}
CRITICAL - 2023-02-03 14:36:05 --> Undefined array key "short_name"
#0 C:\xampp\htdocs\DesarrolloDigital\strassenads.com\app\Views\index.php(43): CodeIgniter\Debug\Exceptions->errorHandler(2, 'Undefined array...', 'C:\\xampp\\htdocs...', 43)
#1 C:\xampp\htdocs\DesarrolloDigital\strassenads.com\system\View\View.php(210): include('C:\\xampp\\htdocs...')
#2 C:\xampp\htdocs\DesarrolloDigital\strassenads.com\system\View\View.php(213): CodeIgniter\View\View->CodeIgniter\View\{closure}()
#3 C:\xampp\htdocs\DesarrolloDigital\strassenads.com\system\Common.php(1089): CodeIgniter\View\View->render('index', Array, true)
#4 C:\xampp\htdocs\DesarrolloDigital\strassenads.com\app\Controllers\Home.php(74): view('index', Array)
#5 C:\xampp\htdocs\DesarrolloDigital\strassenads.com\system\CodeIgniter.php(825): App\Controllers\Home->index()
#6 C:\xampp\htdocs\DesarrolloDigital\strassenads.com\system\CodeIgniter.php(412): CodeIgniter\CodeIgniter->runController(Object(App\Controllers\Home))
#7 C:\xampp\htdocs\DesarrolloDigital\strassenads.com\system\CodeIgniter.php(320): CodeIgniter\CodeIgniter->handleRequest(NULL, Object(Config\Cache), false)
#8 C:\xampp\htdocs\DesarrolloDigital\strassenads.com\index.php(37): CodeIgniter\CodeIgniter->run()
#9 {main}
CRITICAL - 2023-02-03 14:42:04 --> Attempt to read property "id" on array
#0 C:\xampp\htdocs\DesarrolloDigital\strassenads.com\app\Controllers\Home.php(403): CodeIgniter\Debug\Exceptions->errorHandler(2, 'Attempt to read...', 'C:\\xampp\\htdocs...', 403)
#1 C:\xampp\htdocs\DesarrolloDigital\strassenads.com\system\CodeIgniter.php(825): App\Controllers\Home->searchMain()
#2 C:\xampp\htdocs\DesarrolloDigital\strassenads.com\system\CodeIgniter.php(412): CodeIgniter\CodeIgniter->runController(Object(App\Controllers\Home))
#3 C:\xampp\htdocs\DesarrolloDigital\strassenads.com\system\CodeIgniter.php(320): CodeIgniter\CodeIgniter->handleRequest(NULL, Object(Config\Cache), false)
#4 C:\xampp\htdocs\DesarrolloDigital\strassenads.com\index.php(37): CodeIgniter\CodeIgniter->run()
#5 {main}
CRITICAL - 2023-02-03 14:52:36 --> Attempt to read property "id" on array
#0 C:\xampp\htdocs\DesarrolloDigital\strassenads.com\app\Controllers\Home.php(401): CodeIgniter\Debug\Exceptions->errorHandler(2, 'Attempt to read...', 'C:\\xampp\\htdocs...', 401)
#1 C:\xampp\htdocs\DesarrolloDigital\strassenads.com\system\CodeIgniter.php(825): App\Controllers\Home->searchMain()
#2 C:\xampp\htdocs\DesarrolloDigital\strassenads.com\system\CodeIgniter.php(412): CodeIgniter\CodeIgniter->runController(Object(App\Controllers\Home))
#3 C:\xampp\htdocs\DesarrolloDigital\strassenads.com\system\CodeIgniter.php(320): CodeIgniter\CodeIgniter->handleRequest(NULL, Object(Config\Cache), false)
#4 C:\xampp\htdocs\DesarrolloDigital\strassenads.com\index.php(37): CodeIgniter\CodeIgniter->run()
#5 {main}
CRITICAL - 2023-02-03 14:52:53 --> Attempt to read property "id" on array
#0 C:\xampp\htdocs\DesarrolloDigital\strassenads.com\app\Controllers\Home.php(401): CodeIgniter\Debug\Exceptions->errorHandler(2, 'Attempt to read...', 'C:\\xampp\\htdocs...', 401)
#1 C:\xampp\htdocs\DesarrolloDigital\strassenads.com\system\CodeIgniter.php(825): App\Controllers\Home->searchMain()
#2 C:\xampp\htdocs\DesarrolloDigital\strassenads.com\system\CodeIgniter.php(412): CodeIgniter\CodeIgniter->runController(Object(App\Controllers\Home))
#3 C:\xampp\htdocs\DesarrolloDigital\strassenads.com\system\CodeIgniter.php(320): CodeIgniter\CodeIgniter->handleRequest(NULL, Object(Config\Cache), false)
#4 C:\xampp\htdocs\DesarrolloDigital\strassenads.com\index.php(37): CodeIgniter\CodeIgniter->run()
#5 {main}
CRITICAL - 2023-02-03 14:52:57 --> Attempt to read property "id" on array
#0 C:\xampp\htdocs\DesarrolloDigital\strassenads.com\app\Controllers\Home.php(401): CodeIgniter\Debug\Exceptions->errorHandler(2, 'Attempt to read...', 'C:\\xampp\\htdocs...', 401)
#1 C:\xampp\htdocs\DesarrolloDigital\strassenads.com\system\CodeIgniter.php(825): App\Controllers\Home->searchMain()
#2 C:\xampp\htdocs\DesarrolloDigital\strassenads.com\system\CodeIgniter.php(412): CodeIgniter\CodeIgniter->runController(Object(App\Controllers\Home))
#3 C:\xampp\htdocs\DesarrolloDigital\strassenads.com\system\CodeIgniter.php(320): CodeIgniter\CodeIgniter->handleRequest(NULL, Object(Config\Cache), false)
#4 C:\xampp\htdocs\DesarrolloDigital\strassenads.com\index.php(37): CodeIgniter\CodeIgniter->run()
#5 {main}
CRITICAL - 2023-02-03 14:53:34 --> Undefined array key "id"
#0 C:\xampp\htdocs\DesarrolloDigital\strassenads.com\app\Controllers\Home.php(401): CodeIgniter\Debug\Exceptions->errorHandler(2, 'Undefined array...', 'C:\\xampp\\htdocs...', 401)
#1 C:\xampp\htdocs\DesarrolloDigital\strassenads.com\system\CodeIgniter.php(825): App\Controllers\Home->searchMain()
#2 C:\xampp\htdocs\DesarrolloDigital\strassenads.com\system\CodeIgniter.php(412): CodeIgniter\CodeIgniter->runController(Object(App\Controllers\Home))
#3 C:\xampp\htdocs\DesarrolloDigital\strassenads.com\system\CodeIgniter.php(320): CodeIgniter\CodeIgniter->handleRequest(NULL, Object(Config\Cache), false)
#4 C:\xampp\htdocs\DesarrolloDigital\strassenads.com\index.php(37): CodeIgniter\CodeIgniter->run()
#5 {main}
CRITICAL - 2023-02-03 14:54:44 --> Attempt to read property "id" on array
#0 C:\xampp\htdocs\DesarrolloDigital\strassenads.com\app\Controllers\Home.php(401): CodeIgniter\Debug\Exceptions->errorHandler(2, 'Attempt to read...', 'C:\\xampp\\htdocs...', 401)
#1 C:\xampp\htdocs\DesarrolloDigital\strassenads.com\system\CodeIgniter.php(825): App\Controllers\Home->searchMain()
#2 C:\xampp\htdocs\DesarrolloDigital\strassenads.com\system\CodeIgniter.php(412): CodeIgniter\CodeIgniter->runController(Object(App\Controllers\Home))
#3 C:\xampp\htdocs\DesarrolloDigital\strassenads.com\system\CodeIgniter.php(320): CodeIgniter\CodeIgniter->handleRequest(NULL, Object(Config\Cache), false)
#4 C:\xampp\htdocs\DesarrolloDigital\strassenads.com\index.php(37): CodeIgniter\CodeIgniter->run()
#5 {main}
CRITICAL - 2023-02-03 14:55:23 --> Attempt to read property "id" on array
#0 C:\xampp\htdocs\DesarrolloDigital\strassenads.com\app\Controllers\Home.php(401): CodeIgniter\Debug\Exceptions->errorHandler(2, 'Attempt to read...', 'C:\\xampp\\htdocs...', 401)
#1 C:\xampp\htdocs\DesarrolloDigital\strassenads.com\system\CodeIgniter.php(825): App\Controllers\Home->searchMain()
#2 C:\xampp\htdocs\DesarrolloDigital\strassenads.com\system\CodeIgniter.php(412): CodeIgniter\CodeIgniter->runController(Object(App\Controllers\Home))
#3 C:\xampp\htdocs\DesarrolloDigital\strassenads.com\system\CodeIgniter.php(320): CodeIgniter\CodeIgniter->handleRequest(NULL, Object(Config\Cache), false)
#4 C:\xampp\htdocs\DesarrolloDigital\strassenads.com\index.php(37): CodeIgniter\CodeIgniter->run()
#5 {main}
CRITICAL - 2023-02-03 14:56:20 --> Call to undefined function App\Controllers\first()
#0 C:\xampp\htdocs\DesarrolloDigital\strassenads.com\system\CodeIgniter.php(825): App\Controllers\Home->searchMain()
#1 C:\xampp\htdocs\DesarrolloDigital\strassenads.com\system\CodeIgniter.php(412): CodeIgniter\CodeIgniter->runController(Object(App\Controllers\Home))
#2 C:\xampp\htdocs\DesarrolloDigital\strassenads.com\system\CodeIgniter.php(320): CodeIgniter\CodeIgniter->handleRequest(NULL, Object(Config\Cache), false)
#3 C:\xampp\htdocs\DesarrolloDigital\strassenads.com\index.php(37): CodeIgniter\CodeIgniter->run()
#4 {main}
CRITICAL - 2023-02-03 15:04:18 --> Attempt to read property "id" on array
#0 C:\xampp\htdocs\DesarrolloDigital\strassenads.com\app\Controllers\Home.php(402): CodeIgniter\Debug\Exceptions->errorHandler(2, 'Attempt to read...', 'C:\\xampp\\htdocs...', 402)
#1 C:\xampp\htdocs\DesarrolloDigital\strassenads.com\system\CodeIgniter.php(825): App\Controllers\Home->searchMain()
#2 C:\xampp\htdocs\DesarrolloDigital\strassenads.com\system\CodeIgniter.php(412): CodeIgniter\CodeIgniter->runController(Object(App\Controllers\Home))
#3 C:\xampp\htdocs\DesarrolloDigital\strassenads.com\system\CodeIgniter.php(320): CodeIgniter\CodeIgniter->handleRequest(NULL, Object(Config\Cache), false)
#4 C:\xampp\htdocs\DesarrolloDigital\strassenads.com\index.php(37): CodeIgniter\CodeIgniter->run()
#5 {main}
CRITICAL - 2023-02-03 16:02:07 --> Undefined variable $regionName
#0 C:\xampp\htdocs\DesarrolloDigital\strassenads.com\app\Controllers\Business.php(362): CodeIgniter\Debug\Exceptions->errorHandler(2, 'Undefined varia...', 'C:\\xampp\\htdocs...', 362)
#1 C:\xampp\htdocs\DesarrolloDigital\strassenads.com\system\CodeIgniter.php(825): App\Controllers\Business->searchEngine()
#2 C:\xampp\htdocs\DesarrolloDigital\strassenads.com\system\CodeIgniter.php(412): CodeIgniter\CodeIgniter->runController(Object(App\Controllers\Business))
#3 C:\xampp\htdocs\DesarrolloDigital\strassenads.com\system\CodeIgniter.php(320): CodeIgniter\CodeIgniter->handleRequest(NULL, Object(Config\Cache), false)
#4 C:\xampp\htdocs\DesarrolloDigital\strassenads.com\index.php(37): CodeIgniter\CodeIgniter->run()
#5 {main}
CRITICAL - 2023-02-03 16:04:03 --> Undefined variable $session
#0 C:\xampp\htdocs\DesarrolloDigital\strassenads.com\app\Controllers\Business.php(371): CodeIgniter\Debug\Exceptions->errorHandler(2, 'Undefined varia...', 'C:\\xampp\\htdocs...', 371)
#1 C:\xampp\htdocs\DesarrolloDigital\strassenads.com\system\CodeIgniter.php(825): App\Controllers\Business->searchEngine()
#2 C:\xampp\htdocs\DesarrolloDigital\strassenads.com\system\CodeIgniter.php(412): CodeIgniter\CodeIgniter->runController(Object(App\Controllers\Business))
#3 C:\xampp\htdocs\DesarrolloDigital\strassenads.com\system\CodeIgniter.php(320): CodeIgniter\CodeIgniter->handleRequest(NULL, Object(Config\Cache), false)
#4 C:\xampp\htdocs\DesarrolloDigital\strassenads.com\index.php(37): CodeIgniter\CodeIgniter->run()
#5 {main}
CRITICAL - 2023-02-03 16:04:12 --> Undefined variable $session
#0 C:\xampp\htdocs\DesarrolloDigital\strassenads.com\app\Controllers\Business.php(371): CodeIgniter\Debug\Exceptions->errorHandler(2, 'Undefined varia...', 'C:\\xampp\\htdocs...', 371)
#1 C:\xampp\htdocs\DesarrolloDigital\strassenads.com\system\CodeIgniter.php(825): App\Controllers\Business->searchEngine()
#2 C:\xampp\htdocs\DesarrolloDigital\strassenads.com\system\CodeIgniter.php(412): CodeIgniter\CodeIgniter->runController(Object(App\Controllers\Business))
#3 C:\xampp\htdocs\DesarrolloDigital\strassenads.com\system\CodeIgniter.php(320): CodeIgniter\CodeIgniter->handleRequest(NULL, Object(Config\Cache), false)
#4 C:\xampp\htdocs\DesarrolloDigital\strassenads.com\index.php(37): CodeIgniter\CodeIgniter->run()
#5 {main}
CRITICAL - 2023-02-03 16:04:22 --> Undefined variable $session
#0 C:\xampp\htdocs\DesarrolloDigital\strassenads.com\app\Controllers\Business.php(371): CodeIgniter\Debug\Exceptions->errorHandler(2, 'Undefined varia...', 'C:\\xampp\\htdocs...', 371)
#1 C:\xampp\htdocs\DesarrolloDigital\strassenads.com\system\CodeIgniter.php(825): App\Controllers\Business->searchEngine()
#2 C:\xampp\htdocs\DesarrolloDigital\strassenads.com\system\CodeIgniter.php(412): CodeIgniter\CodeIgniter->runController(Object(App\Controllers\Business))
#3 C:\xampp\htdocs\DesarrolloDigital\strassenads.com\system\CodeIgniter.php(320): CodeIgniter\CodeIgniter->handleRequest(NULL, Object(Config\Cache), false)
#4 C:\xampp\htdocs\DesarrolloDigital\strassenads.com\index.php(37): CodeIgniter\CodeIgniter->run()
#5 {main}
CRITICAL - 2023-02-03 16:05:21 --> end() expects exactly 1 argument, 0 given
#0 C:\xampp\htdocs\DesarrolloDigital\strassenads.com\app\Controllers\Business.php(371): end()
#1 C:\xampp\htdocs\DesarrolloDigital\strassenads.com\system\CodeIgniter.php(825): App\Controllers\Business->searchEngine()
#2 C:\xampp\htdocs\DesarrolloDigital\strassenads.com\system\CodeIgniter.php(412): CodeIgniter\CodeIgniter->runController(Object(App\Controllers\Business))
#3 C:\xampp\htdocs\DesarrolloDigital\strassenads.com\system\CodeIgniter.php(320): CodeIgniter\CodeIgniter->handleRequest(NULL, Object(Config\Cache), false)
#4 C:\xampp\htdocs\DesarrolloDigital\strassenads.com\index.php(37): CodeIgniter\CodeIgniter->run()
#5 {main}
CRITICAL - 2023-02-03 16:05:42 --> end() expects exactly 1 argument, 0 given
#0 C:\xampp\htdocs\DesarrolloDigital\strassenads.com\app\Controllers\Business.php(371): end()
#1 C:\xampp\htdocs\DesarrolloDigital\strassenads.com\system\CodeIgniter.php(825): App\Controllers\Business->searchEngine()
#2 C:\xampp\htdocs\DesarrolloDigital\strassenads.com\system\CodeIgniter.php(412): CodeIgniter\CodeIgniter->runController(Object(App\Controllers\Business))
#3 C:\xampp\htdocs\DesarrolloDigital\strassenads.com\system\CodeIgniter.php(320): CodeIgniter\CodeIgniter->handleRequest(NULL, Object(Config\Cache), false)
#4 C:\xampp\htdocs\DesarrolloDigital\strassenads.com\index.php(37): CodeIgniter\CodeIgniter->run()
#5 {main}
CRITICAL - 2023-02-03 16:05:53 --> Undefined constant "App\Controllers\end"
#0 C:\xampp\htdocs\DesarrolloDigital\strassenads.com\system\CodeIgniter.php(825): App\Controllers\Business->searchEngine()
#1 C:\xampp\htdocs\DesarrolloDigital\strassenads.com\system\CodeIgniter.php(412): CodeIgniter\CodeIgniter->runController(Object(App\Controllers\Business))
#2 C:\xampp\htdocs\DesarrolloDigital\strassenads.com\system\CodeIgniter.php(320): CodeIgniter\CodeIgniter->handleRequest(NULL, Object(Config\Cache), false)
#3 C:\xampp\htdocs\DesarrolloDigital\strassenads.com\index.php(37): CodeIgniter\CodeIgniter->run()
#4 {main}
CRITICAL - 2023-02-03 16:06:01 --> Undefined variable $session
#0 C:\xampp\htdocs\DesarrolloDigital\strassenads.com\app\Controllers\Business.php(374): CodeIgniter\Debug\Exceptions->errorHandler(2, 'Undefined varia...', 'C:\\xampp\\htdocs...', 374)
#1 C:\xampp\htdocs\DesarrolloDigital\strassenads.com\system\CodeIgniter.php(825): App\Controllers\Business->searchEngine()
#2 C:\xampp\htdocs\DesarrolloDigital\strassenads.com\system\CodeIgniter.php(412): CodeIgniter\CodeIgniter->runController(Object(App\Controllers\Business))
#3 C:\xampp\htdocs\DesarrolloDigital\strassenads.com\system\CodeIgniter.php(320): CodeIgniter\CodeIgniter->handleRequest(NULL, Object(Config\Cache), false)
#4 C:\xampp\htdocs\DesarrolloDigital\strassenads.com\index.php(37): CodeIgniter\CodeIgniter->run()
#5 {main}
CRITICAL - 2023-02-03 16:06:36 --> Undefined variable $session
#0 C:\xampp\htdocs\DesarrolloDigital\strassenads.com\app\Controllers\Business.php(374): CodeIgniter\Debug\Exceptions->errorHandler(2, 'Undefined varia...', 'C:\\xampp\\htdocs...', 374)
#1 C:\xampp\htdocs\DesarrolloDigital\strassenads.com\system\CodeIgniter.php(825): App\Controllers\Business->searchEngine()
#2 C:\xampp\htdocs\DesarrolloDigital\strassenads.com\system\CodeIgniter.php(412): CodeIgniter\CodeIgniter->runController(Object(App\Controllers\Business))
#3 C:\xampp\htdocs\DesarrolloDigital\strassenads.com\system\CodeIgniter.php(320): CodeIgniter\CodeIgniter->handleRequest(NULL, Object(Config\Cache), false)
#4 C:\xampp\htdocs\DesarrolloDigital\strassenads.com\index.php(37): CodeIgniter\CodeIgniter->run()
#5 {main}
CRITICAL - 2023-02-03 16:07:20 --> Undefined variable $country
#0 C:\xampp\htdocs\DesarrolloDigital\strassenads.com\app\Controllers\Business.php(389): CodeIgniter\Debug\Exceptions->errorHandler(2, 'Undefined varia...', 'C:\\xampp\\htdocs...', 389)
#1 C:\xampp\htdocs\DesarrolloDigital\strassenads.com\system\CodeIgniter.php(825): App\Controllers\Business->searchEngine()
#2 C:\xampp\htdocs\DesarrolloDigital\strassenads.com\system\CodeIgniter.php(412): CodeIgniter\CodeIgniter->runController(Object(App\Controllers\Business))
#3 C:\xampp\htdocs\DesarrolloDigital\strassenads.com\system\CodeIgniter.php(320): CodeIgniter\CodeIgniter->handleRequest(NULL, Object(Config\Cache), false)
#4 C:\xampp\htdocs\DesarrolloDigital\strassenads.com\index.php(37): CodeIgniter\CodeIgniter->run()
#5 {main}
CRITICAL - 2023-02-03 16:08:06 --> Undefined variable $db
#0 C:\xampp\htdocs\DesarrolloDigital\strassenads.com\app\Controllers\Business.php(391): CodeIgniter\Debug\Exceptions->errorHandler(2, 'Undefined varia...', 'C:\\xampp\\htdocs...', 391)
#1 C:\xampp\htdocs\DesarrolloDigital\strassenads.com\system\CodeIgniter.php(825): App\Controllers\Business->searchEngine()
#2 C:\xampp\htdocs\DesarrolloDigital\strassenads.com\system\CodeIgniter.php(412): CodeIgniter\CodeIgniter->runController(Object(App\Controllers\Business))
#3 C:\xampp\htdocs\DesarrolloDigital\strassenads.com\system\CodeIgniter.php(320): CodeIgniter\CodeIgniter->handleRequest(NULL, Object(Config\Cache), false)
#4 C:\xampp\htdocs\DesarrolloDigital\strassenads.com\index.php(37): CodeIgniter\CodeIgniter->run()
#5 {main}
