ERROR - 2022-04-08 06:11:39 --> Error connecting to the database: Unknown database 'mybussinesslist'
CRITICAL - 2022-04-08 06:11:39 --> Unable to connect to the database.
Main connection [MySQLi]: Unknown database 'mybussinesslist'
#0 C:\xampp\htdocs\CodeIgniter\Milistadeempresas.com\system\Database\BaseConnection.php(577): CodeIgniter\Database\BaseConnection->initialize()
#1 C:\xampp\htdocs\CodeIgniter\Milistadeempresas.com\system\Database\BaseBuilder.php(1455): CodeIgniter\Database\BaseConnection->query('SELECT *\nFROM `...', Array, false)
#2 C:\xampp\htdocs\CodeIgniter\Milistadeempresas.com\system\Model.php(183): CodeIgniter\Database\BaseBuilder->get()
#3 C:\xampp\htdocs\CodeIgniter\Milistadeempresas.com\system\BaseModel.php(584): CodeIgniter\Model->doFindAll(0, 0)
#4 C:\xampp\htdocs\CodeIgniter\Milistadeempresas.com\app\Controllers\Home.php(11): CodeIgniter\BaseModel->findAll()
#5 C:\xampp\htdocs\CodeIgniter\Milistadeempresas.com\system\CodeIgniter.php(825): App\Controllers\Home->index()
#6 C:\xampp\htdocs\CodeIgniter\Milistadeempresas.com\system\CodeIgniter.php(412): CodeIgniter\CodeIgniter->runController(Object(App\Controllers\Home))
#7 C:\xampp\htdocs\CodeIgniter\Milistadeempresas.com\system\CodeIgniter.php(320): CodeIgniter\CodeIgniter->handleRequest(NULL, Object(Config\Cache), false)
#8 C:\xampp\htdocs\CodeIgniter\Milistadeempresas.com\index.php(37): CodeIgniter\CodeIgniter->run()
#9 {main}
ERROR - 2022-04-08 06:13:26 --> Error connecting to the database: Unknown database 'mybussinesslist'
CRITICAL - 2022-04-08 06:13:26 --> Unable to connect to the database.
Main connection [MySQLi]: Unknown database 'mybussinesslist'
#0 C:\xampp\htdocs\CodeIgniter\Milistadeempresas.com\system\Database\BaseConnection.php(577): CodeIgniter\Database\BaseConnection->initialize()
#1 C:\xampp\htdocs\CodeIgniter\Milistadeempresas.com\system\Database\BaseBuilder.php(1455): CodeIgniter\Database\BaseConnection->query('SELECT *\nFROM `...', Array, false)
#2 C:\xampp\htdocs\CodeIgniter\Milistadeempresas.com\system\Model.php(183): CodeIgniter\Database\BaseBuilder->get()
#3 C:\xampp\htdocs\CodeIgniter\Milistadeempresas.com\system\BaseModel.php(584): CodeIgniter\Model->doFindAll(0, 0)
#4 C:\xampp\htdocs\CodeIgniter\Milistadeempresas.com\app\Controllers\Home.php(11): CodeIgniter\BaseModel->findAll()
#5 C:\xampp\htdocs\CodeIgniter\Milistadeempresas.com\system\CodeIgniter.php(825): App\Controllers\Home->index()
#6 C:\xampp\htdocs\CodeIgniter\Milistadeempresas.com\system\CodeIgniter.php(412): CodeIgniter\CodeIgniter->runController(Object(App\Controllers\Home))
#7 C:\xampp\htdocs\CodeIgniter\Milistadeempresas.com\system\CodeIgniter.php(320): CodeIgniter\CodeIgniter->handleRequest(NULL, Object(Config\Cache), false)
#8 C:\xampp\htdocs\CodeIgniter\Milistadeempresas.com\index.php(37): CodeIgniter\CodeIgniter->run()
#9 {main}
CRITICAL - 2022-04-08 08:04:03 --> Invalid file: template/header.php
#0 C:\xampp\htdocs\CodeIgniter\Milistadeempresas.com\system\View\View.php(198): CodeIgniter\Exceptions\FrameworkException::forInvalidFile('template/header...')
#1 C:\xampp\htdocs\CodeIgniter\Milistadeempresas.com\system\Common.php(1089): CodeIgniter\View\View->render('template/header', Array, true)
#2 C:\xampp\htdocs\CodeIgniter\Milistadeempresas.com\app\Controllers\UserController.php(11): view('template/header', Array)
#3 C:\xampp\htdocs\CodeIgniter\Milistadeempresas.com\system\CodeIgniter.php(825): App\Controllers\UserController->dashboard()
#4 C:\xampp\htdocs\CodeIgniter\Milistadeempresas.com\system\CodeIgniter.php(412): CodeIgniter\CodeIgniter->runController(Object(App\Controllers\UserController))
#5 C:\xampp\htdocs\CodeIgniter\Milistadeempresas.com\system\CodeIgniter.php(320): CodeIgniter\CodeIgniter->handleRequest(NULL, Object(Config\Cache), false)
#6 C:\xampp\htdocs\CodeIgniter\Milistadeempresas.com\index.php(37): CodeIgniter\CodeIgniter->run()
#7 {main}
CRITICAL - 2022-04-08 09:18:15 --> syntax error, unexpected 'echo' (T_ECHO)
#0 C:\xampp\htdocs\CodeIgniter\Milistadeempresas.com\system\View\View.php(213): CodeIgniter\View\View->CodeIgniter\View\{closure}()
#1 C:\xampp\htdocs\CodeIgniter\Milistadeempresas.com\system\Common.php(1089): CodeIgniter\View\View->render('index', Array, true)
#2 C:\xampp\htdocs\CodeIgniter\Milistadeempresas.com\app\Controllers\Home.php(18): view('index', Array)
#3 C:\xampp\htdocs\CodeIgniter\Milistadeempresas.com\system\CodeIgniter.php(825): App\Controllers\Home->index()
#4 C:\xampp\htdocs\CodeIgniter\Milistadeempresas.com\system\CodeIgniter.php(412): CodeIgniter\CodeIgniter->runController(Object(App\Controllers\Home))
#5 C:\xampp\htdocs\CodeIgniter\Milistadeempresas.com\system\CodeIgniter.php(320): CodeIgniter\CodeIgniter->handleRequest(NULL, Object(Config\Cache), false)
#6 C:\xampp\htdocs\CodeIgniter\Milistadeempresas.com\index.php(37): CodeIgniter\CodeIgniter->run()
#7 {main}
CRITICAL - 2022-04-08 14:52:08 --> Call to a member function where() on null
#0 C:\xampp\htdocs\CodeIgniter\Milistadeempresas.com\system\CodeIgniter.php(825): App\Controllers\Home->region('casanare')
#1 C:\xampp\htdocs\CodeIgniter\Milistadeempresas.com\system\CodeIgniter.php(412): CodeIgniter\CodeIgniter->runController(Object(App\Controllers\Home))
#2 C:\xampp\htdocs\CodeIgniter\Milistadeempresas.com\system\CodeIgniter.php(320): CodeIgniter\CodeIgniter->handleRequest(NULL, Object(Config\Cache), false)
#3 C:\xampp\htdocs\CodeIgniter\Milistadeempresas.com\index.php(37): CodeIgniter\CodeIgniter->run()
#4 {main}
CRITICAL - 2022-04-08 14:52:34 --> Call to a member function where() on null
#0 C:\xampp\htdocs\CodeIgniter\Milistadeempresas.com\system\CodeIgniter.php(825): App\Controllers\Home->region('casanare')
#1 C:\xampp\htdocs\CodeIgniter\Milistadeempresas.com\system\CodeIgniter.php(412): CodeIgniter\CodeIgniter->runController(Object(App\Controllers\Home))
#2 C:\xampp\htdocs\CodeIgniter\Milistadeempresas.com\system\CodeIgniter.php(320): CodeIgniter\CodeIgniter->handleRequest(NULL, Object(Config\Cache), false)
#3 C:\xampp\htdocs\CodeIgniter\Milistadeempresas.com\index.php(37): CodeIgniter\CodeIgniter->run()
#4 {main}
CRITICAL - 2022-04-08 14:53:29 --> Call to a member function where() on null
#0 C:\xampp\htdocs\CodeIgniter\Milistadeempresas.com\system\CodeIgniter.php(825): App\Controllers\Home->region('casanare')
#1 C:\xampp\htdocs\CodeIgniter\Milistadeempresas.com\system\CodeIgniter.php(412): CodeIgniter\CodeIgniter->runController(Object(App\Controllers\Home))
#2 C:\xampp\htdocs\CodeIgniter\Milistadeempresas.com\system\CodeIgniter.php(320): CodeIgniter\CodeIgniter->handleRequest(NULL, Object(Config\Cache), false)
#3 C:\xampp\htdocs\CodeIgniter\Milistadeempresas.com\index.php(37): CodeIgniter\CodeIgniter->run()
#4 {main}
CRITICAL - 2022-04-08 15:48:06 --> Illegal string offset 'name'
#0 C:\xampp\htdocs\CodeIgniter\Milistadeempresas.com\app\Views\regions.php(287): CodeIgniter\Debug\Exceptions->errorHandler(2, 'Illegal string ...', 'C:\\xampp\\htdocs...', 287, Array)
#1 C:\xampp\htdocs\CodeIgniter\Milistadeempresas.com\system\View\View.php(210): include('C:\\xampp\\htdocs...')
#2 C:\xampp\htdocs\CodeIgniter\Milistadeempresas.com\system\View\View.php(213): CodeIgniter\View\View->CodeIgniter\View\{closure}()
#3 C:\xampp\htdocs\CodeIgniter\Milistadeempresas.com\system\Common.php(1089): CodeIgniter\View\View->render('regions', Array, true)
#4 C:\xampp\htdocs\CodeIgniter\Milistadeempresas.com\app\Controllers\Home.php(40): view('regions', Array)
#5 C:\xampp\htdocs\CodeIgniter\Milistadeempresas.com\system\CodeIgniter.php(825): App\Controllers\Home->region('quindio')
#6 C:\xampp\htdocs\CodeIgniter\Milistadeempresas.com\system\CodeIgniter.php(412): CodeIgniter\CodeIgniter->runController(Object(App\Controllers\Home))
#7 C:\xampp\htdocs\CodeIgniter\Milistadeempresas.com\system\CodeIgniter.php(320): CodeIgniter\CodeIgniter->handleRequest(NULL, Object(Config\Cache), false)
#8 C:\xampp\htdocs\CodeIgniter\Milistadeempresas.com\index.php(37): CodeIgniter\CodeIgniter->run()
#9 {main}
CRITICAL - 2022-04-08 15:49:55 --> Illegal string offset 'name'
#0 C:\xampp\htdocs\CodeIgniter\Milistadeempresas.com\app\Views\regions.php(287): CodeIgniter\Debug\Exceptions->errorHandler(2, 'Illegal string ...', 'C:\\xampp\\htdocs...', 287, Array)
#1 C:\xampp\htdocs\CodeIgniter\Milistadeempresas.com\system\View\View.php(210): include('C:\\xampp\\htdocs...')
#2 C:\xampp\htdocs\CodeIgniter\Milistadeempresas.com\system\View\View.php(213): CodeIgniter\View\View->CodeIgniter\View\{closure}()
#3 C:\xampp\htdocs\CodeIgniter\Milistadeempresas.com\system\Common.php(1089): CodeIgniter\View\View->render('regions', Array, true)
#4 C:\xampp\htdocs\CodeIgniter\Milistadeempresas.com\app\Controllers\Home.php(40): view('regions', Array)
#5 C:\xampp\htdocs\CodeIgniter\Milistadeempresas.com\system\CodeIgniter.php(825): App\Controllers\Home->region('quindio')
#6 C:\xampp\htdocs\CodeIgniter\Milistadeempresas.com\system\CodeIgniter.php(412): CodeIgniter\CodeIgniter->runController(Object(App\Controllers\Home))
#7 C:\xampp\htdocs\CodeIgniter\Milistadeempresas.com\system\CodeIgniter.php(320): CodeIgniter\CodeIgniter->handleRequest(NULL, Object(Config\Cache), false)
#8 C:\xampp\htdocs\CodeIgniter\Milistadeempresas.com\index.php(37): CodeIgniter\CodeIgniter->run()
#9 {main}
CRITICAL - 2022-04-08 15:50:45 --> Illegal string offset 'name'
#0 C:\xampp\htdocs\CodeIgniter\Milistadeempresas.com\app\Views\regions.php(287): CodeIgniter\Debug\Exceptions->errorHandler(2, 'Illegal string ...', 'C:\\xampp\\htdocs...', 287, Array)
#1 C:\xampp\htdocs\CodeIgniter\Milistadeempresas.com\system\View\View.php(210): include('C:\\xampp\\htdocs...')
#2 C:\xampp\htdocs\CodeIgniter\Milistadeempresas.com\system\View\View.php(213): CodeIgniter\View\View->CodeIgniter\View\{closure}()
#3 C:\xampp\htdocs\CodeIgniter\Milistadeempresas.com\system\Common.php(1089): CodeIgniter\View\View->render('regions', Array, true)
#4 C:\xampp\htdocs\CodeIgniter\Milistadeempresas.com\app\Controllers\Home.php(40): view('regions', Array)
#5 C:\xampp\htdocs\CodeIgniter\Milistadeempresas.com\system\CodeIgniter.php(825): App\Controllers\Home->region('quindio')
#6 C:\xampp\htdocs\CodeIgniter\Milistadeempresas.com\system\CodeIgniter.php(412): CodeIgniter\CodeIgniter->runController(Object(App\Controllers\Home))
#7 C:\xampp\htdocs\CodeIgniter\Milistadeempresas.com\system\CodeIgniter.php(320): CodeIgniter\CodeIgniter->handleRequest(NULL, Object(Config\Cache), false)
#8 C:\xampp\htdocs\CodeIgniter\Milistadeempresas.com\index.php(37): CodeIgniter\CodeIgniter->run()
#9 {main}
CRITICAL - 2022-04-08 15:52:38 --> Call to undefined method App\Models\BusinessModel::all
#0 C:\xampp\htdocs\CodeIgniter\Milistadeempresas.com\app\Controllers\Home.php(35): CodeIgniter\Model->__call('all', Array)
#1 C:\xampp\htdocs\CodeIgniter\Milistadeempresas.com\system\CodeIgniter.php(825): App\Controllers\Home->region('quindio')
#2 C:\xampp\htdocs\CodeIgniter\Milistadeempresas.com\system\CodeIgniter.php(412): CodeIgniter\CodeIgniter->runController(Object(App\Controllers\Home))
#3 C:\xampp\htdocs\CodeIgniter\Milistadeempresas.com\system\CodeIgniter.php(320): CodeIgniter\CodeIgniter->handleRequest(NULL, Object(Config\Cache), false)
#4 C:\xampp\htdocs\CodeIgniter\Milistadeempresas.com\index.php(37): CodeIgniter\CodeIgniter->run()
#5 {main}
CRITICAL - 2022-04-08 16:59:10 --> Call to a member function table() on null
#0 C:\xampp\htdocs\CodeIgniter\Milistadeempresas.com\system\CodeIgniter.php(825): App\Controllers\Home->region('quindio')
#1 C:\xampp\htdocs\CodeIgniter\Milistadeempresas.com\system\CodeIgniter.php(412): CodeIgniter\CodeIgniter->runController(Object(App\Controllers\Home))
#2 C:\xampp\htdocs\CodeIgniter\Milistadeempresas.com\system\CodeIgniter.php(320): CodeIgniter\CodeIgniter->handleRequest(NULL, Object(Config\Cache), false)
#3 C:\xampp\htdocs\CodeIgniter\Milistadeempresas.com\index.php(37): CodeIgniter\CodeIgniter->run()
#4 {main}
ERROR - 2022-04-08 16:59:39 --> Not unique table/alias: 'region'
ERROR - 2022-04-08 16:59:59 --> Not unique table/alias: 'region'
ERROR - 2022-04-08 17:00:13 --> Not unique table/alias: 'region'
ERROR - 2022-04-08 17:00:31 --> Not unique table/alias: 'region'
ERROR - 2022-04-08 17:07:20 --> Not unique table/alias: 'region'
ERROR - 2022-04-08 17:07:32 --> Not unique table/alias: 'region'
ERROR - 2022-04-08 17:07:44 --> Not unique table/alias: 'region'
CRITICAL - 2022-04-08 17:07:44 --> Object of class App\Models\RegionModel could not be converted to string
#0 C:\xampp\htdocs\CodeIgniter\Milistadeempresas.com\system\CodeIgniter.php(825): App\Controllers\Home->region('quindio')
#1 C:\xampp\htdocs\CodeIgniter\Milistadeempresas.com\system\CodeIgniter.php(412): CodeIgniter\CodeIgniter->runController(Object(App\Controllers\Home))
#2 C:\xampp\htdocs\CodeIgniter\Milistadeempresas.com\system\CodeIgniter.php(320): CodeIgniter\CodeIgniter->handleRequest(NULL, Object(Config\Cache), false)
#3 C:\xampp\htdocs\CodeIgniter\Milistadeempresas.com\index.php(37): CodeIgniter\CodeIgniter->run()
#4 {main}
ERROR - 2022-04-08 17:07:51 --> Not unique table/alias: 'region'
ERROR - 2022-04-08 17:08:05 --> Not unique table/alias: 'region'
CRITICAL - 2022-04-08 17:08:05 --> Call to a member function find() on bool
#0 C:\xampp\htdocs\CodeIgniter\Milistadeempresas.com\system\CodeIgniter.php(825): App\Controllers\Home->region('quindio')
#1 C:\xampp\htdocs\CodeIgniter\Milistadeempresas.com\system\CodeIgniter.php(412): CodeIgniter\CodeIgniter->runController(Object(App\Controllers\Home))
#2 C:\xampp\htdocs\CodeIgniter\Milistadeempresas.com\system\CodeIgniter.php(320): CodeIgniter\CodeIgniter->handleRequest(NULL, Object(Config\Cache), false)
#3 C:\xampp\htdocs\CodeIgniter\Milistadeempresas.com\index.php(37): CodeIgniter\CodeIgniter->run()
#4 {main}
ERROR - 2022-04-08 17:08:18 --> Not unique table/alias: 'region'
CRITICAL - 2022-04-08 17:12:01 --> Call to a member function table() on null
#0 C:\xampp\htdocs\CodeIgniter\Milistadeempresas.com\system\CodeIgniter.php(825): App\Controllers\Home->region('quindio')
#1 C:\xampp\htdocs\CodeIgniter\Milistadeempresas.com\system\CodeIgniter.php(412): CodeIgniter\CodeIgniter->runController(Object(App\Controllers\Home))
#2 C:\xampp\htdocs\CodeIgniter\Milistadeempresas.com\system\CodeIgniter.php(320): CodeIgniter\CodeIgniter->handleRequest(NULL, Object(Config\Cache), false)
#3 C:\xampp\htdocs\CodeIgniter\Milistadeempresas.com\index.php(37): CodeIgniter\CodeIgniter->run()
#4 {main}
ERROR - 2022-04-08 17:13:00 --> Unknown column 'region.state' in 'on clause'
CRITICAL - 2022-04-08 17:13:00 --> Call to undefined method CodeIgniter\Database\MySQLi\Builder::find()
#0 C:\xampp\htdocs\CodeIgniter\Milistadeempresas.com\system\CodeIgniter.php(825): App\Controllers\Home->region('quindio')
#1 C:\xampp\htdocs\CodeIgniter\Milistadeempresas.com\system\CodeIgniter.php(412): CodeIgniter\CodeIgniter->runController(Object(App\Controllers\Home))
#2 C:\xampp\htdocs\CodeIgniter\Milistadeempresas.com\system\CodeIgniter.php(320): CodeIgniter\CodeIgniter->handleRequest(NULL, Object(Config\Cache), false)
#3 C:\xampp\htdocs\CodeIgniter\Milistadeempresas.com\index.php(37): CodeIgniter\CodeIgniter->run()
#4 {main}
ERROR - 2022-04-08 17:14:00 --> Not unique table/alias: 'region'
CRITICAL - 2022-04-08 17:14:00 --> Call to a member function find() on null
#0 C:\xampp\htdocs\CodeIgniter\Milistadeempresas.com\system\CodeIgniter.php(825): App\Controllers\Home->region('quindio')
#1 C:\xampp\htdocs\CodeIgniter\Milistadeempresas.com\system\CodeIgniter.php(412): CodeIgniter\CodeIgniter->runController(Object(App\Controllers\Home))
#2 C:\xampp\htdocs\CodeIgniter\Milistadeempresas.com\system\CodeIgniter.php(320): CodeIgniter\CodeIgniter->handleRequest(NULL, Object(Config\Cache), false)
#3 C:\xampp\htdocs\CodeIgniter\Milistadeempresas.com\index.php(37): CodeIgniter\CodeIgniter->run()
#4 {main}
ERROR - 2022-04-08 17:14:11 --> Not unique table/alias: 'region'
CRITICAL - 2022-04-08 17:20:46 --> Call to undefined method App\Models\BusinessModel::getResult
#0 C:\xampp\htdocs\CodeIgniter\Milistadeempresas.com\app\Controllers\Home.php(42): CodeIgniter\Model->__call('getResult', Array)
#1 C:\xampp\htdocs\CodeIgniter\Milistadeempresas.com\system\CodeIgniter.php(825): App\Controllers\Home->region('quindio')
#2 C:\xampp\htdocs\CodeIgniter\Milistadeempresas.com\system\CodeIgniter.php(412): CodeIgniter\CodeIgniter->runController(Object(App\Controllers\Home))
#3 C:\xampp\htdocs\CodeIgniter\Milistadeempresas.com\system\CodeIgniter.php(320): CodeIgniter\CodeIgniter->handleRequest(NULL, Object(Config\Cache), false)
#4 C:\xampp\htdocs\CodeIgniter\Milistadeempresas.com\index.php(37): CodeIgniter\CodeIgniter->run()
#5 {main}
ERROR - 2022-04-08 17:24:57 --> Not unique table/alias: 'business'
ERROR - 2022-04-08 17:24:58 --> Not unique table/alias: 'business'
ERROR - 2022-04-08 17:24:59 --> Not unique table/alias: 'business'
