ERROR - 2022-05-19 08:26:21 --> Error connecting to the database: Access denied for user '****'@'localhost' (using password: NO)
CRITICAL - 2022-05-19 08:26:21 --> Unable to connect to the database.
Main connection [MySQLi]: Access denied for user '****'@'localhost' (using password: NO)
#0 /home/u561815069/domains/strassenads.com/public_html/system/Database/BaseConnection.php(577): CodeIgniter\Database\BaseConnection->initialize()
#1 /home/u561815069/domains/strassenads.com/public_html/system/Database/BaseBuilder.php(1455): CodeIgniter\Database\BaseConnection->query()
#2 /home/u561815069/domains/strassenads.com/public_html/system/Model.php(183): CodeIgniter\Database\BaseBuilder->get()
#3 /home/u561815069/domains/strassenads.com/public_html/system/BaseModel.php(584): CodeIgniter\Model->doFindAll()
#4 /home/u561815069/domains/strassenads.com/public_html/app/Controllers/Home.php(17): CodeIgniter\BaseModel->findAll()
#5 /home/u561815069/domains/strassenads.com/public_html/system/CodeIgniter.php(825): App\Controllers\Home->index()
#6 /home/u561815069/domains/strassenads.com/public_html/system/CodeIgniter.php(412): CodeIgniter\CodeIgniter->runController()
#7 /home/u561815069/domains/strassenads.com/public_html/system/CodeIgniter.php(320): CodeIgniter\CodeIgniter->handleRequest()
#8 /home/u561815069/domains/strassenads.com/public_html/index.php(37): CodeIgniter\CodeIgniter->run()
#9 {main}
ERROR - 2022-05-19 08:33:02 --> Error connecting to the database: Access denied for user '****'@'localhost' (using password: YES)
CRITICAL - 2022-05-19 08:33:02 --> Unable to connect to the database.
Main connection [MySQLi]: Access denied for user '****'@'localhost' (using password: YES)
#0 /home/u561815069/domains/strassenads.com/public_html/system/Database/BaseConnection.php(577): CodeIgniter\Database\BaseConnection->initialize()
#1 /home/u561815069/domains/strassenads.com/public_html/system/Database/BaseBuilder.php(1455): CodeIgniter\Database\BaseConnection->query()
#2 /home/u561815069/domains/strassenads.com/public_html/system/Model.php(183): CodeIgniter\Database\BaseBuilder->get()
#3 /home/u561815069/domains/strassenads.com/public_html/system/BaseModel.php(584): CodeIgniter\Model->doFindAll()
#4 /home/u561815069/domains/strassenads.com/public_html/app/Controllers/Home.php(17): CodeIgniter\BaseModel->findAll()
#5 /home/u561815069/domains/strassenads.com/public_html/system/CodeIgniter.php(825): App\Controllers\Home->index()
#6 /home/u561815069/domains/strassenads.com/public_html/system/CodeIgniter.php(412): CodeIgniter\CodeIgniter->runController()
#7 /home/u561815069/domains/strassenads.com/public_html/system/CodeIgniter.php(320): CodeIgniter\CodeIgniter->handleRequest()
#8 /home/u561815069/domains/strassenads.com/public_html/index.php(37): CodeIgniter\CodeIgniter->run()
#9 {main}
ERROR - 2022-05-19 08:33:17 --> Error connecting to the database: Access denied for user '****'@'localhost' (using password: YES)
CRITICAL - 2022-05-19 08:33:17 --> Unable to connect to the database.
Main connection [MySQLi]: Access denied for user '****'@'localhost' (using password: YES)
#0 /home/u561815069/domains/strassenads.com/public_html/system/Database/BaseConnection.php(577): CodeIgniter\Database\BaseConnection->initialize()
#1 /home/u561815069/domains/strassenads.com/public_html/system/Database/BaseBuilder.php(1455): CodeIgniter\Database\BaseConnection->query()
#2 /home/u561815069/domains/strassenads.com/public_html/system/Model.php(183): CodeIgniter\Database\BaseBuilder->get()
#3 /home/u561815069/domains/strassenads.com/public_html/system/BaseModel.php(584): CodeIgniter\Model->doFindAll()
#4 /home/u561815069/domains/strassenads.com/public_html/app/Controllers/Home.php(17): CodeIgniter\BaseModel->findAll()
#5 /home/u561815069/domains/strassenads.com/public_html/system/CodeIgniter.php(825): App\Controllers\Home->index()
#6 /home/u561815069/domains/strassenads.com/public_html/system/CodeIgniter.php(412): CodeIgniter\CodeIgniter->runController()
#7 /home/u561815069/domains/strassenads.com/public_html/system/CodeIgniter.php(320): CodeIgniter\CodeIgniter->handleRequest()
#8 /home/u561815069/domains/strassenads.com/public_html/index.php(37): CodeIgniter\CodeIgniter->run()
#9 {main}
ERROR - 2022-05-19 08:38:07 --> Error connecting to the database: Access denied for user '****'@'localhost' (using password: YES)
CRITICAL - 2022-05-19 08:38:07 --> Unable to connect to the database.
Main connection [MySQLi]: Access denied for user '****'@'localhost' (using password: YES)
#0 /home/u561815069/domains/strassenads.com/public_html/system/Database/BaseConnection.php(577): CodeIgniter\Database\BaseConnection->initialize()
#1 /home/u561815069/domains/strassenads.com/public_html/system/Database/BaseBuilder.php(1455): CodeIgniter\Database\BaseConnection->query()
#2 /home/u561815069/domains/strassenads.com/public_html/system/Model.php(183): CodeIgniter\Database\BaseBuilder->get()
#3 /home/u561815069/domains/strassenads.com/public_html/system/BaseModel.php(584): CodeIgniter\Model->doFindAll()
#4 /home/u561815069/domains/strassenads.com/public_html/app/Controllers/Home.php(17): CodeIgniter\BaseModel->findAll()
#5 /home/u561815069/domains/strassenads.com/public_html/system/CodeIgniter.php(825): App\Controllers\Home->index()
#6 /home/u561815069/domains/strassenads.com/public_html/system/CodeIgniter.php(412): CodeIgniter\CodeIgniter->runController()
#7 /home/u561815069/domains/strassenads.com/public_html/system/CodeIgniter.php(320): CodeIgniter\CodeIgniter->handleRequest()
#8 /home/u561815069/domains/strassenads.com/public_html/index.php(37): CodeIgniter\CodeIgniter->run()
#9 {main}
ERROR - 2022-05-19 08:41:15 --> Error connecting to the database: php_network_getaddresses: getaddrinfo failed: Name or service not known
CRITICAL - 2022-05-19 08:41:15 --> Unable to connect to the database.
Main connection [MySQLi]: php_network_getaddresses: getaddrinfo failed: Name or service not known
#0 /home/u561815069/domains/strassenads.com/public_html/system/Database/BaseConnection.php(577): CodeIgniter\Database\BaseConnection->initialize()
#1 /home/u561815069/domains/strassenads.com/public_html/system/Database/BaseBuilder.php(1455): CodeIgniter\Database\BaseConnection->query()
#2 /home/u561815069/domains/strassenads.com/public_html/system/Model.php(183): CodeIgniter\Database\BaseBuilder->get()
#3 /home/u561815069/domains/strassenads.com/public_html/system/BaseModel.php(584): CodeIgniter\Model->doFindAll()
#4 /home/u561815069/domains/strassenads.com/public_html/app/Controllers/Home.php(17): CodeIgniter\BaseModel->findAll()
#5 /home/u561815069/domains/strassenads.com/public_html/system/CodeIgniter.php(825): App\Controllers\Home->index()
#6 /home/u561815069/domains/strassenads.com/public_html/system/CodeIgniter.php(412): CodeIgniter\CodeIgniter->runController()
#7 /home/u561815069/domains/strassenads.com/public_html/system/CodeIgniter.php(320): CodeIgniter\CodeIgniter->handleRequest()
#8 /home/u561815069/domains/strassenads.com/public_html/index.php(37): CodeIgniter\CodeIgniter->run()
#9 {main}
ERROR - 2022-05-19 08:42:11 --> Error connecting to the database: Access denied for user '****'@'2a02:4780:a::24' (using password: YES)
CRITICAL - 2022-05-19 08:42:11 --> Unable to connect to the database.
Main connection [MySQLi]: Access denied for user '****'@'2a02:4780:a::24' (using password: YES)
#0 /home/u561815069/domains/strassenads.com/public_html/system/Database/BaseConnection.php(577): CodeIgniter\Database\BaseConnection->initialize()
#1 /home/u561815069/domains/strassenads.com/public_html/system/Database/BaseBuilder.php(1455): CodeIgniter\Database\BaseConnection->query()
#2 /home/u561815069/domains/strassenads.com/public_html/system/Model.php(183): CodeIgniter\Database\BaseBuilder->get()
#3 /home/u561815069/domains/strassenads.com/public_html/system/BaseModel.php(584): CodeIgniter\Model->doFindAll()
#4 /home/u561815069/domains/strassenads.com/public_html/app/Controllers/Home.php(17): CodeIgniter\BaseModel->findAll()
#5 /home/u561815069/domains/strassenads.com/public_html/system/CodeIgniter.php(825): App\Controllers\Home->index()
#6 /home/u561815069/domains/strassenads.com/public_html/system/CodeIgniter.php(412): CodeIgniter\CodeIgniter->runController()
#7 /home/u561815069/domains/strassenads.com/public_html/system/CodeIgniter.php(320): CodeIgniter\CodeIgniter->handleRequest()
#8 /home/u561815069/domains/strassenads.com/public_html/index.php(37): CodeIgniter\CodeIgniter->run()
#9 {main}
ERROR - 2022-05-19 08:42:13 --> Error connecting to the database: Access denied for user '****'@'2a02:4780:a::24' (using password: YES)
CRITICAL - 2022-05-19 08:42:13 --> Unable to connect to the database.
Main connection [MySQLi]: Access denied for user '****'@'2a02:4780:a::24' (using password: YES)
#0 /home/u561815069/domains/strassenads.com/public_html/system/Database/BaseConnection.php(577): CodeIgniter\Database\BaseConnection->initialize()
#1 /home/u561815069/domains/strassenads.com/public_html/system/Database/BaseBuilder.php(1455): CodeIgniter\Database\BaseConnection->query()
#2 /home/u561815069/domains/strassenads.com/public_html/system/Model.php(183): CodeIgniter\Database\BaseBuilder->get()
#3 /home/u561815069/domains/strassenads.com/public_html/system/BaseModel.php(584): CodeIgniter\Model->doFindAll()
#4 /home/u561815069/domains/strassenads.com/public_html/app/Controllers/Home.php(17): CodeIgniter\BaseModel->findAll()
#5 /home/u561815069/domains/strassenads.com/public_html/system/CodeIgniter.php(825): App\Controllers\Home->index()
#6 /home/u561815069/domains/strassenads.com/public_html/system/CodeIgniter.php(412): CodeIgniter\CodeIgniter->runController()
#7 /home/u561815069/domains/strassenads.com/public_html/system/CodeIgniter.php(320): CodeIgniter\CodeIgniter->handleRequest()
#8 /home/u561815069/domains/strassenads.com/public_html/index.php(37): CodeIgniter\CodeIgniter->run()
#9 {main}
ERROR - 2022-05-19 10:30:12 --> Error connecting to the database: Access denied for user '****'@'2a02:4780:a::24' (using password: YES)
CRITICAL - 2022-05-19 10:30:12 --> Unable to connect to the database.
Main connection [MySQLi]: Access denied for user '****'@'2a02:4780:a::24' (using password: YES)
#0 /home/u561815069/domains/strassenads.com/public_html/system/Database/BaseConnection.php(577): CodeIgniter\Database\BaseConnection->initialize()
#1 /home/u561815069/domains/strassenads.com/public_html/system/Database/BaseBuilder.php(1455): CodeIgniter\Database\BaseConnection->query()
#2 /home/u561815069/domains/strassenads.com/public_html/system/Model.php(183): CodeIgniter\Database\BaseBuilder->get()
#3 /home/u561815069/domains/strassenads.com/public_html/system/BaseModel.php(584): CodeIgniter\Model->doFindAll()
#4 /home/u561815069/domains/strassenads.com/public_html/app/Controllers/Home.php(17): CodeIgniter\BaseModel->findAll()
#5 /home/u561815069/domains/strassenads.com/public_html/system/CodeIgniter.php(825): App\Controllers\Home->index()
#6 /home/u561815069/domains/strassenads.com/public_html/system/CodeIgniter.php(412): CodeIgniter\CodeIgniter->runController()
#7 /home/u561815069/domains/strassenads.com/public_html/system/CodeIgniter.php(320): CodeIgniter\CodeIgniter->handleRequest()
#8 /home/u561815069/domains/strassenads.com/public_html/index.php(37): CodeIgniter\CodeIgniter->run()
#9 {main}
ERROR - 2022-05-19 10:42:44 --> Error connecting to the database: Access denied for user '****'@'2a02:4780:a::24' (using password: YES)
CRITICAL - 2022-05-19 10:42:44 --> Unable to connect to the database.
Main connection [MySQLi]: Access denied for user '****'@'2a02:4780:a::24' (using password: YES)
#0 /home/u561815069/domains/strassenads.com/public_html/system/Database/BaseConnection.php(577): CodeIgniter\Database\BaseConnection->initialize()
#1 /home/u561815069/domains/strassenads.com/public_html/system/Database/BaseBuilder.php(1455): CodeIgniter\Database\BaseConnection->query()
#2 /home/u561815069/domains/strassenads.com/public_html/system/Model.php(183): CodeIgniter\Database\BaseBuilder->get()
#3 /home/u561815069/domains/strassenads.com/public_html/system/BaseModel.php(584): CodeIgniter\Model->doFindAll()
#4 /home/u561815069/domains/strassenads.com/public_html/app/Controllers/Home.php(17): CodeIgniter\BaseModel->findAll()
#5 /home/u561815069/domains/strassenads.com/public_html/system/CodeIgniter.php(825): App\Controllers\Home->index()
#6 /home/u561815069/domains/strassenads.com/public_html/system/CodeIgniter.php(412): CodeIgniter\CodeIgniter->runController()
#7 /home/u561815069/domains/strassenads.com/public_html/system/CodeIgniter.php(320): CodeIgniter\CodeIgniter->handleRequest()
#8 /home/u561815069/domains/strassenads.com/public_html/index.php(37): CodeIgniter\CodeIgniter->run()
#9 {main}
ERROR - 2022-05-19 11:05:00 --> Error connecting to the database: Access denied for user '****'@'2a02:4780:a::24' (using password: YES)
CRITICAL - 2022-05-19 11:05:00 --> Unable to connect to the database.
Main connection [MySQLi]: Access denied for user '****'@'2a02:4780:a::24' (using password: YES)
#0 /home/u561815069/domains/strassenads.com/public_html/system/Database/BaseConnection.php(577): CodeIgniter\Database\BaseConnection->initialize()
#1 /home/u561815069/domains/strassenads.com/public_html/system/Database/BaseBuilder.php(1455): CodeIgniter\Database\BaseConnection->query()
#2 /home/u561815069/domains/strassenads.com/public_html/system/Model.php(183): CodeIgniter\Database\BaseBuilder->get()
#3 /home/u561815069/domains/strassenads.com/public_html/system/BaseModel.php(584): CodeIgniter\Model->doFindAll()
#4 /home/u561815069/domains/strassenads.com/public_html/app/Controllers/Home.php(17): CodeIgniter\BaseModel->findAll()
#5 /home/u561815069/domains/strassenads.com/public_html/system/CodeIgniter.php(825): App\Controllers\Home->index()
#6 /home/u561815069/domains/strassenads.com/public_html/system/CodeIgniter.php(412): CodeIgniter\CodeIgniter->runController()
#7 /home/u561815069/domains/strassenads.com/public_html/system/CodeIgniter.php(320): CodeIgniter\CodeIgniter->handleRequest()
#8 /home/u561815069/domains/strassenads.com/public_html/index.php(37): CodeIgniter\CodeIgniter->run()
#9 {main}
ERROR - 2022-05-19 11:53:12 --> Error connecting to the database: Access denied for user '****'@'2a02:4780:a::24' (using password: YES)
CRITICAL - 2022-05-19 11:53:12 --> Unable to connect to the database.
Main connection [MySQLi]: Access denied for user '****'@'2a02:4780:a::24' (using password: YES)
#0 /home/u561815069/domains/strassenads.com/public_html/system/Database/BaseConnection.php(577): CodeIgniter\Database\BaseConnection->initialize()
#1 /home/u561815069/domains/strassenads.com/public_html/system/Database/BaseBuilder.php(1455): CodeIgniter\Database\BaseConnection->query()
#2 /home/u561815069/domains/strassenads.com/public_html/system/Model.php(183): CodeIgniter\Database\BaseBuilder->get()
#3 /home/u561815069/domains/strassenads.com/public_html/system/BaseModel.php(584): CodeIgniter\Model->doFindAll()
#4 /home/u561815069/domains/strassenads.com/public_html/app/Controllers/Home.php(17): CodeIgniter\BaseModel->findAll()
#5 /home/u561815069/domains/strassenads.com/public_html/system/CodeIgniter.php(825): App\Controllers\Home->index()
#6 /home/u561815069/domains/strassenads.com/public_html/system/CodeIgniter.php(412): CodeIgniter\CodeIgniter->runController()
#7 /home/u561815069/domains/strassenads.com/public_html/system/CodeIgniter.php(320): CodeIgniter\CodeIgniter->handleRequest()
#8 /home/u561815069/domains/strassenads.com/public_html/index.php(37): CodeIgniter\CodeIgniter->run()
#9 {main}
ERROR - 2022-05-19 11:58:42 --> Error connecting to the database: php_network_getaddresses: getaddrinfo failed: Name or service not known
CRITICAL - 2022-05-19 11:58:42 --> Unable to connect to the database.
Main connection [MySQLi]: php_network_getaddresses: getaddrinfo failed: Name or service not known
#0 /home/u561815069/domains/strassenads.com/public_html/system/Database/BaseConnection.php(577): CodeIgniter\Database\BaseConnection->initialize()
#1 /home/u561815069/domains/strassenads.com/public_html/system/Database/BaseBuilder.php(1455): CodeIgniter\Database\BaseConnection->query()
#2 /home/u561815069/domains/strassenads.com/public_html/system/Model.php(183): CodeIgniter\Database\BaseBuilder->get()
#3 /home/u561815069/domains/strassenads.com/public_html/system/BaseModel.php(584): CodeIgniter\Model->doFindAll()
#4 /home/u561815069/domains/strassenads.com/public_html/app/Controllers/Home.php(17): CodeIgniter\BaseModel->findAll()
#5 /home/u561815069/domains/strassenads.com/public_html/system/CodeIgniter.php(825): App\Controllers\Home->index()
#6 /home/u561815069/domains/strassenads.com/public_html/system/CodeIgniter.php(412): CodeIgniter\CodeIgniter->runController()
#7 /home/u561815069/domains/strassenads.com/public_html/system/CodeIgniter.php(320): CodeIgniter\CodeIgniter->handleRequest()
#8 /home/u561815069/domains/strassenads.com/public_html/index.php(37): CodeIgniter\CodeIgniter->run()
#9 {main}
ERROR - 2022-05-19 11:59:14 --> Error connecting to the database: Access denied for user '****'@'localhost' (using password: YES)
CRITICAL - 2022-05-19 11:59:14 --> Unable to connect to the database.
Main connection [MySQLi]: Access denied for user '****'@'localhost' (using password: YES)
#0 /home/u561815069/domains/strassenads.com/public_html/system/Database/BaseConnection.php(577): CodeIgniter\Database\BaseConnection->initialize()
#1 /home/u561815069/domains/strassenads.com/public_html/system/Database/BaseBuilder.php(1455): CodeIgniter\Database\BaseConnection->query()
#2 /home/u561815069/domains/strassenads.com/public_html/system/Model.php(183): CodeIgniter\Database\BaseBuilder->get()
#3 /home/u561815069/domains/strassenads.com/public_html/system/BaseModel.php(584): CodeIgniter\Model->doFindAll()
#4 /home/u561815069/domains/strassenads.com/public_html/app/Controllers/Home.php(17): CodeIgniter\BaseModel->findAll()
#5 /home/u561815069/domains/strassenads.com/public_html/system/CodeIgniter.php(825): App\Controllers\Home->index()
#6 /home/u561815069/domains/strassenads.com/public_html/system/CodeIgniter.php(412): CodeIgniter\CodeIgniter->runController()
#7 /home/u561815069/domains/strassenads.com/public_html/system/CodeIgniter.php(320): CodeIgniter\CodeIgniter->handleRequest()
#8 /home/u561815069/domains/strassenads.com/public_html/index.php(37): CodeIgniter\CodeIgniter->run()
#9 {main}
ERROR - 2022-05-19 11:59:46 --> Error connecting to the database: Access denied for user '****'@'localhost' (using password: YES)
CRITICAL - 2022-05-19 11:59:46 --> Unable to connect to the database.
Main connection [MySQLi]: Access denied for user '****'@'localhost' (using password: YES)
#0 /home/u561815069/domains/strassenads.com/public_html/system/Database/BaseConnection.php(577): CodeIgniter\Database\BaseConnection->initialize()
#1 /home/u561815069/domains/strassenads.com/public_html/system/Database/BaseBuilder.php(1455): CodeIgniter\Database\BaseConnection->query()
#2 /home/u561815069/domains/strassenads.com/public_html/system/Model.php(183): CodeIgniter\Database\BaseBuilder->get()
#3 /home/u561815069/domains/strassenads.com/public_html/system/BaseModel.php(584): CodeIgniter\Model->doFindAll()
#4 /home/u561815069/domains/strassenads.com/public_html/app/Controllers/Home.php(17): CodeIgniter\BaseModel->findAll()
#5 /home/u561815069/domains/strassenads.com/public_html/system/CodeIgniter.php(825): App\Controllers\Home->index()
#6 /home/u561815069/domains/strassenads.com/public_html/system/CodeIgniter.php(412): CodeIgniter\CodeIgniter->runController()
#7 /home/u561815069/domains/strassenads.com/public_html/system/CodeIgniter.php(320): CodeIgniter\CodeIgniter->handleRequest()
#8 /home/u561815069/domains/strassenads.com/public_html/index.php(37): CodeIgniter\CodeIgniter->run()
#9 {main}
CRITICAL - 2022-05-19 12:02:04 --> Class "Config\Database" not found
#0 /home/u561815069/domains/strassenads.com/public_html/system/CodeIgniter.php(825): App\Controllers\Home->index()
#1 /home/u561815069/domains/strassenads.com/public_html/system/CodeIgniter.php(412): CodeIgniter\CodeIgniter->runController()
#2 /home/u561815069/domains/strassenads.com/public_html/system/CodeIgniter.php(320): CodeIgniter\CodeIgniter->handleRequest()
#3 /home/u561815069/domains/strassenads.com/public_html/index.php(37): CodeIgniter\CodeIgniter->run()
#4 {main}
ERROR - 2022-05-19 12:02:38 --> Error connecting to the database: php_network_getaddresses: getaddrinfo failed: Name or service not known
CRITICAL - 2022-05-19 12:02:38 --> Unable to connect to the database.
Main connection [MySQLi]: php_network_getaddresses: getaddrinfo failed: Name or service not known
#0 /home/u561815069/domains/strassenads.com/public_html/system/Database/BaseConnection.php(577): CodeIgniter\Database\BaseConnection->initialize()
#1 /home/u561815069/domains/strassenads.com/public_html/system/Database/BaseBuilder.php(1455): CodeIgniter\Database\BaseConnection->query()
#2 /home/u561815069/domains/strassenads.com/public_html/system/Model.php(183): CodeIgniter\Database\BaseBuilder->get()
#3 /home/u561815069/domains/strassenads.com/public_html/system/BaseModel.php(584): CodeIgniter\Model->doFindAll()
#4 /home/u561815069/domains/strassenads.com/public_html/app/Controllers/Home.php(17): CodeIgniter\BaseModel->findAll()
#5 /home/u561815069/domains/strassenads.com/public_html/system/CodeIgniter.php(825): App\Controllers\Home->index()
#6 /home/u561815069/domains/strassenads.com/public_html/system/CodeIgniter.php(412): CodeIgniter\CodeIgniter->runController()
#7 /home/u561815069/domains/strassenads.com/public_html/system/CodeIgniter.php(320): CodeIgniter\CodeIgniter->handleRequest()
#8 /home/u561815069/domains/strassenads.com/public_html/index.php(37): CodeIgniter\CodeIgniter->run()
#9 {main}
CRITICAL - 2022-05-19 14:47:15 --> Undefined variable $data_context
#0 /home/u561815069/domains/strassenads.com/public_html/app/Views/frontend/header.php(45): CodeIgniter\Debug\Exceptions->errorHandler()
#1 /home/u561815069/domains/strassenads.com/public_html/system/View/View.php(210): include('/home/u56181506...')
#2 /home/u561815069/domains/strassenads.com/public_html/system/View/View.php(213): CodeIgniter\View\View->CodeIgniter\View\{closure}()
#3 /home/u561815069/domains/strassenads.com/public_html/system/Common.php(1089): CodeIgniter\View\View->render()
#4 /home/u561815069/domains/strassenads.com/public_html/app/Controllers/Home.php(326): view()
#5 /home/u561815069/domains/strassenads.com/public_html/system/CodeIgniter.php(825): App\Controllers\Home->morestate()
#6 /home/u561815069/domains/strassenads.com/public_html/system/CodeIgniter.php(412): CodeIgniter\CodeIgniter->runController()
#7 /home/u561815069/domains/strassenads.com/public_html/system/CodeIgniter.php(320): CodeIgniter\CodeIgniter->handleRequest()
#8 /home/u561815069/domains/strassenads.com/public_html/index.php(37): CodeIgniter\CodeIgniter->run()
#9 {main}
CRITICAL - 2022-05-19 14:47:54 --> Undefined variable $data_context
#0 /home/u561815069/domains/strassenads.com/public_html/app/Views/frontend/header.php(45): CodeIgniter\Debug\Exceptions->errorHandler()
#1 /home/u561815069/domains/strassenads.com/public_html/system/View/View.php(210): include('/home/u56181506...')
#2 /home/u561815069/domains/strassenads.com/public_html/system/View/View.php(213): CodeIgniter\View\View->CodeIgniter\View\{closure}()
#3 /home/u561815069/domains/strassenads.com/public_html/system/Common.php(1089): CodeIgniter\View\View->render()
#4 /home/u561815069/domains/strassenads.com/public_html/app/Controllers/Home.php(326): view()
#5 /home/u561815069/domains/strassenads.com/public_html/system/CodeIgniter.php(825): App\Controllers\Home->morestate()
#6 /home/u561815069/domains/strassenads.com/public_html/system/CodeIgniter.php(412): CodeIgniter\CodeIgniter->runController()
#7 /home/u561815069/domains/strassenads.com/public_html/system/CodeIgniter.php(320): CodeIgniter\CodeIgniter->handleRequest()
#8 /home/u561815069/domains/strassenads.com/public_html/index.php(37): CodeIgniter\CodeIgniter->run()
#9 {main}
CRITICAL - 2022-05-19 14:48:19 --> Undefined variable $city_id
#0 /home/u561815069/domains/strassenads.com/public_html/app/Controllers/Home.php(189): CodeIgniter\Debug\Exceptions->errorHandler()
#1 /home/u561815069/domains/strassenads.com/public_html/system/CodeIgniter.php(825): App\Controllers\Home->category()
#2 /home/u561815069/domains/strassenads.com/public_html/system/CodeIgniter.php(412): CodeIgniter\CodeIgniter->runController()
#3 /home/u561815069/domains/strassenads.com/public_html/system/CodeIgniter.php(320): CodeIgniter\CodeIgniter->handleRequest()
#4 /home/u561815069/domains/strassenads.com/public_html/index.php(37): CodeIgniter\CodeIgniter->run()
#5 {main}
CRITICAL - 2022-05-19 14:50:23 --> Undefined variable $city_id
#0 /home/u561815069/domains/strassenads.com/public_html/app/Controllers/Home.php(189): CodeIgniter\Debug\Exceptions->errorHandler()
#1 /home/u561815069/domains/strassenads.com/public_html/system/CodeIgniter.php(825): App\Controllers\Home->category()
#2 /home/u561815069/domains/strassenads.com/public_html/system/CodeIgniter.php(412): CodeIgniter\CodeIgniter->runController()
#3 /home/u561815069/domains/strassenads.com/public_html/system/CodeIgniter.php(320): CodeIgniter\CodeIgniter->handleRequest()
#4 /home/u561815069/domains/strassenads.com/public_html/index.php(37): CodeIgniter\CodeIgniter->run()
#5 {main}
CRITICAL - 2022-05-19 14:51:06 --> Undefined variable $city_id
#0 /home/u561815069/domains/strassenads.com/public_html/app/Controllers/Home.php(189): CodeIgniter\Debug\Exceptions->errorHandler()
#1 /home/u561815069/domains/strassenads.com/public_html/system/CodeIgniter.php(825): App\Controllers\Home->category()
#2 /home/u561815069/domains/strassenads.com/public_html/system/CodeIgniter.php(412): CodeIgniter\CodeIgniter->runController()
#3 /home/u561815069/domains/strassenads.com/public_html/system/CodeIgniter.php(320): CodeIgniter\CodeIgniter->handleRequest()
#4 /home/u561815069/domains/strassenads.com/public_html/index.php(37): CodeIgniter\CodeIgniter->run()
#5 {main}
CRITICAL - 2022-05-19 14:53:26 --> Undefined variable $cities
#0 /home/u561815069/domains/strassenads.com/public_html/app/Views/list_business.php(35): CodeIgniter\Debug\Exceptions->errorHandler()
#1 /home/u561815069/domains/strassenads.com/public_html/system/View/View.php(210): include('/home/u56181506...')
#2 /home/u561815069/domains/strassenads.com/public_html/system/View/View.php(213): CodeIgniter\View\View->CodeIgniter\View\{closure}()
#3 /home/u561815069/domains/strassenads.com/public_html/system/Common.php(1089): CodeIgniter\View\View->render()
#4 /home/u561815069/domains/strassenads.com/public_html/app/Controllers/Home.php(228): view()
#5 /home/u561815069/domains/strassenads.com/public_html/system/CodeIgniter.php(825): App\Controllers\Home->category()
#6 /home/u561815069/domains/strassenads.com/public_html/system/CodeIgniter.php(412): CodeIgniter\CodeIgniter->runController()
#7 /home/u561815069/domains/strassenads.com/public_html/system/CodeIgniter.php(320): CodeIgniter\CodeIgniter->handleRequest()
#8 /home/u561815069/domains/strassenads.com/public_html/index.php(37): CodeIgniter\CodeIgniter->run()
#9 {main}
CRITICAL - 2022-05-19 14:54:36 --> Undefined array key "region"
#0 /home/u561815069/domains/strassenads.com/public_html/app/Controllers/Home.php(192): CodeIgniter\Debug\Exceptions->errorHandler()
#1 /home/u561815069/domains/strassenads.com/public_html/system/CodeIgniter.php(825): App\Controllers\Home->category()
#2 /home/u561815069/domains/strassenads.com/public_html/system/CodeIgniter.php(412): CodeIgniter\CodeIgniter->runController()
#3 /home/u561815069/domains/strassenads.com/public_html/system/CodeIgniter.php(320): CodeIgniter\CodeIgniter->handleRequest()
#4 /home/u561815069/domains/strassenads.com/public_html/index.php(37): CodeIgniter\CodeIgniter->run()
#5 {main}
CRITICAL - 2022-05-19 14:54:54 --> Undefined array key "region"
#0 /home/u561815069/domains/strassenads.com/public_html/app/Controllers/Home.php(192): CodeIgniter\Debug\Exceptions->errorHandler()
#1 /home/u561815069/domains/strassenads.com/public_html/system/CodeIgniter.php(825): App\Controllers\Home->category()
#2 /home/u561815069/domains/strassenads.com/public_html/system/CodeIgniter.php(412): CodeIgniter\CodeIgniter->runController()
#3 /home/u561815069/domains/strassenads.com/public_html/system/CodeIgniter.php(320): CodeIgniter\CodeIgniter->handleRequest()
#4 /home/u561815069/domains/strassenads.com/public_html/index.php(37): CodeIgniter\CodeIgniter->run()
#5 {main}
CRITICAL - 2022-05-19 17:53:01 --> Undefined variable $cities
#0 /home/u561815069/domains/strassenads.com/public_html/app/Views/search.php(35): CodeIgniter\Debug\Exceptions->errorHandler()
#1 /home/u561815069/domains/strassenads.com/public_html/system/View/View.php(210): include('/home/u56181506...')
#2 /home/u561815069/domains/strassenads.com/public_html/system/View/View.php(213): CodeIgniter\View\View->CodeIgniter\View\{closure}()
#3 /home/u561815069/domains/strassenads.com/public_html/system/Common.php(1089): CodeIgniter\View\View->render()
#4 /home/u561815069/domains/strassenads.com/public_html/app/Controllers/Home.php(421): view()
#5 /home/u561815069/domains/strassenads.com/public_html/system/CodeIgniter.php(825): App\Controllers\Home->search()
#6 /home/u561815069/domains/strassenads.com/public_html/system/CodeIgniter.php(412): CodeIgniter\CodeIgniter->runController()
#7 /home/u561815069/domains/strassenads.com/public_html/system/CodeIgniter.php(320): CodeIgniter\CodeIgniter->handleRequest()
#8 /home/u561815069/domains/strassenads.com/public_html/index.php(37): CodeIgniter\CodeIgniter->run()
#9 {main}
