CRITICAL - 2022-04-21 09:45:23 --> Attempt to assign property 'countBusiness' of non-object
#0 C:\xampp\htdocs\CodeIgniter\Milistadeempresas.com\app\Controllers\Home.php(49): CodeIgniter\Debug\Exceptions->errorHandler(2, 'Attempt to assi...', 'C:\\xampp\\htdocs...', 49, Array)
#1 C:\xampp\htdocs\CodeIgniter\Milistadeempresas.com\system\CodeIgniter.php(825): App\Controllers\Home->region('quindio')
#2 C:\xampp\htdocs\CodeIgniter\Milistadeempresas.com\system\CodeIgniter.php(412): CodeIgniter\CodeIgniter->runController(Object(App\Controllers\Home))
#3 C:\xampp\htdocs\CodeIgniter\Milistadeempresas.com\system\CodeIgniter.php(320): CodeIgniter\CodeIgniter->handleRequest(NULL, Object(Config\Cache), false)
#4 C:\xampp\htdocs\CodeIgniter\Milistadeempresas.com\index.php(37): CodeIgniter\CodeIgniter->run()
#5 {main}
ERROR - 2022-04-21 17:30:56 --> Unknown column 'business.short_name' in 'field list'
CRITICAL - 2022-04-21 17:30:57 --> Call to a member function getResult() on bool
#0 C:\xampp\htdocs\CodeIgniter\Milistadeempresas.com\system\CodeIgniter.php(825): App\Controllers\Home->category('restaurantes')
#1 C:\xampp\htdocs\CodeIgniter\Milistadeempresas.com\system\CodeIgniter.php(412): CodeIgniter\CodeIgniter->runController(Object(App\Controllers\Home))
#2 C:\xampp\htdocs\CodeIgniter\Milistadeempresas.com\system\CodeIgniter.php(320): CodeIgniter\CodeIgniter->handleRequest(NULL, Object(Config\Cache), false)
#3 C:\xampp\htdocs\CodeIgniter\Milistadeempresas.com\index.php(37): CodeIgniter\CodeIgniter->run()
#4 {main}
ERROR - 2022-04-21 18:26:35 --> Unknown column 'position' in 'order clause'
CRITICAL - 2022-04-21 18:26:35 --> Call to a member function getResult() on bool
#0 C:\xampp\htdocs\CodeIgniter\Milistadeempresas.com\system\BaseModel.php(584): CodeIgniter\Model->doFindAll(0, 0)
#1 C:\xampp\htdocs\CodeIgniter\Milistadeempresas.com\app\Controllers\Home.php(157): CodeIgniter\BaseModel->findAll()
#2 C:\xampp\htdocs\CodeIgniter\Milistadeempresas.com\system\CodeIgniter.php(825): App\Controllers\Home->getBusiness('bogotana_de_piz...')
#3 C:\xampp\htdocs\CodeIgniter\Milistadeempresas.com\system\CodeIgniter.php(412): CodeIgniter\CodeIgniter->runController(Object(App\Controllers\Home))
#4 C:\xampp\htdocs\CodeIgniter\Milistadeempresas.com\system\CodeIgniter.php(320): CodeIgniter\CodeIgniter->handleRequest(NULL, Object(Config\Cache), false)
#5 C:\xampp\htdocs\CodeIgniter\Milistadeempresas.com\index.php(37): CodeIgniter\CodeIgniter->run()
#6 {main}
ERROR - 2022-04-21 19:04:57 --> Unknown column 'position' in 'order clause'
CRITICAL - 2022-04-21 19:04:57 --> Call to a member function getResult() on bool
#0 C:\xampp\htdocs\CodeIgniter\Milistadeempresas.com\system\BaseModel.php(584): CodeIgniter\Model->doFindAll(0, 0)
#1 C:\xampp\htdocs\CodeIgniter\Milistadeempresas.com\app\Controllers\Home.php(157): CodeIgniter\BaseModel->findAll()
#2 C:\xampp\htdocs\CodeIgniter\Milistadeempresas.com\system\CodeIgniter.php(825): App\Controllers\Home->getBusiness('bogotana_de_piz...')
#3 C:\xampp\htdocs\CodeIgniter\Milistadeempresas.com\system\CodeIgniter.php(412): CodeIgniter\CodeIgniter->runController(Object(App\Controllers\Home))
#4 C:\xampp\htdocs\CodeIgniter\Milistadeempresas.com\system\CodeIgniter.php(320): CodeIgniter\CodeIgniter->handleRequest(NULL, Object(Config\Cache), false)
#5 C:\xampp\htdocs\CodeIgniter\Milistadeempresas.com\index.php(37): CodeIgniter\CodeIgniter->run()
#6 {main}
CRITICAL - 2022-04-21 19:16:46 -->  route cannot be found while reverse-routing.
#0 C:\xampp\htdocs\CodeIgniter\Milistadeempresas.com\system\HTTP\RedirectResponse.php(56): CodeIgniter\HTTP\Exceptions\HTTPException::forInvalidRedirectRoute('')
#1 C:\xampp\htdocs\CodeIgniter\Milistadeempresas.com\system\Common.php(832): CodeIgniter\HTTP\RedirectResponse->route(false)
#2 C:\xampp\htdocs\CodeIgniter\Milistadeempresas.com\app\Controllers\Home.php(160): redirect('HomeController', 'index')
#3 C:\xampp\htdocs\CodeIgniter\Milistadeempresas.com\system\CodeIgniter.php(825): App\Controllers\Home->getBusiness('bogotana_de_piz...')
#4 C:\xampp\htdocs\CodeIgniter\Milistadeempresas.com\system\CodeIgniter.php(412): CodeIgniter\CodeIgniter->runController(Object(App\Controllers\Home))
#5 C:\xampp\htdocs\CodeIgniter\Milistadeempresas.com\system\CodeIgniter.php(320): CodeIgniter\CodeIgniter->handleRequest(NULL, Object(Config\Cache), false)
#6 C:\xampp\htdocs\CodeIgniter\Milistadeempresas.com\index.php(37): CodeIgniter\CodeIgniter->run()
#7 {main}
CRITICAL - 2022-04-21 19:17:05 -->  route cannot be found while reverse-routing.
#0 C:\xampp\htdocs\CodeIgniter\Milistadeempresas.com\system\HTTP\RedirectResponse.php(56): CodeIgniter\HTTP\Exceptions\HTTPException::forInvalidRedirectRoute('')
#1 C:\xampp\htdocs\CodeIgniter\Milistadeempresas.com\system\Common.php(832): CodeIgniter\HTTP\RedirectResponse->route(false)
#2 C:\xampp\htdocs\CodeIgniter\Milistadeempresas.com\app\Controllers\Home.php(160): redirect('Home', 'index')
#3 C:\xampp\htdocs\CodeIgniter\Milistadeempresas.com\system\CodeIgniter.php(825): App\Controllers\Home->getBusiness('bogotana_de_piz...')
#4 C:\xampp\htdocs\CodeIgniter\Milistadeempresas.com\system\CodeIgniter.php(412): CodeIgniter\CodeIgniter->runController(Object(App\Controllers\Home))
#5 C:\xampp\htdocs\CodeIgniter\Milistadeempresas.com\system\CodeIgniter.php(320): CodeIgniter\CodeIgniter->handleRequest(NULL, Object(Config\Cache), false)
#6 C:\xampp\htdocs\CodeIgniter\Milistadeempresas.com\index.php(37): CodeIgniter\CodeIgniter->run()
#7 {main}
