ERROR - 2022-04-01 07:45:54 --> Column 'name' cannot be null
ERROR - 2022-04-01 07:59:22 --> Unknown column 'user_email' in 'where clause'
CRITICAL - 2022-04-01 07:59:22 --> Call to a member function getFirstRow() on bool
#0 C:\xampp\htdocs\Projects2022\PHP\Projects\CodeigniterBase\system\BaseModel.php(622): CodeIgniter\Model->doFirst()
#1 C:\xampp\htdocs\Projects2022\PHP\Projects\CodeigniterBase\app\Controllers\UserController.php(83): CodeIgniter\BaseModel->first()
#2 C:\xampp\htdocs\Projects2022\PHP\Projects\CodeigniterBase\system\CodeIgniter.php(825): App\Controllers\UserController->login()
#3 C:\xampp\htdocs\Projects2022\PHP\Projects\CodeigniterBase\system\CodeIgniter.php(412): CodeIgniter\CodeIgniter->runController(Object(App\Controllers\UserController))
#4 C:\xampp\htdocs\Projects2022\PHP\Projects\CodeigniterBase\system\CodeIgniter.php(320): CodeIgniter\CodeIgniter->handleRequest(NULL, Object(Config\Cache), false)
#5 C:\xampp\htdocs\Projects2022\PHP\Projects\CodeigniterBase\index.php(37): CodeIgniter\CodeIgniter->run()
#6 {main}
CRITICAL - 2022-04-01 12:25:45 --> Call to a member function get() on null
#0 C:\xampp\htdocs\Projects2022\PHP\Projects\CodeigniterBase\system\View\View.php(210): include()
#1 C:\xampp\htdocs\Projects2022\PHP\Projects\CodeigniterBase\system\View\View.php(213): CodeIgniter\View\View->CodeIgniter\View\{closure}()
#2 C:\xampp\htdocs\Projects2022\PHP\Projects\CodeigniterBase\system\Common.php(1089): CodeIgniter\View\View->render('admin/user_view', Array, true)
#3 C:\xampp\htdocs\Projects2022\PHP\Projects\CodeigniterBase\app\Controllers\UserController.php(19): view('admin/user_view', Array)
#4 C:\xampp\htdocs\Projects2022\PHP\Projects\CodeigniterBase\system\CodeIgniter.php(825): App\Controllers\UserController->index()
#5 C:\xampp\htdocs\Projects2022\PHP\Projects\CodeigniterBase\system\CodeIgniter.php(412): CodeIgniter\CodeIgniter->runController(Object(App\Controllers\UserController))
#6 C:\xampp\htdocs\Projects2022\PHP\Projects\CodeigniterBase\system\CodeIgniter.php(320): CodeIgniter\CodeIgniter->handleRequest(NULL, Object(Config\Cache), false)
#7 C:\xampp\htdocs\Projects2022\PHP\Projects\CodeigniterBase\index.php(37): CodeIgniter\CodeIgniter->run()
#8 {main}
CRITICAL - 2022-04-01 12:26:10 --> Call to a member function get() on null
#0 C:\xampp\htdocs\Projects2022\PHP\Projects\CodeigniterBase\system\View\View.php(210): include()
#1 C:\xampp\htdocs\Projects2022\PHP\Projects\CodeigniterBase\system\View\View.php(213): CodeIgniter\View\View->CodeIgniter\View\{closure}()
#2 C:\xampp\htdocs\Projects2022\PHP\Projects\CodeigniterBase\system\Common.php(1089): CodeIgniter\View\View->render('admin/user_view', Array, true)
#3 C:\xampp\htdocs\Projects2022\PHP\Projects\CodeigniterBase\app\Controllers\UserController.php(19): view('admin/user_view', Array)
#4 C:\xampp\htdocs\Projects2022\PHP\Projects\CodeigniterBase\system\CodeIgniter.php(825): App\Controllers\UserController->index()
#5 C:\xampp\htdocs\Projects2022\PHP\Projects\CodeigniterBase\system\CodeIgniter.php(412): CodeIgniter\CodeIgniter->runController(Object(App\Controllers\UserController))
#6 C:\xampp\htdocs\Projects2022\PHP\Projects\CodeigniterBase\system\CodeIgniter.php(320): CodeIgniter\CodeIgniter->handleRequest(NULL, Object(Config\Cache), false)
#7 C:\xampp\htdocs\Projects2022\PHP\Projects\CodeigniterBase\index.php(37): CodeIgniter\CodeIgniter->run()
#8 {main}
CRITICAL - 2022-04-01 12:27:32 --> Call to a member function get() on null
#0 C:\xampp\htdocs\Projects2022\PHP\Projects\CodeigniterBase\system\View\View.php(210): include()
#1 C:\xampp\htdocs\Projects2022\PHP\Projects\CodeigniterBase\system\View\View.php(213): CodeIgniter\View\View->CodeIgniter\View\{closure}()
#2 C:\xampp\htdocs\Projects2022\PHP\Projects\CodeigniterBase\system\Common.php(1089): CodeIgniter\View\View->render('admin/dashboard', Array, true)
#3 C:\xampp\htdocs\Projects2022\PHP\Projects\CodeigniterBase\app\Controllers\UserController.php(10): view('admin/dashboard')
#4 C:\xampp\htdocs\Projects2022\PHP\Projects\CodeigniterBase\system\CodeIgniter.php(825): App\Controllers\UserController->dashboard()
#5 C:\xampp\htdocs\Projects2022\PHP\Projects\CodeigniterBase\system\CodeIgniter.php(412): CodeIgniter\CodeIgniter->runController(Object(App\Controllers\UserController))
#6 C:\xampp\htdocs\Projects2022\PHP\Projects\CodeigniterBase\system\CodeIgniter.php(320): CodeIgniter\CodeIgniter->handleRequest(NULL, Object(Config\Cache), false)
#7 C:\xampp\htdocs\Projects2022\PHP\Projects\CodeigniterBase\index.php(37): CodeIgniter\CodeIgniter->run()
#8 {main}
CRITICAL - 2022-04-01 12:29:49 --> Call to a member function get() on null
#0 C:\xampp\htdocs\Projects2022\PHP\Projects\CodeigniterBase\system\View\View.php(210): include()
#1 C:\xampp\htdocs\Projects2022\PHP\Projects\CodeigniterBase\system\View\View.php(213): CodeIgniter\View\View->CodeIgniter\View\{closure}()
#2 C:\xampp\htdocs\Projects2022\PHP\Projects\CodeigniterBase\system\Common.php(1089): CodeIgniter\View\View->render('admin/dashboard', Array, true)
#3 C:\xampp\htdocs\Projects2022\PHP\Projects\CodeigniterBase\app\Controllers\UserController.php(10): view('admin/dashboard')
#4 C:\xampp\htdocs\Projects2022\PHP\Projects\CodeigniterBase\system\CodeIgniter.php(825): App\Controllers\UserController->dashboard()
#5 C:\xampp\htdocs\Projects2022\PHP\Projects\CodeigniterBase\system\CodeIgniter.php(412): CodeIgniter\CodeIgniter->runController(Object(App\Controllers\UserController))
#6 C:\xampp\htdocs\Projects2022\PHP\Projects\CodeigniterBase\system\CodeIgniter.php(320): CodeIgniter\CodeIgniter->handleRequest(NULL, Object(Config\Cache), false)
#7 C:\xampp\htdocs\Projects2022\PHP\Projects\CodeigniterBase\index.php(37): CodeIgniter\CodeIgniter->run()
#8 {main}
CRITICAL - 2022-04-01 12:30:54 --> syntax error, unexpected '(', expecting identifier (T_STRING) or variable (T_VARIABLE) or '{' or '$'
#0 C:\xampp\htdocs\Projects2022\PHP\Projects\CodeigniterBase\system\View\View.php(213): CodeIgniter\View\View->CodeIgniter\View\{closure}()
#1 C:\xampp\htdocs\Projects2022\PHP\Projects\CodeigniterBase\system\Common.php(1089): CodeIgniter\View\View->render('admin/dashboard', Array, true)
#2 C:\xampp\htdocs\Projects2022\PHP\Projects\CodeigniterBase\app\Controllers\UserController.php(10): view('admin/dashboard')
#3 C:\xampp\htdocs\Projects2022\PHP\Projects\CodeigniterBase\system\CodeIgniter.php(825): App\Controllers\UserController->dashboard()
#4 C:\xampp\htdocs\Projects2022\PHP\Projects\CodeigniterBase\system\CodeIgniter.php(412): CodeIgniter\CodeIgniter->runController(Object(App\Controllers\UserController))
#5 C:\xampp\htdocs\Projects2022\PHP\Projects\CodeigniterBase\system\CodeIgniter.php(320): CodeIgniter\CodeIgniter->handleRequest(NULL, Object(Config\Cache), false)
#6 C:\xampp\htdocs\Projects2022\PHP\Projects\CodeigniterBase\index.php(37): CodeIgniter\CodeIgniter->run()
#7 {main}
CRITICAL - 2022-04-01 12:31:10 --> Call to a member function get() on null
#0 C:\xampp\htdocs\Projects2022\PHP\Projects\CodeigniterBase\system\View\View.php(210): include()
#1 C:\xampp\htdocs\Projects2022\PHP\Projects\CodeigniterBase\system\View\View.php(213): CodeIgniter\View\View->CodeIgniter\View\{closure}()
#2 C:\xampp\htdocs\Projects2022\PHP\Projects\CodeigniterBase\system\Common.php(1089): CodeIgniter\View\View->render('admin/dashboard', Array, true)
#3 C:\xampp\htdocs\Projects2022\PHP\Projects\CodeigniterBase\app\Controllers\UserController.php(10): view('admin/dashboard')
#4 C:\xampp\htdocs\Projects2022\PHP\Projects\CodeigniterBase\system\CodeIgniter.php(825): App\Controllers\UserController->dashboard()
#5 C:\xampp\htdocs\Projects2022\PHP\Projects\CodeigniterBase\system\CodeIgniter.php(412): CodeIgniter\CodeIgniter->runController(Object(App\Controllers\UserController))
#6 C:\xampp\htdocs\Projects2022\PHP\Projects\CodeigniterBase\system\CodeIgniter.php(320): CodeIgniter\CodeIgniter->handleRequest(NULL, Object(Config\Cache), false)
#7 C:\xampp\htdocs\Projects2022\PHP\Projects\CodeigniterBase\index.php(37): CodeIgniter\CodeIgniter->run()
#8 {main}
CRITICAL - 2022-04-01 12:36:42 --> Call to a member function get() on null
#0 C:\xampp\htdocs\Projects2022\PHP\Projects\CodeigniterBase\system\View\View.php(210): include()
#1 C:\xampp\htdocs\Projects2022\PHP\Projects\CodeigniterBase\system\View\View.php(213): CodeIgniter\View\View->CodeIgniter\View\{closure}()
#2 C:\xampp\htdocs\Projects2022\PHP\Projects\CodeigniterBase\system\Common.php(1089): CodeIgniter\View\View->render('admin/dashboard', Array, true)
#3 C:\xampp\htdocs\Projects2022\PHP\Projects\CodeigniterBase\app\Controllers\UserController.php(10): view('admin/dashboard')
#4 C:\xampp\htdocs\Projects2022\PHP\Projects\CodeigniterBase\system\CodeIgniter.php(825): App\Controllers\UserController->dashboard()
#5 C:\xampp\htdocs\Projects2022\PHP\Projects\CodeigniterBase\system\CodeIgniter.php(412): CodeIgniter\CodeIgniter->runController(Object(App\Controllers\UserController))
#6 C:\xampp\htdocs\Projects2022\PHP\Projects\CodeigniterBase\system\CodeIgniter.php(320): CodeIgniter\CodeIgniter->handleRequest(NULL, Object(Config\Cache), false)
#7 C:\xampp\htdocs\Projects2022\PHP\Projects\CodeigniterBase\index.php(37): CodeIgniter\CodeIgniter->run()
#8 {main}
CRITICAL - 2022-04-01 12:44:29 --> Call to a member function start() on null
#0 C:\xampp\htdocs\Projects2022\PHP\Projects\CodeigniterBase\system\View\View.php(210): include()
#1 C:\xampp\htdocs\Projects2022\PHP\Projects\CodeigniterBase\system\View\View.php(213): CodeIgniter\View\View->CodeIgniter\View\{closure}()
#2 C:\xampp\htdocs\Projects2022\PHP\Projects\CodeigniterBase\system\Common.php(1089): CodeIgniter\View\View->render('admin/dashboard', Array, true)
#3 C:\xampp\htdocs\Projects2022\PHP\Projects\CodeigniterBase\app\Controllers\UserController.php(10): view('admin/dashboard')
#4 C:\xampp\htdocs\Projects2022\PHP\Projects\CodeigniterBase\system\CodeIgniter.php(825): App\Controllers\UserController->dashboard()
#5 C:\xampp\htdocs\Projects2022\PHP\Projects\CodeigniterBase\system\CodeIgniter.php(412): CodeIgniter\CodeIgniter->runController(Object(App\Controllers\UserController))
#6 C:\xampp\htdocs\Projects2022\PHP\Projects\CodeigniterBase\system\CodeIgniter.php(320): CodeIgniter\CodeIgniter->handleRequest(NULL, Object(Config\Cache), false)
#7 C:\xampp\htdocs\Projects2022\PHP\Projects\CodeigniterBase\index.php(37): CodeIgniter\CodeIgniter->run()
#8 {main}
CRITICAL - 2022-04-01 12:48:04 --> Call to a member function start() on null
#0 C:\xampp\htdocs\Projects2022\PHP\Projects\CodeigniterBase\system\View\View.php(210): include()
#1 C:\xampp\htdocs\Projects2022\PHP\Projects\CodeigniterBase\system\View\View.php(213): CodeIgniter\View\View->CodeIgniter\View\{closure}()
#2 C:\xampp\htdocs\Projects2022\PHP\Projects\CodeigniterBase\system\Common.php(1089): CodeIgniter\View\View->render('admin/dashboard', Array, true)
#3 C:\xampp\htdocs\Projects2022\PHP\Projects\CodeigniterBase\app\Controllers\UserController.php(10): view('admin/dashboard')
#4 C:\xampp\htdocs\Projects2022\PHP\Projects\CodeigniterBase\system\CodeIgniter.php(825): App\Controllers\UserController->dashboard()
#5 C:\xampp\htdocs\Projects2022\PHP\Projects\CodeigniterBase\system\CodeIgniter.php(412): CodeIgniter\CodeIgniter->runController(Object(App\Controllers\UserController))
#6 C:\xampp\htdocs\Projects2022\PHP\Projects\CodeigniterBase\system\CodeIgniter.php(320): CodeIgniter\CodeIgniter->handleRequest(NULL, Object(Config\Cache), false)
#7 C:\xampp\htdocs\Projects2022\PHP\Projects\CodeigniterBase\index.php(37): CodeIgniter\CodeIgniter->run()
#8 {main}
CRITICAL - 2022-04-01 12:48:33 --> Call to a member function start() on null
#0 C:\xampp\htdocs\Projects2022\PHP\Projects\CodeigniterBase\system\View\View.php(210): include()
#1 C:\xampp\htdocs\Projects2022\PHP\Projects\CodeigniterBase\system\View\View.php(213): CodeIgniter\View\View->CodeIgniter\View\{closure}()
#2 C:\xampp\htdocs\Projects2022\PHP\Projects\CodeigniterBase\system\Common.php(1089): CodeIgniter\View\View->render('admin/dashboard', Array, true)
#3 C:\xampp\htdocs\Projects2022\PHP\Projects\CodeigniterBase\app\Controllers\UserController.php(10): view('admin/dashboard')
#4 C:\xampp\htdocs\Projects2022\PHP\Projects\CodeigniterBase\system\CodeIgniter.php(825): App\Controllers\UserController->dashboard()
#5 C:\xampp\htdocs\Projects2022\PHP\Projects\CodeigniterBase\system\CodeIgniter.php(412): CodeIgniter\CodeIgniter->runController(Object(App\Controllers\UserController))
#6 C:\xampp\htdocs\Projects2022\PHP\Projects\CodeigniterBase\system\CodeIgniter.php(320): CodeIgniter\CodeIgniter->handleRequest(NULL, Object(Config\Cache), false)
#7 C:\xampp\htdocs\Projects2022\PHP\Projects\CodeigniterBase\index.php(37): CodeIgniter\CodeIgniter->run()
#8 {main}
CRITICAL - 2022-04-01 12:49:30 --> Call to a member function get() on null
#0 C:\xampp\htdocs\Projects2022\PHP\Projects\CodeigniterBase\system\View\View.php(210): include()
#1 C:\xampp\htdocs\Projects2022\PHP\Projects\CodeigniterBase\system\View\View.php(213): CodeIgniter\View\View->CodeIgniter\View\{closure}()
#2 C:\xampp\htdocs\Projects2022\PHP\Projects\CodeigniterBase\system\Common.php(1089): CodeIgniter\View\View->render('admin/dashboard', Array, true)
#3 C:\xampp\htdocs\Projects2022\PHP\Projects\CodeigniterBase\app\Controllers\UserController.php(10): view('admin/dashboard')
#4 C:\xampp\htdocs\Projects2022\PHP\Projects\CodeigniterBase\system\CodeIgniter.php(825): App\Controllers\UserController->dashboard()
#5 C:\xampp\htdocs\Projects2022\PHP\Projects\CodeigniterBase\system\CodeIgniter.php(412): CodeIgniter\CodeIgniter->runController(Object(App\Controllers\UserController))
#6 C:\xampp\htdocs\Projects2022\PHP\Projects\CodeigniterBase\system\CodeIgniter.php(320): CodeIgniter\CodeIgniter->handleRequest(NULL, Object(Config\Cache), false)
#7 C:\xampp\htdocs\Projects2022\PHP\Projects\CodeigniterBase\index.php(37): CodeIgniter\CodeIgniter->run()
#8 {main}
CRITICAL - 2022-04-01 12:50:08 --> Call to a member function get() on null
#0 C:\xampp\htdocs\Projects2022\PHP\Projects\CodeigniterBase\system\View\View.php(210): include()
#1 C:\xampp\htdocs\Projects2022\PHP\Projects\CodeigniterBase\system\View\View.php(213): CodeIgniter\View\View->CodeIgniter\View\{closure}()
#2 C:\xampp\htdocs\Projects2022\PHP\Projects\CodeigniterBase\system\Common.php(1089): CodeIgniter\View\View->render('admin/dashboard', Array, true)
#3 C:\xampp\htdocs\Projects2022\PHP\Projects\CodeigniterBase\app\Controllers\UserController.php(11): view('admin/dashboard')
#4 C:\xampp\htdocs\Projects2022\PHP\Projects\CodeigniterBase\system\CodeIgniter.php(825): App\Controllers\UserController->dashboard()
#5 C:\xampp\htdocs\Projects2022\PHP\Projects\CodeigniterBase\system\CodeIgniter.php(412): CodeIgniter\CodeIgniter->runController(Object(App\Controllers\UserController))
#6 C:\xampp\htdocs\Projects2022\PHP\Projects\CodeigniterBase\system\CodeIgniter.php(320): CodeIgniter\CodeIgniter->handleRequest(NULL, Object(Config\Cache), false)
#7 C:\xampp\htdocs\Projects2022\PHP\Projects\CodeigniterBase\index.php(37): CodeIgniter\CodeIgniter->run()
#8 {main}
CRITICAL - 2022-04-01 12:50:40 --> Call to a member function get() on null
#0 C:\xampp\htdocs\Projects2022\PHP\Projects\CodeigniterBase\system\View\View.php(210): include()
#1 C:\xampp\htdocs\Projects2022\PHP\Projects\CodeigniterBase\system\View\View.php(213): CodeIgniter\View\View->CodeIgniter\View\{closure}()
#2 C:\xampp\htdocs\Projects2022\PHP\Projects\CodeigniterBase\system\Common.php(1089): CodeIgniter\View\View->render('admin/dashboard', Array, true)
#3 C:\xampp\htdocs\Projects2022\PHP\Projects\CodeigniterBase\app\Controllers\UserController.php(11): view('admin/dashboard')
#4 C:\xampp\htdocs\Projects2022\PHP\Projects\CodeigniterBase\system\CodeIgniter.php(825): App\Controllers\UserController->dashboard()
#5 C:\xampp\htdocs\Projects2022\PHP\Projects\CodeigniterBase\system\CodeIgniter.php(412): CodeIgniter\CodeIgniter->runController(Object(App\Controllers\UserController))
#6 C:\xampp\htdocs\Projects2022\PHP\Projects\CodeigniterBase\system\CodeIgniter.php(320): CodeIgniter\CodeIgniter->handleRequest(NULL, Object(Config\Cache), false)
#7 C:\xampp\htdocs\Projects2022\PHP\Projects\CodeigniterBase\index.php(37): CodeIgniter\CodeIgniter->run()
#8 {main}
CRITICAL - 2022-04-01 17:51:38 --> Call to a member function get() on null
#0 C:\xampp\htdocs\Projects2022\PHP\Projects\CodeigniterBase\system\CodeIgniter.php(825): App\Controllers\UserController->dashboard()
#1 C:\xampp\htdocs\Projects2022\PHP\Projects\CodeigniterBase\system\CodeIgniter.php(412): CodeIgniter\CodeIgniter->runController(Object(App\Controllers\UserController))
#2 C:\xampp\htdocs\Projects2022\PHP\Projects\CodeigniterBase\system\CodeIgniter.php(320): CodeIgniter\CodeIgniter->handleRequest(NULL, Object(Config\Cache), false)
#3 C:\xampp\htdocs\Projects2022\PHP\Projects\CodeigniterBase\index.php(37): CodeIgniter\CodeIgniter->run()
#4 {main}
CRITICAL - 2022-04-01 18:47:59 --> Call to a member function get() on null
#0 C:\xampp\htdocs\Projects2022\PHP\Projects\CodeigniterBase\system\CodeIgniter.php(825): App\Controllers\UserController->dashboard()
#1 C:\xampp\htdocs\Projects2022\PHP\Projects\CodeigniterBase\system\CodeIgniter.php(412): CodeIgniter\CodeIgniter->runController(Object(App\Controllers\UserController))
#2 C:\xampp\htdocs\Projects2022\PHP\Projects\CodeigniterBase\system\CodeIgniter.php(320): CodeIgniter\CodeIgniter->handleRequest(NULL, Object(Config\Cache), false)
#3 C:\xampp\htdocs\Projects2022\PHP\Projects\CodeigniterBase\index.php(37): CodeIgniter\CodeIgniter->run()
#4 {main}
