ERROR - 2022-04-06 06:32:38 --> Error connecting to the database: Unknown database 'mybussinesslist'
CRITICAL - 2022-04-06 06:32:38 --> Unable to connect to the database.
Main connection [MySQLi]: Unknown database 'mybussinesslist'
#0 C:\xampp\htdocs\CodeIgniter\Milistadeempresas.com\system\Database\BaseConnection.php(577): CodeIgniter\Database\BaseConnection->initialize()
#1 C:\xampp\htdocs\CodeIgniter\Milistadeempresas.com\system\Database\BaseBuilder.php(1455): CodeIgniter\Database\BaseConnection->query('SELECT *\nFROM `...', Array, false)
#2 C:\xampp\htdocs\CodeIgniter\Milistadeempresas.com\system\Model.php(183): CodeIgniter\Database\BaseBuilder->get()
#3 C:\xampp\htdocs\CodeIgniter\Milistadeempresas.com\system\BaseModel.php(584): CodeIgniter\Model->doFindAll(0, 0)
#4 C:\xampp\htdocs\CodeIgniter\Milistadeempresas.com\app\Controllers\UserController.php(22): CodeIgniter\BaseModel->findAll()
#5 C:\xampp\htdocs\CodeIgniter\Milistadeempresas.com\system\CodeIgniter.php(825): App\Controllers\UserController->index()
#6 C:\xampp\htdocs\CodeIgniter\Milistadeempresas.com\system\CodeIgniter.php(412): CodeIgniter\CodeIgniter->runController(Object(App\Controllers\UserController))
#7 C:\xampp\htdocs\CodeIgniter\Milistadeempresas.com\system\CodeIgniter.php(320): CodeIgniter\CodeIgniter->handleRequest(NULL, Object(Config\Cache), false)
#8 C:\xampp\htdocs\CodeIgniter\Milistadeempresas.com\index.php(37): CodeIgniter\CodeIgniter->run()
#9 {main}
ERROR - 2022-04-06 06:33:09 --> Error connecting to the database: Unknown database 'mybussinesslist'
CRITICAL - 2022-04-06 06:33:09 --> Unable to connect to the database.
Main connection [MySQLi]: Unknown database 'mybussinesslist'
#0 C:\xampp\htdocs\CodeIgniter\Milistadeempresas.com\system\Database\BaseConnection.php(577): CodeIgniter\Database\BaseConnection->initialize()
#1 C:\xampp\htdocs\CodeIgniter\Milistadeempresas.com\system\Database\BaseBuilder.php(1455): CodeIgniter\Database\BaseConnection->query('SELECT *\nFROM `...', Array, false)
#2 C:\xampp\htdocs\CodeIgniter\Milistadeempresas.com\system\Model.php(183): CodeIgniter\Database\BaseBuilder->get()
#3 C:\xampp\htdocs\CodeIgniter\Milistadeempresas.com\system\BaseModel.php(584): CodeIgniter\Model->doFindAll(0, 0)
#4 C:\xampp\htdocs\CodeIgniter\Milistadeempresas.com\app\Controllers\UserController.php(22): CodeIgniter\BaseModel->findAll()
#5 C:\xampp\htdocs\CodeIgniter\Milistadeempresas.com\system\CodeIgniter.php(825): App\Controllers\UserController->index()
#6 C:\xampp\htdocs\CodeIgniter\Milistadeempresas.com\system\CodeIgniter.php(412): CodeIgniter\CodeIgniter->runController(Object(App\Controllers\UserController))
#7 C:\xampp\htdocs\CodeIgniter\Milistadeempresas.com\system\CodeIgniter.php(320): CodeIgniter\CodeIgniter->handleRequest(NULL, Object(Config\Cache), false)
#8 C:\xampp\htdocs\CodeIgniter\Milistadeempresas.com\index.php(37): CodeIgniter\CodeIgniter->run()
#9 {main}
