CRITICAL - 2022-05-21 07:57:10 --> Undefined array key "region"
#0 /home/u561815069/domains/strassenads.com/public_html/app/Controllers/Home.php(192): CodeIgniter\Debug\Exceptions->errorHandler()
#1 /home/u561815069/domains/strassenads.com/public_html/system/CodeIgniter.php(825): App\Controllers\Home->category()
#2 /home/u561815069/domains/strassenads.com/public_html/system/CodeIgniter.php(412): CodeIgniter\CodeIgniter->runController()
#3 /home/u561815069/domains/strassenads.com/public_html/system/CodeIgniter.php(320): CodeIgniter\CodeIgniter->handleRequest()
#4 /home/u561815069/domains/strassenads.com/public_html/index.php(37): CodeIgniter\CodeIgniter->run()
#5 {main}
CRITICAL - 2022-05-21 08:02:42 --> Undefined variable $cities
#0 /home/u561815069/domains/strassenads.com/public_html/app/Views/list_business.php(35): CodeIgniter\Debug\Exceptions->errorHandler()
#1 /home/u561815069/domains/strassenads.com/public_html/system/View/View.php(210): include('/home/u56181506...')
#2 /home/u561815069/domains/strassenads.com/public_html/system/View/View.php(213): CodeIgniter\View\View->CodeIgniter\View\{closure}()
#3 /home/u561815069/domains/strassenads.com/public_html/system/Common.php(1089): CodeIgniter\View\View->render()
#4 /home/u561815069/domains/strassenads.com/public_html/app/Controllers/Home.php(231): view()
#5 /home/u561815069/domains/strassenads.com/public_html/system/CodeIgniter.php(825): App\Controllers\Home->category()
#6 /home/u561815069/domains/strassenads.com/public_html/system/CodeIgniter.php(412): CodeIgniter\CodeIgniter->runController()
#7 /home/u561815069/domains/strassenads.com/public_html/system/CodeIgniter.php(320): CodeIgniter\CodeIgniter->handleRequest()
#8 /home/u561815069/domains/strassenads.com/public_html/index.php(37): CodeIgniter\CodeIgniter->run()
#9 {main}
CRITICAL - 2022-05-21 08:03:20 --> Undefined variable $region_name
#0 /home/u561815069/domains/strassenads.com/public_html/app/Views/list_business.php(42): CodeIgniter\Debug\Exceptions->errorHandler()
#1 /home/u561815069/domains/strassenads.com/public_html/system/View/View.php(210): include('/home/u56181506...')
#2 /home/u561815069/domains/strassenads.com/public_html/system/View/View.php(213): CodeIgniter\View\View->CodeIgniter\View\{closure}()
#3 /home/u561815069/domains/strassenads.com/public_html/system/Common.php(1089): CodeIgniter\View\View->render()
#4 /home/u561815069/domains/strassenads.com/public_html/app/Controllers/Home.php(231): view()
#5 /home/u561815069/domains/strassenads.com/public_html/system/CodeIgniter.php(825): App\Controllers\Home->category()
#6 /home/u561815069/domains/strassenads.com/public_html/system/CodeIgniter.php(412): CodeIgniter\CodeIgniter->runController()
#7 /home/u561815069/domains/strassenads.com/public_html/system/CodeIgniter.php(320): CodeIgniter\CodeIgniter->handleRequest()
#8 /home/u561815069/domains/strassenads.com/public_html/index.php(37): CodeIgniter\CodeIgniter->run()
#9 {main}
CRITICAL - 2022-05-21 08:23:31 --> Array to string conversion
#0 /home/u561815069/domains/strassenads.com/public_html/app/Views/list_business.php(41): CodeIgniter\Debug\Exceptions->errorHandler()
#1 /home/u561815069/domains/strassenads.com/public_html/system/View/View.php(210): include('/home/u56181506...')
#2 /home/u561815069/domains/strassenads.com/public_html/system/View/View.php(213): CodeIgniter\View\View->CodeIgniter\View\{closure}()
#3 /home/u561815069/domains/strassenads.com/public_html/system/Common.php(1089): CodeIgniter\View\View->render()
#4 /home/u561815069/domains/strassenads.com/public_html/app/Controllers/Home.php(234): view()
#5 /home/u561815069/domains/strassenads.com/public_html/system/CodeIgniter.php(825): App\Controllers\Home->category()
#6 /home/u561815069/domains/strassenads.com/public_html/system/CodeIgniter.php(412): CodeIgniter\CodeIgniter->runController()
#7 /home/u561815069/domains/strassenads.com/public_html/system/CodeIgniter.php(320): CodeIgniter\CodeIgniter->handleRequest()
#8 /home/u561815069/domains/strassenads.com/public_html/index.php(37): CodeIgniter\CodeIgniter->run()
#9 {main}
CRITICAL - 2022-05-21 08:24:39 --> Array to string conversion
#0 /home/u561815069/domains/strassenads.com/public_html/app/Views/list_business.php(41): CodeIgniter\Debug\Exceptions->errorHandler()
#1 /home/u561815069/domains/strassenads.com/public_html/system/View/View.php(210): include('/home/u56181506...')
#2 /home/u561815069/domains/strassenads.com/public_html/system/View/View.php(213): CodeIgniter\View\View->CodeIgniter\View\{closure}()
#3 /home/u561815069/domains/strassenads.com/public_html/system/Common.php(1089): CodeIgniter\View\View->render()
#4 /home/u561815069/domains/strassenads.com/public_html/app/Controllers/Home.php(234): view()
#5 /home/u561815069/domains/strassenads.com/public_html/system/CodeIgniter.php(825): App\Controllers\Home->category()
#6 /home/u561815069/domains/strassenads.com/public_html/system/CodeIgniter.php(412): CodeIgniter\CodeIgniter->runController()
#7 /home/u561815069/domains/strassenads.com/public_html/system/CodeIgniter.php(320): CodeIgniter\CodeIgniter->handleRequest()
#8 /home/u561815069/domains/strassenads.com/public_html/index.php(37): CodeIgniter\CodeIgniter->run()
#9 {main}
CRITICAL - 2022-05-21 08:35:17 --> Undefined array key "shortname"
#0 /home/u561815069/domains/strassenads.com/public_html/app/Views/list_business.php(57): CodeIgniter\Debug\Exceptions->errorHandler()
#1 /home/u561815069/domains/strassenads.com/public_html/system/View/View.php(210): include('/home/u56181506...')
#2 /home/u561815069/domains/strassenads.com/public_html/system/View/View.php(213): CodeIgniter\View\View->CodeIgniter\View\{closure}()
#3 /home/u561815069/domains/strassenads.com/public_html/system/Common.php(1089): CodeIgniter\View\View->render()
#4 /home/u561815069/domains/strassenads.com/public_html/app/Controllers/Home.php(237): view()
#5 /home/u561815069/domains/strassenads.com/public_html/system/CodeIgniter.php(825): App\Controllers\Home->category()
#6 /home/u561815069/domains/strassenads.com/public_html/system/CodeIgniter.php(412): CodeIgniter\CodeIgniter->runController()
#7 /home/u561815069/domains/strassenads.com/public_html/system/CodeIgniter.php(320): CodeIgniter\CodeIgniter->handleRequest()
#8 /home/u561815069/domains/strassenads.com/public_html/index.php(37): CodeIgniter\CodeIgniter->run()
#9 {main}
CRITICAL - 2022-05-21 08:35:59 --> Undefined array key "shortname"
#0 /home/u561815069/domains/strassenads.com/public_html/app/Views/list_business.php(57): CodeIgniter\Debug\Exceptions->errorHandler()
#1 /home/u561815069/domains/strassenads.com/public_html/system/View/View.php(210): include('/home/u56181506...')
#2 /home/u561815069/domains/strassenads.com/public_html/system/View/View.php(213): CodeIgniter\View\View->CodeIgniter\View\{closure}()
#3 /home/u561815069/domains/strassenads.com/public_html/system/Common.php(1089): CodeIgniter\View\View->render()
#4 /home/u561815069/domains/strassenads.com/public_html/app/Controllers/Home.php(237): view()
#5 /home/u561815069/domains/strassenads.com/public_html/system/CodeIgniter.php(825): App\Controllers\Home->category()
#6 /home/u561815069/domains/strassenads.com/public_html/system/CodeIgniter.php(412): CodeIgniter\CodeIgniter->runController()
#7 /home/u561815069/domains/strassenads.com/public_html/system/CodeIgniter.php(320): CodeIgniter\CodeIgniter->handleRequest()
#8 /home/u561815069/domains/strassenads.com/public_html/index.php(37): CodeIgniter\CodeIgniter->run()
#9 {main}
CRITICAL - 2022-05-21 08:37:23 --> Undefined array key 0
#0 /home/u561815069/domains/strassenads.com/public_html/app/Controllers/Home.php(231): CodeIgniter\Debug\Exceptions->errorHandler()
#1 /home/u561815069/domains/strassenads.com/public_html/system/CodeIgniter.php(825): App\Controllers\Home->category()
#2 /home/u561815069/domains/strassenads.com/public_html/system/CodeIgniter.php(412): CodeIgniter\CodeIgniter->runController()
#3 /home/u561815069/domains/strassenads.com/public_html/system/CodeIgniter.php(320): CodeIgniter\CodeIgniter->handleRequest()
#4 /home/u561815069/domains/strassenads.com/public_html/index.php(37): CodeIgniter\CodeIgniter->run()
#5 {main}
CRITICAL - 2022-05-21 08:37:45 --> Undefined array key 0
#0 /home/u561815069/domains/strassenads.com/public_html/app/Controllers/Home.php(231): CodeIgniter\Debug\Exceptions->errorHandler()
#1 /home/u561815069/domains/strassenads.com/public_html/system/CodeIgniter.php(825): App\Controllers\Home->category()
#2 /home/u561815069/domains/strassenads.com/public_html/system/CodeIgniter.php(412): CodeIgniter\CodeIgniter->runController()
#3 /home/u561815069/domains/strassenads.com/public_html/system/CodeIgniter.php(320): CodeIgniter\CodeIgniter->handleRequest()
#4 /home/u561815069/domains/strassenads.com/public_html/index.php(37): CodeIgniter\CodeIgniter->run()
#5 {main}
CRITICAL - 2022-05-21 08:39:11 --> Undefined array key 0
#0 /home/u561815069/domains/strassenads.com/public_html/app/Controllers/Home.php(231): CodeIgniter\Debug\Exceptions->errorHandler()
#1 /home/u561815069/domains/strassenads.com/public_html/system/CodeIgniter.php(825): App\Controllers\Home->category()
#2 /home/u561815069/domains/strassenads.com/public_html/system/CodeIgniter.php(412): CodeIgniter\CodeIgniter->runController()
#3 /home/u561815069/domains/strassenads.com/public_html/system/CodeIgniter.php(320): CodeIgniter\CodeIgniter->handleRequest()
#4 /home/u561815069/domains/strassenads.com/public_html/index.php(37): CodeIgniter\CodeIgniter->run()
#5 {main}
CRITICAL - 2022-05-21 08:39:51 --> Undefined array key 0
#0 /home/u561815069/domains/strassenads.com/public_html/app/Controllers/Home.php(232): CodeIgniter\Debug\Exceptions->errorHandler()
#1 /home/u561815069/domains/strassenads.com/public_html/system/CodeIgniter.php(825): App\Controllers\Home->category()
#2 /home/u561815069/domains/strassenads.com/public_html/system/CodeIgniter.php(412): CodeIgniter\CodeIgniter->runController()
#3 /home/u561815069/domains/strassenads.com/public_html/system/CodeIgniter.php(320): CodeIgniter\CodeIgniter->handleRequest()
#4 /home/u561815069/domains/strassenads.com/public_html/index.php(37): CodeIgniter\CodeIgniter->run()
#5 {main}
CRITICAL - 2022-05-21 08:47:07 --> Undefined variable $region_name
#0 /home/u561815069/domains/strassenads.com/public_html/app/Views/list_business.php(42): CodeIgniter\Debug\Exceptions->errorHandler()
#1 /home/u561815069/domains/strassenads.com/public_html/system/View/View.php(210): include('/home/u56181506...')
#2 /home/u561815069/domains/strassenads.com/public_html/system/View/View.php(213): CodeIgniter\View\View->CodeIgniter\View\{closure}()
#3 /home/u561815069/domains/strassenads.com/public_html/system/Common.php(1089): CodeIgniter\View\View->render()
#4 /home/u561815069/domains/strassenads.com/public_html/app/Controllers/Home.php(134): view()
#5 /home/u561815069/domains/strassenads.com/public_html/system/CodeIgniter.php(825): App\Controllers\Home->region()
#6 /home/u561815069/domains/strassenads.com/public_html/system/CodeIgniter.php(412): CodeIgniter\CodeIgniter->runController()
#7 /home/u561815069/domains/strassenads.com/public_html/system/CodeIgniter.php(320): CodeIgniter\CodeIgniter->handleRequest()
#8 /home/u561815069/domains/strassenads.com/public_html/index.php(37): CodeIgniter\CodeIgniter->run()
#9 {main}
CRITICAL - 2022-05-21 09:22:08 --> Undefined property: stdClass::$category_nameshort
#0 /home/u561815069/domains/strassenads.com/public_html/app/Views/search.php(131): CodeIgniter\Debug\Exceptions->errorHandler()
#1 /home/u561815069/domains/strassenads.com/public_html/system/View/View.php(210): include('/home/u56181506...')
#2 /home/u561815069/domains/strassenads.com/public_html/system/View/View.php(213): CodeIgniter\View\View->CodeIgniter\View\{closure}()
#3 /home/u561815069/domains/strassenads.com/public_html/system/Common.php(1089): CodeIgniter\View\View->render()
#4 /home/u561815069/domains/strassenads.com/public_html/app/Controllers/Home.php(452): view()
#5 /home/u561815069/domains/strassenads.com/public_html/system/CodeIgniter.php(825): App\Controllers\Home->search()
#6 /home/u561815069/domains/strassenads.com/public_html/system/CodeIgniter.php(412): CodeIgniter\CodeIgniter->runController()
#7 /home/u561815069/domains/strassenads.com/public_html/system/CodeIgniter.php(320): CodeIgniter\CodeIgniter->handleRequest()
#8 /home/u561815069/domains/strassenads.com/public_html/index.php(37): CodeIgniter\CodeIgniter->run()
#9 {main}
CRITICAL - 2022-05-21 09:23:25 --> Undefined property: stdClass::$category_nameshort
#0 /home/u561815069/domains/strassenads.com/public_html/app/Views/search.php(131): CodeIgniter\Debug\Exceptions->errorHandler()
#1 /home/u561815069/domains/strassenads.com/public_html/system/View/View.php(210): include('/home/u56181506...')
#2 /home/u561815069/domains/strassenads.com/public_html/system/View/View.php(213): CodeIgniter\View\View->CodeIgniter\View\{closure}()
#3 /home/u561815069/domains/strassenads.com/public_html/system/Common.php(1089): CodeIgniter\View\View->render()
#4 /home/u561815069/domains/strassenads.com/public_html/app/Controllers/Home.php(452): view()
#5 /home/u561815069/domains/strassenads.com/public_html/system/CodeIgniter.php(825): App\Controllers\Home->search()
#6 /home/u561815069/domains/strassenads.com/public_html/system/CodeIgniter.php(412): CodeIgniter\CodeIgniter->runController()
#7 /home/u561815069/domains/strassenads.com/public_html/system/CodeIgniter.php(320): CodeIgniter\CodeIgniter->handleRequest()
#8 /home/u561815069/domains/strassenads.com/public_html/index.php(37): CodeIgniter\CodeIgniter->run()
#9 {main}
CRITICAL - 2022-05-21 09:26:40 --> Undefined property: stdClass::$category_nameshort
#0 /home/u561815069/domains/strassenads.com/public_html/app/Views/search.php(131): CodeIgniter\Debug\Exceptions->errorHandler()
#1 /home/u561815069/domains/strassenads.com/public_html/system/View/View.php(210): include('/home/u56181506...')
#2 /home/u561815069/domains/strassenads.com/public_html/system/View/View.php(213): CodeIgniter\View\View->CodeIgniter\View\{closure}()
#3 /home/u561815069/domains/strassenads.com/public_html/system/Common.php(1089): CodeIgniter\View\View->render()
#4 /home/u561815069/domains/strassenads.com/public_html/app/Controllers/Home.php(452): view()
#5 /home/u561815069/domains/strassenads.com/public_html/system/CodeIgniter.php(825): App\Controllers\Home->search()
#6 /home/u561815069/domains/strassenads.com/public_html/system/CodeIgniter.php(412): CodeIgniter\CodeIgniter->runController()
#7 /home/u561815069/domains/strassenads.com/public_html/system/CodeIgniter.php(320): CodeIgniter\CodeIgniter->handleRequest()
#8 /home/u561815069/domains/strassenads.com/public_html/index.php(37): CodeIgniter\CodeIgniter->run()
#9 {main}
CRITICAL - 2022-05-21 10:08:17 --> Undefined property: stdClass::$category_nameshort
#0 /home/u561815069/domains/strassenads.com/public_html/app/Views/search.php(131): CodeIgniter\Debug\Exceptions->errorHandler()
#1 /home/u561815069/domains/strassenads.com/public_html/system/View/View.php(210): include('/home/u56181506...')
#2 /home/u561815069/domains/strassenads.com/public_html/system/View/View.php(213): CodeIgniter\View\View->CodeIgniter\View\{closure}()
#3 /home/u561815069/domains/strassenads.com/public_html/system/Common.php(1089): CodeIgniter\View\View->render()
#4 /home/u561815069/domains/strassenads.com/public_html/app/Controllers/Home.php(452): view()
#5 /home/u561815069/domains/strassenads.com/public_html/system/CodeIgniter.php(825): App\Controllers\Home->search()
#6 /home/u561815069/domains/strassenads.com/public_html/system/CodeIgniter.php(412): CodeIgniter\CodeIgniter->runController()
#7 /home/u561815069/domains/strassenads.com/public_html/system/CodeIgniter.php(320): CodeIgniter\CodeIgniter->handleRequest()
#8 /home/u561815069/domains/strassenads.com/public_html/index.php(37): CodeIgniter\CodeIgniter->run()
#9 {main}
CRITICAL - 2022-05-21 10:09:13 --> Undefined property: stdClass::$category_nameshort
#0 /home/u561815069/domains/strassenads.com/public_html/app/Views/search.php(131): CodeIgniter\Debug\Exceptions->errorHandler()
#1 /home/u561815069/domains/strassenads.com/public_html/system/View/View.php(210): include('/home/u56181506...')
#2 /home/u561815069/domains/strassenads.com/public_html/system/View/View.php(213): CodeIgniter\View\View->CodeIgniter\View\{closure}()
#3 /home/u561815069/domains/strassenads.com/public_html/system/Common.php(1089): CodeIgniter\View\View->render()
#4 /home/u561815069/domains/strassenads.com/public_html/app/Controllers/Home.php(453): view()
#5 /home/u561815069/domains/strassenads.com/public_html/system/CodeIgniter.php(825): App\Controllers\Home->search()
#6 /home/u561815069/domains/strassenads.com/public_html/system/CodeIgniter.php(412): CodeIgniter\CodeIgniter->runController()
#7 /home/u561815069/domains/strassenads.com/public_html/system/CodeIgniter.php(320): CodeIgniter\CodeIgniter->handleRequest()
#8 /home/u561815069/domains/strassenads.com/public_html/index.php(37): CodeIgniter\CodeIgniter->run()
#9 {main}
CRITICAL - 2022-05-21 10:15:29 --> Undefined array key 0
#0 /home/u561815069/domains/strassenads.com/public_html/app/Controllers/Home.php(447): CodeIgniter\Debug\Exceptions->errorHandler()
#1 /home/u561815069/domains/strassenads.com/public_html/system/CodeIgniter.php(825): App\Controllers\Home->search()
#2 /home/u561815069/domains/strassenads.com/public_html/system/CodeIgniter.php(412): CodeIgniter\CodeIgniter->runController()
#3 /home/u561815069/domains/strassenads.com/public_html/system/CodeIgniter.php(320): CodeIgniter\CodeIgniter->handleRequest()
#4 /home/u561815069/domains/strassenads.com/public_html/index.php(37): CodeIgniter\CodeIgniter->run()
#5 {main}
CRITICAL - 2022-05-21 10:17:04 --> Undefined array key 0
#0 /home/u561815069/domains/strassenads.com/public_html/app/Controllers/Home.php(447): CodeIgniter\Debug\Exceptions->errorHandler()
#1 /home/u561815069/domains/strassenads.com/public_html/system/CodeIgniter.php(825): App\Controllers\Home->search()
#2 /home/u561815069/domains/strassenads.com/public_html/system/CodeIgniter.php(412): CodeIgniter\CodeIgniter->runController()
#3 /home/u561815069/domains/strassenads.com/public_html/system/CodeIgniter.php(320): CodeIgniter\CodeIgniter->handleRequest()
#4 /home/u561815069/domains/strassenads.com/public_html/index.php(37): CodeIgniter\CodeIgniter->run()
#5 {main}
CRITICAL - 2022-05-21 10:17:59 --> Uninitialized string offset 0
#0 /home/u561815069/domains/strassenads.com/public_html/app/Controllers/Home.php(453): CodeIgniter\Debug\Exceptions->errorHandler()
#1 /home/u561815069/domains/strassenads.com/public_html/system/CodeIgniter.php(825): App\Controllers\Home->search()
#2 /home/u561815069/domains/strassenads.com/public_html/system/CodeIgniter.php(412): CodeIgniter\CodeIgniter->runController()
#3 /home/u561815069/domains/strassenads.com/public_html/system/CodeIgniter.php(320): CodeIgniter\CodeIgniter->handleRequest()
#4 /home/u561815069/domains/strassenads.com/public_html/index.php(37): CodeIgniter\CodeIgniter->run()
#5 {main}
CRITICAL - 2022-05-21 10:18:38 --> Cannot access offset of type string on string
#0 /home/u561815069/domains/strassenads.com/public_html/system/View/View.php(210): include()
#1 /home/u561815069/domains/strassenads.com/public_html/system/View/View.php(213): CodeIgniter\View\View->CodeIgniter\View\{closure}()
#2 /home/u561815069/domains/strassenads.com/public_html/system/Common.php(1089): CodeIgniter\View\View->render()
#3 /home/u561815069/domains/strassenads.com/public_html/app/Controllers/Home.php(458): view()
#4 /home/u561815069/domains/strassenads.com/public_html/system/CodeIgniter.php(825): App\Controllers\Home->search()
#5 /home/u561815069/domains/strassenads.com/public_html/system/CodeIgniter.php(412): CodeIgniter\CodeIgniter->runController()
#6 /home/u561815069/domains/strassenads.com/public_html/system/CodeIgniter.php(320): CodeIgniter\CodeIgniter->handleRequest()
#7 /home/u561815069/domains/strassenads.com/public_html/index.php(37): CodeIgniter\CodeIgniter->run()
#8 {main}
CRITICAL - 2022-05-21 10:22:51 --> Undefined array key "name"
#0 /home/u561815069/domains/strassenads.com/public_html/app/Views/search.php(41): CodeIgniter\Debug\Exceptions->errorHandler()
#1 /home/u561815069/domains/strassenads.com/public_html/system/View/View.php(210): include('/home/u56181506...')
#2 /home/u561815069/domains/strassenads.com/public_html/system/View/View.php(213): CodeIgniter\View\View->CodeIgniter\View\{closure}()
#3 /home/u561815069/domains/strassenads.com/public_html/system/Common.php(1089): CodeIgniter\View\View->render()
#4 /home/u561815069/domains/strassenads.com/public_html/app/Controllers/Home.php(458): view()
#5 /home/u561815069/domains/strassenads.com/public_html/system/CodeIgniter.php(825): App\Controllers\Home->search()
#6 /home/u561815069/domains/strassenads.com/public_html/system/CodeIgniter.php(412): CodeIgniter\CodeIgniter->runController()
#7 /home/u561815069/domains/strassenads.com/public_html/system/CodeIgniter.php(320): CodeIgniter\CodeIgniter->handleRequest()
#8 /home/u561815069/domains/strassenads.com/public_html/index.php(37): CodeIgniter\CodeIgniter->run()
#9 {main}
CRITICAL - 2022-05-21 10:23:51 --> Undefined array key "name"
#0 /home/u561815069/domains/strassenads.com/public_html/app/Views/search.php(41): CodeIgniter\Debug\Exceptions->errorHandler()
#1 /home/u561815069/domains/strassenads.com/public_html/system/View/View.php(210): include('/home/u56181506...')
#2 /home/u561815069/domains/strassenads.com/public_html/system/View/View.php(213): CodeIgniter\View\View->CodeIgniter\View\{closure}()
#3 /home/u561815069/domains/strassenads.com/public_html/system/Common.php(1089): CodeIgniter\View\View->render()
#4 /home/u561815069/domains/strassenads.com/public_html/app/Controllers/Home.php(458): view()
#5 /home/u561815069/domains/strassenads.com/public_html/system/CodeIgniter.php(825): App\Controllers\Home->search()
#6 /home/u561815069/domains/strassenads.com/public_html/system/CodeIgniter.php(412): CodeIgniter\CodeIgniter->runController()
#7 /home/u561815069/domains/strassenads.com/public_html/system/CodeIgniter.php(320): CodeIgniter\CodeIgniter->handleRequest()
#8 /home/u561815069/domains/strassenads.com/public_html/index.php(37): CodeIgniter\CodeIgniter->run()
#9 {main}
CRITICAL - 2022-05-21 10:24:28 --> Undefined constant "App\Controllers\name"
#0 /home/u561815069/domains/strassenads.com/public_html/system/CodeIgniter.php(825): App\Controllers\Home->search()
#1 /home/u561815069/domains/strassenads.com/public_html/system/CodeIgniter.php(412): CodeIgniter\CodeIgniter->runController()
#2 /home/u561815069/domains/strassenads.com/public_html/system/CodeIgniter.php(320): CodeIgniter\CodeIgniter->handleRequest()
#3 /home/u561815069/domains/strassenads.com/public_html/index.php(37): CodeIgniter\CodeIgniter->run()
#4 {main}
CRITICAL - 2022-05-21 10:25:54 --> Undefined constant "App\Controllers\name"
#0 /home/u561815069/domains/strassenads.com/public_html/system/CodeIgniter.php(825): App\Controllers\Home->search()
#1 /home/u561815069/domains/strassenads.com/public_html/system/CodeIgniter.php(412): CodeIgniter\CodeIgniter->runController()
#2 /home/u561815069/domains/strassenads.com/public_html/system/CodeIgniter.php(320): CodeIgniter\CodeIgniter->handleRequest()
#3 /home/u561815069/domains/strassenads.com/public_html/index.php(37): CodeIgniter\CodeIgniter->run()
#4 {main}
CRITICAL - 2022-05-21 10:42:31 --> Undefined variable $data_context
#0 /home/u561815069/domains/strassenads.com/public_html/app/Views/frontend/header.php(45): CodeIgniter\Debug\Exceptions->errorHandler()
#1 /home/u561815069/domains/strassenads.com/public_html/system/View/View.php(210): include('/home/u56181506...')
#2 /home/u561815069/domains/strassenads.com/public_html/system/View/View.php(213): CodeIgniter\View\View->CodeIgniter\View\{closure}()
#3 /home/u561815069/domains/strassenads.com/public_html/system/Common.php(1089): CodeIgniter\View\View->render()
#4 /home/u561815069/domains/strassenads.com/public_html/app/Controllers/Home.php(86): view()
#5 /home/u561815069/domains/strassenads.com/public_html/system/CodeIgniter.php(825): App\Controllers\Home->login()
#6 /home/u561815069/domains/strassenads.com/public_html/system/CodeIgniter.php(412): CodeIgniter\CodeIgniter->runController()
#7 /home/u561815069/domains/strassenads.com/public_html/system/CodeIgniter.php(320): CodeIgniter\CodeIgniter->handleRequest()
#8 /home/u561815069/domains/strassenads.com/public_html/index.php(37): CodeIgniter\CodeIgniter->run()
#9 {main}
CRITICAL - 2022-05-21 10:47:40 --> Undefined variable $data_context
#0 /home/u561815069/domains/strassenads.com/public_html/app/Views/frontend/header.php(45): CodeIgniter\Debug\Exceptions->errorHandler()
#1 /home/u561815069/domains/strassenads.com/public_html/system/View/View.php(210): include('/home/u56181506...')
#2 /home/u561815069/domains/strassenads.com/public_html/system/View/View.php(213): CodeIgniter\View\View->CodeIgniter\View\{closure}()
#3 /home/u561815069/domains/strassenads.com/public_html/system/Common.php(1089): CodeIgniter\View\View->render()
#4 /home/u561815069/domains/strassenads.com/public_html/app/Controllers/Home.php(86): view()
#5 /home/u561815069/domains/strassenads.com/public_html/system/CodeIgniter.php(825): App\Controllers\Home->login()
#6 /home/u561815069/domains/strassenads.com/public_html/system/CodeIgniter.php(412): CodeIgniter\CodeIgniter->runController()
#7 /home/u561815069/domains/strassenads.com/public_html/system/CodeIgniter.php(320): CodeIgniter\CodeIgniter->handleRequest()
#8 /home/u561815069/domains/strassenads.com/public_html/index.php(37): CodeIgniter\CodeIgniter->run()
#9 {main}
CRITICAL - 2022-05-21 10:47:44 --> Undefined array key "msg_register"
#0 /home/u561815069/domains/strassenads.com/public_html/app/Views/register.php(53): CodeIgniter\Debug\Exceptions->errorHandler()
#1 /home/u561815069/domains/strassenads.com/public_html/system/View/View.php(210): include('/home/u56181506...')
#2 /home/u561815069/domains/strassenads.com/public_html/system/View/View.php(213): CodeIgniter\View\View->CodeIgniter\View\{closure}()
#3 /home/u561815069/domains/strassenads.com/public_html/system/Common.php(1089): CodeIgniter\View\View->render()
#4 /home/u561815069/domains/strassenads.com/public_html/app/Controllers/Home.php(532): view()
#5 /home/u561815069/domains/strassenads.com/public_html/system/CodeIgniter.php(825): App\Controllers\Home->register()
#6 /home/u561815069/domains/strassenads.com/public_html/system/CodeIgniter.php(412): CodeIgniter\CodeIgniter->runController()
#7 /home/u561815069/domains/strassenads.com/public_html/system/CodeIgniter.php(320): CodeIgniter\CodeIgniter->handleRequest()
#8 /home/u561815069/domains/strassenads.com/public_html/index.php(37): CodeIgniter\CodeIgniter->run()
#9 {main}
CRITICAL - 2022-05-21 10:58:22 --> Undefined variable $data_context
#0 /home/u561815069/domains/strassenads.com/public_html/app/Views/frontend/header.php(45): CodeIgniter\Debug\Exceptions->errorHandler()
#1 /home/u561815069/domains/strassenads.com/public_html/system/View/View.php(210): include('/home/u56181506...')
#2 /home/u561815069/domains/strassenads.com/public_html/system/View/View.php(213): CodeIgniter\View\View->CodeIgniter\View\{closure}()
#3 /home/u561815069/domains/strassenads.com/public_html/system/Common.php(1089): CodeIgniter\View\View->render()
#4 /home/u561815069/domains/strassenads.com/public_html/app/Controllers/Home.php(86): view()
#5 /home/u561815069/domains/strassenads.com/public_html/system/CodeIgniter.php(825): App\Controllers\Home->login()
#6 /home/u561815069/domains/strassenads.com/public_html/system/CodeIgniter.php(412): CodeIgniter\CodeIgniter->runController()
#7 /home/u561815069/domains/strassenads.com/public_html/system/CodeIgniter.php(320): CodeIgniter\CodeIgniter->handleRequest()
#8 /home/u561815069/domains/strassenads.com/public_html/index.php(37): CodeIgniter\CodeIgniter->run()
#9 {main}
CRITICAL - 2022-05-21 12:40:43 --> Undefined array key "msg_update_business"
#0 /home/u561815069/domains/strassenads.com/public_html/app/Views/dashboard.php(155): CodeIgniter\Debug\Exceptions->errorHandler()
#1 /home/u561815069/domains/strassenads.com/public_html/system/View/View.php(210): include('/home/u56181506...')
#2 /home/u561815069/domains/strassenads.com/public_html/system/View/View.php(213): CodeIgniter\View\View->CodeIgniter\View\{closure}()
#3 /home/u561815069/domains/strassenads.com/public_html/system/Common.php(1089): CodeIgniter\View\View->render()
#4 /home/u561815069/domains/strassenads.com/public_html/app/Controllers/Account.php(122): view()
#5 /home/u561815069/domains/strassenads.com/public_html/system/CodeIgniter.php(825): App\Controllers\Account->dashboard()
#6 /home/u561815069/domains/strassenads.com/public_html/system/CodeIgniter.php(412): CodeIgniter\CodeIgniter->runController()
#7 /home/u561815069/domains/strassenads.com/public_html/system/CodeIgniter.php(320): CodeIgniter\CodeIgniter->handleRequest()
#8 /home/u561815069/domains/strassenads.com/public_html/index.php(37): CodeIgniter\CodeIgniter->run()
#9 {main}
CRITICAL - 2022-05-21 12:42:03 --> Undefined array key "user_password"
#0 /home/u561815069/domains/strassenads.com/public_html/app/Views/dashboard.php(196): CodeIgniter\Debug\Exceptions->errorHandler()
#1 /home/u561815069/domains/strassenads.com/public_html/system/View/View.php(210): include('/home/u56181506...')
#2 /home/u561815069/domains/strassenads.com/public_html/system/View/View.php(213): CodeIgniter\View\View->CodeIgniter\View\{closure}()
#3 /home/u561815069/domains/strassenads.com/public_html/system/Common.php(1089): CodeIgniter\View\View->render()
#4 /home/u561815069/domains/strassenads.com/public_html/app/Controllers/Account.php(122): view()
#5 /home/u561815069/domains/strassenads.com/public_html/system/CodeIgniter.php(825): App\Controllers\Account->dashboard()
#6 /home/u561815069/domains/strassenads.com/public_html/system/CodeIgniter.php(412): CodeIgniter\CodeIgniter->runController()
#7 /home/u561815069/domains/strassenads.com/public_html/system/CodeIgniter.php(320): CodeIgniter\CodeIgniter->handleRequest()
#8 /home/u561815069/domains/strassenads.com/public_html/index.php(37): CodeIgniter\CodeIgniter->run()
#9 {main}
CRITICAL - 2022-05-21 12:43:33 --> Undefined array key "user_password_repeat"
#0 /home/u561815069/domains/strassenads.com/public_html/app/Views/dashboard.php(200): CodeIgniter\Debug\Exceptions->errorHandler()
#1 /home/u561815069/domains/strassenads.com/public_html/system/View/View.php(210): include('/home/u56181506...')
#2 /home/u561815069/domains/strassenads.com/public_html/system/View/View.php(213): CodeIgniter\View\View->CodeIgniter\View\{closure}()
#3 /home/u561815069/domains/strassenads.com/public_html/system/Common.php(1089): CodeIgniter\View\View->render()
#4 /home/u561815069/domains/strassenads.com/public_html/app/Controllers/Account.php(122): view()
#5 /home/u561815069/domains/strassenads.com/public_html/system/CodeIgniter.php(825): App\Controllers\Account->dashboard()
#6 /home/u561815069/domains/strassenads.com/public_html/system/CodeIgniter.php(412): CodeIgniter\CodeIgniter->runController()
#7 /home/u561815069/domains/strassenads.com/public_html/system/CodeIgniter.php(320): CodeIgniter\CodeIgniter->handleRequest()
#8 /home/u561815069/domains/strassenads.com/public_html/index.php(37): CodeIgniter\CodeIgniter->run()
#9 {main}
CRITICAL - 2022-05-21 12:44:13 --> Undefined array key "msg_update_account"
#0 /home/u561815069/domains/strassenads.com/public_html/app/Views/dashboard.php(203): CodeIgniter\Debug\Exceptions->errorHandler()
#1 /home/u561815069/domains/strassenads.com/public_html/system/View/View.php(210): include('/home/u56181506...')
#2 /home/u561815069/domains/strassenads.com/public_html/system/View/View.php(213): CodeIgniter\View\View->CodeIgniter\View\{closure}()
#3 /home/u561815069/domains/strassenads.com/public_html/system/Common.php(1089): CodeIgniter\View\View->render()
#4 /home/u561815069/domains/strassenads.com/public_html/app/Controllers/Account.php(122): view()
#5 /home/u561815069/domains/strassenads.com/public_html/system/CodeIgniter.php(825): App\Controllers\Account->dashboard()
#6 /home/u561815069/domains/strassenads.com/public_html/system/CodeIgniter.php(412): CodeIgniter\CodeIgniter->runController()
#7 /home/u561815069/domains/strassenads.com/public_html/system/CodeIgniter.php(320): CodeIgniter\CodeIgniter->handleRequest()
#8 /home/u561815069/domains/strassenads.com/public_html/index.php(37): CodeIgniter\CodeIgniter->run()
#9 {main}
CRITICAL - 2022-05-21 12:45:01 --> Undefined array key "msg_update_account"
#0 /home/u561815069/domains/strassenads.com/public_html/app/Views/dashboard.php(203): CodeIgniter\Debug\Exceptions->errorHandler()
#1 /home/u561815069/domains/strassenads.com/public_html/system/View/View.php(210): include('/home/u56181506...')
#2 /home/u561815069/domains/strassenads.com/public_html/system/View/View.php(213): CodeIgniter\View\View->CodeIgniter\View\{closure}()
#3 /home/u561815069/domains/strassenads.com/public_html/system/Common.php(1089): CodeIgniter\View\View->render()
#4 /home/u561815069/domains/strassenads.com/public_html/app/Controllers/Account.php(122): view()
#5 /home/u561815069/domains/strassenads.com/public_html/system/CodeIgniter.php(825): App\Controllers\Account->dashboard()
#6 /home/u561815069/domains/strassenads.com/public_html/system/CodeIgniter.php(412): CodeIgniter\CodeIgniter->runController()
#7 /home/u561815069/domains/strassenads.com/public_html/system/CodeIgniter.php(320): CodeIgniter\CodeIgniter->handleRequest()
#8 /home/u561815069/domains/strassenads.com/public_html/index.php(37): CodeIgniter\CodeIgniter->run()
#9 {main}
CRITICAL - 2022-05-21 12:46:15 --> Undefined variable $data_context
#0 /home/u561815069/domains/strassenads.com/public_html/app/Views/frontend/header.php(48): CodeIgniter\Debug\Exceptions->errorHandler()
#1 /home/u561815069/domains/strassenads.com/public_html/system/View/View.php(210): include('/home/u56181506...')
#2 /home/u561815069/domains/strassenads.com/public_html/system/View/View.php(213): CodeIgniter\View\View->CodeIgniter\View\{closure}()
#3 /home/u561815069/domains/strassenads.com/public_html/system/Common.php(1089): CodeIgniter\View\View->render()
#4 /home/u561815069/domains/strassenads.com/public_html/app/Controllers/Home.php(353): view()
#5 /home/u561815069/domains/strassenads.com/public_html/system/CodeIgniter.php(825): App\Controllers\Home->morestate()
#6 /home/u561815069/domains/strassenads.com/public_html/system/CodeIgniter.php(412): CodeIgniter\CodeIgniter->runController()
#7 /home/u561815069/domains/strassenads.com/public_html/system/CodeIgniter.php(320): CodeIgniter\CodeIgniter->handleRequest()
#8 /home/u561815069/domains/strassenads.com/public_html/index.php(37): CodeIgniter\CodeIgniter->run()
#9 {main}
CRITICAL - 2022-05-21 12:48:37 --> Undefined variable $cities
#0 /home/u561815069/domains/strassenads.com/public_html/app/Views/list_business.php(35): CodeIgniter\Debug\Exceptions->errorHandler()
#1 /home/u561815069/domains/strassenads.com/public_html/system/View/View.php(210): include('/home/u56181506...')
#2 /home/u561815069/domains/strassenads.com/public_html/system/View/View.php(213): CodeIgniter\View\View->CodeIgniter\View\{closure}()
#3 /home/u561815069/domains/strassenads.com/public_html/system/Common.php(1089): CodeIgniter\View\View->render()
#4 /home/u561815069/domains/strassenads.com/public_html/app/Controllers/Home.php(191): view()
#5 /home/u561815069/domains/strassenads.com/public_html/system/CodeIgniter.php(825): App\Controllers\Home->city()
#6 /home/u561815069/domains/strassenads.com/public_html/system/CodeIgniter.php(412): CodeIgniter\CodeIgniter->runController()
#7 /home/u561815069/domains/strassenads.com/public_html/system/CodeIgniter.php(320): CodeIgniter\CodeIgniter->handleRequest()
#8 /home/u561815069/domains/strassenads.com/public_html/index.php(37): CodeIgniter\CodeIgniter->run()
#9 {main}
