CRITICAL - 2022-09-03 05:07:36 --> Undefined property: stdClass::$business_image
#0 /home/u561815069/domains/strassenads.com/public_html/app/Views/list_business.php(212): CodeIgniter\Debug\Exceptions->errorHandler()
#1 /home/u561815069/domains/strassenads.com/public_html/system/View/View.php(210): include('/home/u56181506...')
#2 /home/u561815069/domains/strassenads.com/public_html/system/View/View.php(213): CodeIgniter\View\View->CodeIgniter\View\{closure}()
#3 /home/u561815069/domains/strassenads.com/public_html/system/Common.php(1089): CodeIgniter\View\View->render()
#4 /home/u561815069/domains/strassenads.com/public_html/app/Controllers/Home.php(265): view()
#5 /home/u561815069/domains/strassenads.com/public_html/system/CodeIgniter.php(825): App\Controllers\Home->category()
#6 /home/u561815069/domains/strassenads.com/public_html/system/CodeIgniter.php(412): CodeIgniter\CodeIgniter->runController()
#7 /home/u561815069/domains/strassenads.com/public_html/system/CodeIgniter.php(320): CodeIgniter\CodeIgniter->handleRequest()
#8 /home/u561815069/domains/strassenads.com/public_html/index.php(37): CodeIgniter\CodeIgniter->run()
#9 {main}
CRITICAL - 2022-09-03 05:08:09 --> Undefined property: stdClass::$business_image
#0 /home/u561815069/domains/strassenads.com/public_html/app/Views/list_business.php(212): CodeIgniter\Debug\Exceptions->errorHandler()
#1 /home/u561815069/domains/strassenads.com/public_html/system/View/View.php(210): include('/home/u56181506...')
#2 /home/u561815069/domains/strassenads.com/public_html/system/View/View.php(213): CodeIgniter\View\View->CodeIgniter\View\{closure}()
#3 /home/u561815069/domains/strassenads.com/public_html/system/Common.php(1089): CodeIgniter\View\View->render()
#4 /home/u561815069/domains/strassenads.com/public_html/app/Controllers/Home.php(265): view()
#5 /home/u561815069/domains/strassenads.com/public_html/system/CodeIgniter.php(825): App\Controllers\Home->category()
#6 /home/u561815069/domains/strassenads.com/public_html/system/CodeIgniter.php(412): CodeIgniter\CodeIgniter->runController()
#7 /home/u561815069/domains/strassenads.com/public_html/system/CodeIgniter.php(320): CodeIgniter\CodeIgniter->handleRequest()
#8 /home/u561815069/domains/strassenads.com/public_html/index.php(37): CodeIgniter\CodeIgniter->run()
#9 {main}
CRITICAL - 2022-09-03 05:08:41 --> Undefined property: stdClass::$business_image
#0 /home/u561815069/domains/strassenads.com/public_html/app/Views/list_business.php(212): CodeIgniter\Debug\Exceptions->errorHandler()
#1 /home/u561815069/domains/strassenads.com/public_html/system/View/View.php(210): include('/home/u56181506...')
#2 /home/u561815069/domains/strassenads.com/public_html/system/View/View.php(213): CodeIgniter\View\View->CodeIgniter\View\{closure}()
#3 /home/u561815069/domains/strassenads.com/public_html/system/Common.php(1089): CodeIgniter\View\View->render()
#4 /home/u561815069/domains/strassenads.com/public_html/app/Controllers/Home.php(265): view()
#5 /home/u561815069/domains/strassenads.com/public_html/system/CodeIgniter.php(825): App\Controllers\Home->category()
#6 /home/u561815069/domains/strassenads.com/public_html/system/CodeIgniter.php(412): CodeIgniter\CodeIgniter->runController()
#7 /home/u561815069/domains/strassenads.com/public_html/system/CodeIgniter.php(320): CodeIgniter\CodeIgniter->handleRequest()
#8 /home/u561815069/domains/strassenads.com/public_html/index.php(37): CodeIgniter\CodeIgniter->run()
#9 {main}
CRITICAL - 2022-09-03 05:09:13 --> Undefined property: stdClass::$business_image
#0 /home/u561815069/domains/strassenads.com/public_html/app/Views/list_business.php(212): CodeIgniter\Debug\Exceptions->errorHandler()
#1 /home/u561815069/domains/strassenads.com/public_html/system/View/View.php(210): include('/home/u56181506...')
#2 /home/u561815069/domains/strassenads.com/public_html/system/View/View.php(213): CodeIgniter\View\View->CodeIgniter\View\{closure}()
#3 /home/u561815069/domains/strassenads.com/public_html/system/Common.php(1089): CodeIgniter\View\View->render()
#4 /home/u561815069/domains/strassenads.com/public_html/app/Controllers/Home.php(265): view()
#5 /home/u561815069/domains/strassenads.com/public_html/system/CodeIgniter.php(825): App\Controllers\Home->category()
#6 /home/u561815069/domains/strassenads.com/public_html/system/CodeIgniter.php(412): CodeIgniter\CodeIgniter->runController()
#7 /home/u561815069/domains/strassenads.com/public_html/system/CodeIgniter.php(320): CodeIgniter\CodeIgniter->handleRequest()
#8 /home/u561815069/domains/strassenads.com/public_html/index.php(37): CodeIgniter\CodeIgniter->run()
#9 {main}
CRITICAL - 2022-09-03 05:09:45 --> Undefined array key 0
#0 /home/u561815069/domains/strassenads.com/public_html/app/Controllers/Home.php(223): CodeIgniter\Debug\Exceptions->errorHandler()
#1 /home/u561815069/domains/strassenads.com/public_html/system/CodeIgniter.php(825): App\Controllers\Home->category()
#2 /home/u561815069/domains/strassenads.com/public_html/system/CodeIgniter.php(412): CodeIgniter\CodeIgniter->runController()
#3 /home/u561815069/domains/strassenads.com/public_html/system/CodeIgniter.php(320): CodeIgniter\CodeIgniter->handleRequest()
#4 /home/u561815069/domains/strassenads.com/public_html/index.php(37): CodeIgniter\CodeIgniter->run()
#5 {main}
CRITICAL - 2022-09-03 05:10:51 --> Undefined property: stdClass::$business_image
#0 /home/u561815069/domains/strassenads.com/public_html/app/Views/list_business.php(212): CodeIgniter\Debug\Exceptions->errorHandler()
#1 /home/u561815069/domains/strassenads.com/public_html/system/View/View.php(210): include('/home/u56181506...')
#2 /home/u561815069/domains/strassenads.com/public_html/system/View/View.php(213): CodeIgniter\View\View->CodeIgniter\View\{closure}()
#3 /home/u561815069/domains/strassenads.com/public_html/system/Common.php(1089): CodeIgniter\View\View->render()
#4 /home/u561815069/domains/strassenads.com/public_html/app/Controllers/Home.php(265): view()
#5 /home/u561815069/domains/strassenads.com/public_html/system/CodeIgniter.php(825): App\Controllers\Home->category()
#6 /home/u561815069/domains/strassenads.com/public_html/system/CodeIgniter.php(412): CodeIgniter\CodeIgniter->runController()
#7 /home/u561815069/domains/strassenads.com/public_html/system/CodeIgniter.php(320): CodeIgniter\CodeIgniter->handleRequest()
#8 /home/u561815069/domains/strassenads.com/public_html/index.php(37): CodeIgniter\CodeIgniter->run()
#9 {main}
CRITICAL - 2022-09-03 05:11:21 --> Undefined property: stdClass::$business_image
#0 /home/u561815069/domains/strassenads.com/public_html/app/Views/list_business.php(212): CodeIgniter\Debug\Exceptions->errorHandler()
#1 /home/u561815069/domains/strassenads.com/public_html/system/View/View.php(210): include('/home/u56181506...')
#2 /home/u561815069/domains/strassenads.com/public_html/system/View/View.php(213): CodeIgniter\View\View->CodeIgniter\View\{closure}()
#3 /home/u561815069/domains/strassenads.com/public_html/system/Common.php(1089): CodeIgniter\View\View->render()
#4 /home/u561815069/domains/strassenads.com/public_html/app/Controllers/Home.php(265): view()
#5 /home/u561815069/domains/strassenads.com/public_html/system/CodeIgniter.php(825): App\Controllers\Home->category()
#6 /home/u561815069/domains/strassenads.com/public_html/system/CodeIgniter.php(412): CodeIgniter\CodeIgniter->runController()
#7 /home/u561815069/domains/strassenads.com/public_html/system/CodeIgniter.php(320): CodeIgniter\CodeIgniter->handleRequest()
#8 /home/u561815069/domains/strassenads.com/public_html/index.php(37): CodeIgniter\CodeIgniter->run()
#9 {main}
CRITICAL - 2022-09-03 05:11:57 --> Undefined property: stdClass::$business_image
#0 /home/u561815069/domains/strassenads.com/public_html/app/Views/list_business.php(212): CodeIgniter\Debug\Exceptions->errorHandler()
#1 /home/u561815069/domains/strassenads.com/public_html/system/View/View.php(210): include('/home/u56181506...')
#2 /home/u561815069/domains/strassenads.com/public_html/system/View/View.php(213): CodeIgniter\View\View->CodeIgniter\View\{closure}()
#3 /home/u561815069/domains/strassenads.com/public_html/system/Common.php(1089): CodeIgniter\View\View->render()
#4 /home/u561815069/domains/strassenads.com/public_html/app/Controllers/Home.php(265): view()
#5 /home/u561815069/domains/strassenads.com/public_html/system/CodeIgniter.php(825): App\Controllers\Home->category()
#6 /home/u561815069/domains/strassenads.com/public_html/system/CodeIgniter.php(412): CodeIgniter\CodeIgniter->runController()
#7 /home/u561815069/domains/strassenads.com/public_html/system/CodeIgniter.php(320): CodeIgniter\CodeIgniter->handleRequest()
#8 /home/u561815069/domains/strassenads.com/public_html/index.php(37): CodeIgniter\CodeIgniter->run()
#9 {main}
CRITICAL - 2022-09-03 05:12:27 --> Undefined property: stdClass::$business_image
#0 /home/u561815069/domains/strassenads.com/public_html/app/Views/list_business.php(212): CodeIgniter\Debug\Exceptions->errorHandler()
#1 /home/u561815069/domains/strassenads.com/public_html/system/View/View.php(210): include('/home/u56181506...')
#2 /home/u561815069/domains/strassenads.com/public_html/system/View/View.php(213): CodeIgniter\View\View->CodeIgniter\View\{closure}()
#3 /home/u561815069/domains/strassenads.com/public_html/system/Common.php(1089): CodeIgniter\View\View->render()
#4 /home/u561815069/domains/strassenads.com/public_html/app/Controllers/Home.php(265): view()
#5 /home/u561815069/domains/strassenads.com/public_html/system/CodeIgniter.php(825): App\Controllers\Home->category()
#6 /home/u561815069/domains/strassenads.com/public_html/system/CodeIgniter.php(412): CodeIgniter\CodeIgniter->runController()
#7 /home/u561815069/domains/strassenads.com/public_html/system/CodeIgniter.php(320): CodeIgniter\CodeIgniter->handleRequest()
#8 /home/u561815069/domains/strassenads.com/public_html/index.php(37): CodeIgniter\CodeIgniter->run()
#9 {main}
CRITICAL - 2022-09-03 05:12:59 --> Undefined array key 0
#0 /home/u561815069/domains/strassenads.com/public_html/app/Controllers/Home.php(223): CodeIgniter\Debug\Exceptions->errorHandler()
#1 /home/u561815069/domains/strassenads.com/public_html/system/CodeIgniter.php(825): App\Controllers\Home->category()
#2 /home/u561815069/domains/strassenads.com/public_html/system/CodeIgniter.php(412): CodeIgniter\CodeIgniter->runController()
#3 /home/u561815069/domains/strassenads.com/public_html/system/CodeIgniter.php(320): CodeIgniter\CodeIgniter->handleRequest()
#4 /home/u561815069/domains/strassenads.com/public_html/index.php(37): CodeIgniter\CodeIgniter->run()
#5 {main}
CRITICAL - 2022-09-03 05:13:31 --> Undefined array key 0
#0 /home/u561815069/domains/strassenads.com/public_html/app/Controllers/Home.php(223): CodeIgniter\Debug\Exceptions->errorHandler()
#1 /home/u561815069/domains/strassenads.com/public_html/system/CodeIgniter.php(825): App\Controllers\Home->category()
#2 /home/u561815069/domains/strassenads.com/public_html/system/CodeIgniter.php(412): CodeIgniter\CodeIgniter->runController()
#3 /home/u561815069/domains/strassenads.com/public_html/system/CodeIgniter.php(320): CodeIgniter\CodeIgniter->handleRequest()
#4 /home/u561815069/domains/strassenads.com/public_html/index.php(37): CodeIgniter\CodeIgniter->run()
#5 {main}
CRITICAL - 2022-09-03 05:14:03 --> Undefined array key 0
#0 /home/u561815069/domains/strassenads.com/public_html/app/Controllers/Home.php(223): CodeIgniter\Debug\Exceptions->errorHandler()
#1 /home/u561815069/domains/strassenads.com/public_html/system/CodeIgniter.php(825): App\Controllers\Home->category()
#2 /home/u561815069/domains/strassenads.com/public_html/system/CodeIgniter.php(412): CodeIgniter\CodeIgniter->runController()
#3 /home/u561815069/domains/strassenads.com/public_html/system/CodeIgniter.php(320): CodeIgniter\CodeIgniter->handleRequest()
#4 /home/u561815069/domains/strassenads.com/public_html/index.php(37): CodeIgniter\CodeIgniter->run()
#5 {main}
CRITICAL - 2022-09-03 05:14:34 --> Undefined property: stdClass::$business_image
#0 /home/u561815069/domains/strassenads.com/public_html/app/Views/list_business.php(212): CodeIgniter\Debug\Exceptions->errorHandler()
#1 /home/u561815069/domains/strassenads.com/public_html/system/View/View.php(210): include('/home/u56181506...')
#2 /home/u561815069/domains/strassenads.com/public_html/system/View/View.php(213): CodeIgniter\View\View->CodeIgniter\View\{closure}()
#3 /home/u561815069/domains/strassenads.com/public_html/system/Common.php(1089): CodeIgniter\View\View->render()
#4 /home/u561815069/domains/strassenads.com/public_html/app/Controllers/Home.php(265): view()
#5 /home/u561815069/domains/strassenads.com/public_html/system/CodeIgniter.php(825): App\Controllers\Home->category()
#6 /home/u561815069/domains/strassenads.com/public_html/system/CodeIgniter.php(412): CodeIgniter\CodeIgniter->runController()
#7 /home/u561815069/domains/strassenads.com/public_html/system/CodeIgniter.php(320): CodeIgniter\CodeIgniter->handleRequest()
#8 /home/u561815069/domains/strassenads.com/public_html/index.php(37): CodeIgniter\CodeIgniter->run()
#9 {main}
CRITICAL - 2022-09-03 05:15:06 --> Undefined array key 0
#0 /home/u561815069/domains/strassenads.com/public_html/app/Controllers/Home.php(223): CodeIgniter\Debug\Exceptions->errorHandler()
#1 /home/u561815069/domains/strassenads.com/public_html/system/CodeIgniter.php(825): App\Controllers\Home->category()
#2 /home/u561815069/domains/strassenads.com/public_html/system/CodeIgniter.php(412): CodeIgniter\CodeIgniter->runController()
#3 /home/u561815069/domains/strassenads.com/public_html/system/CodeIgniter.php(320): CodeIgniter\CodeIgniter->handleRequest()
#4 /home/u561815069/domains/strassenads.com/public_html/index.php(37): CodeIgniter\CodeIgniter->run()
#5 {main}
CRITICAL - 2022-09-03 05:15:39 --> Undefined array key 0
#0 /home/u561815069/domains/strassenads.com/public_html/app/Controllers/Home.php(223): CodeIgniter\Debug\Exceptions->errorHandler()
#1 /home/u561815069/domains/strassenads.com/public_html/system/CodeIgniter.php(825): App\Controllers\Home->category()
#2 /home/u561815069/domains/strassenads.com/public_html/system/CodeIgniter.php(412): CodeIgniter\CodeIgniter->runController()
#3 /home/u561815069/domains/strassenads.com/public_html/system/CodeIgniter.php(320): CodeIgniter\CodeIgniter->handleRequest()
#4 /home/u561815069/domains/strassenads.com/public_html/index.php(37): CodeIgniter\CodeIgniter->run()
#5 {main}
CRITICAL - 2022-09-03 05:16:15 --> Undefined array key 0
#0 /home/u561815069/domains/strassenads.com/public_html/app/Controllers/Home.php(223): CodeIgniter\Debug\Exceptions->errorHandler()
#1 /home/u561815069/domains/strassenads.com/public_html/system/CodeIgniter.php(825): App\Controllers\Home->category()
#2 /home/u561815069/domains/strassenads.com/public_html/system/CodeIgniter.php(412): CodeIgniter\CodeIgniter->runController()
#3 /home/u561815069/domains/strassenads.com/public_html/system/CodeIgniter.php(320): CodeIgniter\CodeIgniter->handleRequest()
#4 /home/u561815069/domains/strassenads.com/public_html/index.php(37): CodeIgniter\CodeIgniter->run()
#5 {main}
CRITICAL - 2022-09-03 05:26:45 --> Undefined property: stdClass::$business_image
#0 /home/u561815069/domains/strassenads.com/public_html/app/Views/list_business.php(212): CodeIgniter\Debug\Exceptions->errorHandler()
#1 /home/u561815069/domains/strassenads.com/public_html/system/View/View.php(210): include('/home/u56181506...')
#2 /home/u561815069/domains/strassenads.com/public_html/system/View/View.php(213): CodeIgniter\View\View->CodeIgniter\View\{closure}()
#3 /home/u561815069/domains/strassenads.com/public_html/system/Common.php(1089): CodeIgniter\View\View->render()
#4 /home/u561815069/domains/strassenads.com/public_html/app/Controllers/Home.php(198): view()
#5 /home/u561815069/domains/strassenads.com/public_html/system/CodeIgniter.php(825): App\Controllers\Home->city()
#6 /home/u561815069/domains/strassenads.com/public_html/system/CodeIgniter.php(412): CodeIgniter\CodeIgniter->runController()
#7 /home/u561815069/domains/strassenads.com/public_html/system/CodeIgniter.php(320): CodeIgniter\CodeIgniter->handleRequest()
#8 /home/u561815069/domains/strassenads.com/public_html/index.php(37): CodeIgniter\CodeIgniter->run()
#9 {main}
CRITICAL - 2022-09-03 05:29:02 --> Undefined property: stdClass::$business_image
#0 /home/u561815069/domains/strassenads.com/public_html/app/Views/list_business.php(212): CodeIgniter\Debug\Exceptions->errorHandler()
#1 /home/u561815069/domains/strassenads.com/public_html/system/View/View.php(210): include('/home/u56181506...')
#2 /home/u561815069/domains/strassenads.com/public_html/system/View/View.php(213): CodeIgniter\View\View->CodeIgniter\View\{closure}()
#3 /home/u561815069/domains/strassenads.com/public_html/system/Common.php(1089): CodeIgniter\View\View->render()
#4 /home/u561815069/domains/strassenads.com/public_html/app/Controllers/Home.php(198): view()
#5 /home/u561815069/domains/strassenads.com/public_html/system/CodeIgniter.php(825): App\Controllers\Home->city()
#6 /home/u561815069/domains/strassenads.com/public_html/system/CodeIgniter.php(412): CodeIgniter\CodeIgniter->runController()
#7 /home/u561815069/domains/strassenads.com/public_html/system/CodeIgniter.php(320): CodeIgniter\CodeIgniter->handleRequest()
#8 /home/u561815069/domains/strassenads.com/public_html/index.php(37): CodeIgniter\CodeIgniter->run()
#9 {main}
CRITICAL - 2022-09-03 05:30:43 --> Undefined property: stdClass::$business_image
#0 /home/u561815069/domains/strassenads.com/public_html/app/Views/list_business.php(212): CodeIgniter\Debug\Exceptions->errorHandler()
#1 /home/u561815069/domains/strassenads.com/public_html/system/View/View.php(210): include('/home/u56181506...')
#2 /home/u561815069/domains/strassenads.com/public_html/system/View/View.php(213): CodeIgniter\View\View->CodeIgniter\View\{closure}()
#3 /home/u561815069/domains/strassenads.com/public_html/system/Common.php(1089): CodeIgniter\View\View->render()
#4 /home/u561815069/domains/strassenads.com/public_html/app/Controllers/Home.php(198): view()
#5 /home/u561815069/domains/strassenads.com/public_html/system/CodeIgniter.php(825): App\Controllers\Home->city()
#6 /home/u561815069/domains/strassenads.com/public_html/system/CodeIgniter.php(412): CodeIgniter\CodeIgniter->runController()
#7 /home/u561815069/domains/strassenads.com/public_html/system/CodeIgniter.php(320): CodeIgniter\CodeIgniter->handleRequest()
#8 /home/u561815069/domains/strassenads.com/public_html/index.php(37): CodeIgniter\CodeIgniter->run()
#9 {main}
CRITICAL - 2022-09-03 05:46:59 --> Undefined property: stdClass::$business_image
#0 /home/u561815069/domains/strassenads.com/public_html/app/Views/list_business.php(212): CodeIgniter\Debug\Exceptions->errorHandler()
#1 /home/u561815069/domains/strassenads.com/public_html/system/View/View.php(210): include('/home/u56181506...')
#2 /home/u561815069/domains/strassenads.com/public_html/system/View/View.php(213): CodeIgniter\View\View->CodeIgniter\View\{closure}()
#3 /home/u561815069/domains/strassenads.com/public_html/system/Common.php(1089): CodeIgniter\View\View->render()
#4 /home/u561815069/domains/strassenads.com/public_html/app/Controllers/Home.php(265): view()
#5 /home/u561815069/domains/strassenads.com/public_html/system/CodeIgniter.php(825): App\Controllers\Home->category()
#6 /home/u561815069/domains/strassenads.com/public_html/system/CodeIgniter.php(412): CodeIgniter\CodeIgniter->runController()
#7 /home/u561815069/domains/strassenads.com/public_html/system/CodeIgniter.php(320): CodeIgniter\CodeIgniter->handleRequest()
#8 /home/u561815069/domains/strassenads.com/public_html/index.php(37): CodeIgniter\CodeIgniter->run()
#9 {main}
CRITICAL - 2022-09-03 05:55:45 --> Undefined array key 0
#0 /home/u561815069/domains/strassenads.com/public_html/app/Controllers/Home.php(223): CodeIgniter\Debug\Exceptions->errorHandler()
#1 /home/u561815069/domains/strassenads.com/public_html/system/CodeIgniter.php(825): App\Controllers\Home->category()
#2 /home/u561815069/domains/strassenads.com/public_html/system/CodeIgniter.php(412): CodeIgniter\CodeIgniter->runController()
#3 /home/u561815069/domains/strassenads.com/public_html/system/CodeIgniter.php(320): CodeIgniter\CodeIgniter->handleRequest()
#4 /home/u561815069/domains/strassenads.com/public_html/index.php(37): CodeIgniter\CodeIgniter->run()
#5 {main}
CRITICAL - 2022-09-03 05:57:16 --> Undefined array key 0
#0 /home/u561815069/domains/strassenads.com/public_html/app/Controllers/Home.php(223): CodeIgniter\Debug\Exceptions->errorHandler()
#1 /home/u561815069/domains/strassenads.com/public_html/system/CodeIgniter.php(825): App\Controllers\Home->category()
#2 /home/u561815069/domains/strassenads.com/public_html/system/CodeIgniter.php(412): CodeIgniter\CodeIgniter->runController()
#3 /home/u561815069/domains/strassenads.com/public_html/system/CodeIgniter.php(320): CodeIgniter\CodeIgniter->handleRequest()
#4 /home/u561815069/domains/strassenads.com/public_html/index.php(37): CodeIgniter\CodeIgniter->run()
#5 {main}
CRITICAL - 2022-09-03 05:57:55 --> Undefined array key 0
#0 /home/u561815069/domains/strassenads.com/public_html/app/Controllers/Home.php(223): CodeIgniter\Debug\Exceptions->errorHandler()
#1 /home/u561815069/domains/strassenads.com/public_html/system/CodeIgniter.php(825): App\Controllers\Home->category()
#2 /home/u561815069/domains/strassenads.com/public_html/system/CodeIgniter.php(412): CodeIgniter\CodeIgniter->runController()
#3 /home/u561815069/domains/strassenads.com/public_html/system/CodeIgniter.php(320): CodeIgniter\CodeIgniter->handleRequest()
#4 /home/u561815069/domains/strassenads.com/public_html/index.php(37): CodeIgniter\CodeIgniter->run()
#5 {main}
CRITICAL - 2022-09-03 05:58:35 --> Undefined property: stdClass::$business_image
#0 /home/u561815069/domains/strassenads.com/public_html/app/Views/list_business.php(212): CodeIgniter\Debug\Exceptions->errorHandler()
#1 /home/u561815069/domains/strassenads.com/public_html/system/View/View.php(210): include('/home/u56181506...')
#2 /home/u561815069/domains/strassenads.com/public_html/system/View/View.php(213): CodeIgniter\View\View->CodeIgniter\View\{closure}()
#3 /home/u561815069/domains/strassenads.com/public_html/system/Common.php(1089): CodeIgniter\View\View->render()
#4 /home/u561815069/domains/strassenads.com/public_html/app/Controllers/Home.php(265): view()
#5 /home/u561815069/domains/strassenads.com/public_html/system/CodeIgniter.php(825): App\Controllers\Home->category()
#6 /home/u561815069/domains/strassenads.com/public_html/system/CodeIgniter.php(412): CodeIgniter\CodeIgniter->runController()
#7 /home/u561815069/domains/strassenads.com/public_html/system/CodeIgniter.php(320): CodeIgniter\CodeIgniter->handleRequest()
#8 /home/u561815069/domains/strassenads.com/public_html/index.php(37): CodeIgniter\CodeIgniter->run()
#9 {main}
CRITICAL - 2022-09-03 05:59:14 --> Undefined array key 0
#0 /home/u561815069/domains/strassenads.com/public_html/app/Controllers/Home.php(223): CodeIgniter\Debug\Exceptions->errorHandler()
#1 /home/u561815069/domains/strassenads.com/public_html/system/CodeIgniter.php(825): App\Controllers\Home->category()
#2 /home/u561815069/domains/strassenads.com/public_html/system/CodeIgniter.php(412): CodeIgniter\CodeIgniter->runController()
#3 /home/u561815069/domains/strassenads.com/public_html/system/CodeIgniter.php(320): CodeIgniter\CodeIgniter->handleRequest()
#4 /home/u561815069/domains/strassenads.com/public_html/index.php(37): CodeIgniter\CodeIgniter->run()
#5 {main}
CRITICAL - 2022-09-03 05:59:52 --> Undefined array key 0
#0 /home/u561815069/domains/strassenads.com/public_html/app/Controllers/Home.php(223): CodeIgniter\Debug\Exceptions->errorHandler()
#1 /home/u561815069/domains/strassenads.com/public_html/system/CodeIgniter.php(825): App\Controllers\Home->category()
#2 /home/u561815069/domains/strassenads.com/public_html/system/CodeIgniter.php(412): CodeIgniter\CodeIgniter->runController()
#3 /home/u561815069/domains/strassenads.com/public_html/system/CodeIgniter.php(320): CodeIgniter\CodeIgniter->handleRequest()
#4 /home/u561815069/domains/strassenads.com/public_html/index.php(37): CodeIgniter\CodeIgniter->run()
#5 {main}
CRITICAL - 2022-09-03 06:00:31 --> Undefined array key 0
#0 /home/u561815069/domains/strassenads.com/public_html/app/Controllers/Home.php(223): CodeIgniter\Debug\Exceptions->errorHandler()
#1 /home/u561815069/domains/strassenads.com/public_html/system/CodeIgniter.php(825): App\Controllers\Home->category()
#2 /home/u561815069/domains/strassenads.com/public_html/system/CodeIgniter.php(412): CodeIgniter\CodeIgniter->runController()
#3 /home/u561815069/domains/strassenads.com/public_html/system/CodeIgniter.php(320): CodeIgniter\CodeIgniter->handleRequest()
#4 /home/u561815069/domains/strassenads.com/public_html/index.php(37): CodeIgniter\CodeIgniter->run()
#5 {main}
CRITICAL - 2022-09-03 06:01:07 --> Undefined property: stdClass::$business_image
#0 /home/u561815069/domains/strassenads.com/public_html/app/Views/list_business.php(212): CodeIgniter\Debug\Exceptions->errorHandler()
#1 /home/u561815069/domains/strassenads.com/public_html/system/View/View.php(210): include('/home/u56181506...')
#2 /home/u561815069/domains/strassenads.com/public_html/system/View/View.php(213): CodeIgniter\View\View->CodeIgniter\View\{closure}()
#3 /home/u561815069/domains/strassenads.com/public_html/system/Common.php(1089): CodeIgniter\View\View->render()
#4 /home/u561815069/domains/strassenads.com/public_html/app/Controllers/Home.php(265): view()
#5 /home/u561815069/domains/strassenads.com/public_html/system/CodeIgniter.php(825): App\Controllers\Home->category()
#6 /home/u561815069/domains/strassenads.com/public_html/system/CodeIgniter.php(412): CodeIgniter\CodeIgniter->runController()
#7 /home/u561815069/domains/strassenads.com/public_html/system/CodeIgniter.php(320): CodeIgniter\CodeIgniter->handleRequest()
#8 /home/u561815069/domains/strassenads.com/public_html/index.php(37): CodeIgniter\CodeIgniter->run()
#9 {main}
CRITICAL - 2022-09-03 06:01:42 --> Undefined property: stdClass::$business_image
#0 /home/u561815069/domains/strassenads.com/public_html/app/Views/list_business.php(212): CodeIgniter\Debug\Exceptions->errorHandler()
#1 /home/u561815069/domains/strassenads.com/public_html/system/View/View.php(210): include('/home/u56181506...')
#2 /home/u561815069/domains/strassenads.com/public_html/system/View/View.php(213): CodeIgniter\View\View->CodeIgniter\View\{closure}()
#3 /home/u561815069/domains/strassenads.com/public_html/system/Common.php(1089): CodeIgniter\View\View->render()
#4 /home/u561815069/domains/strassenads.com/public_html/app/Controllers/Home.php(265): view()
#5 /home/u561815069/domains/strassenads.com/public_html/system/CodeIgniter.php(825): App\Controllers\Home->category()
#6 /home/u561815069/domains/strassenads.com/public_html/system/CodeIgniter.php(412): CodeIgniter\CodeIgniter->runController()
#7 /home/u561815069/domains/strassenads.com/public_html/system/CodeIgniter.php(320): CodeIgniter\CodeIgniter->handleRequest()
#8 /home/u561815069/domains/strassenads.com/public_html/index.php(37): CodeIgniter\CodeIgniter->run()
#9 {main}
CRITICAL - 2022-09-03 06:02:17 --> Undefined property: stdClass::$business_image
#0 /home/u561815069/domains/strassenads.com/public_html/app/Views/list_business.php(212): CodeIgniter\Debug\Exceptions->errorHandler()
#1 /home/u561815069/domains/strassenads.com/public_html/system/View/View.php(210): include('/home/u56181506...')
#2 /home/u561815069/domains/strassenads.com/public_html/system/View/View.php(213): CodeIgniter\View\View->CodeIgniter\View\{closure}()
#3 /home/u561815069/domains/strassenads.com/public_html/system/Common.php(1089): CodeIgniter\View\View->render()
#4 /home/u561815069/domains/strassenads.com/public_html/app/Controllers/Home.php(265): view()
#5 /home/u561815069/domains/strassenads.com/public_html/system/CodeIgniter.php(825): App\Controllers\Home->category()
#6 /home/u561815069/domains/strassenads.com/public_html/system/CodeIgniter.php(412): CodeIgniter\CodeIgniter->runController()
#7 /home/u561815069/domains/strassenads.com/public_html/system/CodeIgniter.php(320): CodeIgniter\CodeIgniter->handleRequest()
#8 /home/u561815069/domains/strassenads.com/public_html/index.php(37): CodeIgniter\CodeIgniter->run()
#9 {main}
CRITICAL - 2022-09-03 06:02:52 --> Undefined property: stdClass::$business_image
#0 /home/u561815069/domains/strassenads.com/public_html/app/Views/list_business.php(212): CodeIgniter\Debug\Exceptions->errorHandler()
#1 /home/u561815069/domains/strassenads.com/public_html/system/View/View.php(210): include('/home/u56181506...')
#2 /home/u561815069/domains/strassenads.com/public_html/system/View/View.php(213): CodeIgniter\View\View->CodeIgniter\View\{closure}()
#3 /home/u561815069/domains/strassenads.com/public_html/system/Common.php(1089): CodeIgniter\View\View->render()
#4 /home/u561815069/domains/strassenads.com/public_html/app/Controllers/Home.php(265): view()
#5 /home/u561815069/domains/strassenads.com/public_html/system/CodeIgniter.php(825): App\Controllers\Home->category()
#6 /home/u561815069/domains/strassenads.com/public_html/system/CodeIgniter.php(412): CodeIgniter\CodeIgniter->runController()
#7 /home/u561815069/domains/strassenads.com/public_html/system/CodeIgniter.php(320): CodeIgniter\CodeIgniter->handleRequest()
#8 /home/u561815069/domains/strassenads.com/public_html/index.php(37): CodeIgniter\CodeIgniter->run()
#9 {main}
CRITICAL - 2022-09-03 06:04:03 --> Undefined array key 0
#0 /home/u561815069/domains/strassenads.com/public_html/app/Controllers/Home.php(223): CodeIgniter\Debug\Exceptions->errorHandler()
#1 /home/u561815069/domains/strassenads.com/public_html/system/CodeIgniter.php(825): App\Controllers\Home->category()
#2 /home/u561815069/domains/strassenads.com/public_html/system/CodeIgniter.php(412): CodeIgniter\CodeIgniter->runController()
#3 /home/u561815069/domains/strassenads.com/public_html/system/CodeIgniter.php(320): CodeIgniter\CodeIgniter->handleRequest()
#4 /home/u561815069/domains/strassenads.com/public_html/index.php(37): CodeIgniter\CodeIgniter->run()
#5 {main}
CRITICAL - 2022-09-03 06:04:38 --> Undefined property: stdClass::$business_image
#0 /home/u561815069/domains/strassenads.com/public_html/app/Views/list_business.php(212): CodeIgniter\Debug\Exceptions->errorHandler()
#1 /home/u561815069/domains/strassenads.com/public_html/system/View/View.php(210): include('/home/u56181506...')
#2 /home/u561815069/domains/strassenads.com/public_html/system/View/View.php(213): CodeIgniter\View\View->CodeIgniter\View\{closure}()
#3 /home/u561815069/domains/strassenads.com/public_html/system/Common.php(1089): CodeIgniter\View\View->render()
#4 /home/u561815069/domains/strassenads.com/public_html/app/Controllers/Home.php(265): view()
#5 /home/u561815069/domains/strassenads.com/public_html/system/CodeIgniter.php(825): App\Controllers\Home->category()
#6 /home/u561815069/domains/strassenads.com/public_html/system/CodeIgniter.php(412): CodeIgniter\CodeIgniter->runController()
#7 /home/u561815069/domains/strassenads.com/public_html/system/CodeIgniter.php(320): CodeIgniter\CodeIgniter->handleRequest()
#8 /home/u561815069/domains/strassenads.com/public_html/index.php(37): CodeIgniter\CodeIgniter->run()
#9 {main}
CRITICAL - 2022-09-03 06:05:13 --> Undefined property: stdClass::$business_image
#0 /home/u561815069/domains/strassenads.com/public_html/app/Views/list_business.php(212): CodeIgniter\Debug\Exceptions->errorHandler()
#1 /home/u561815069/domains/strassenads.com/public_html/system/View/View.php(210): include('/home/u56181506...')
#2 /home/u561815069/domains/strassenads.com/public_html/system/View/View.php(213): CodeIgniter\View\View->CodeIgniter\View\{closure}()
#3 /home/u561815069/domains/strassenads.com/public_html/system/Common.php(1089): CodeIgniter\View\View->render()
#4 /home/u561815069/domains/strassenads.com/public_html/app/Controllers/Home.php(265): view()
#5 /home/u561815069/domains/strassenads.com/public_html/system/CodeIgniter.php(825): App\Controllers\Home->category()
#6 /home/u561815069/domains/strassenads.com/public_html/system/CodeIgniter.php(412): CodeIgniter\CodeIgniter->runController()
#7 /home/u561815069/domains/strassenads.com/public_html/system/CodeIgniter.php(320): CodeIgniter\CodeIgniter->handleRequest()
#8 /home/u561815069/domains/strassenads.com/public_html/index.php(37): CodeIgniter\CodeIgniter->run()
#9 {main}
CRITICAL - 2022-09-03 06:05:50 --> Undefined property: stdClass::$business_image
#0 /home/u561815069/domains/strassenads.com/public_html/app/Views/list_business.php(212): CodeIgniter\Debug\Exceptions->errorHandler()
#1 /home/u561815069/domains/strassenads.com/public_html/system/View/View.php(210): include('/home/u56181506...')
#2 /home/u561815069/domains/strassenads.com/public_html/system/View/View.php(213): CodeIgniter\View\View->CodeIgniter\View\{closure}()
#3 /home/u561815069/domains/strassenads.com/public_html/system/Common.php(1089): CodeIgniter\View\View->render()
#4 /home/u561815069/domains/strassenads.com/public_html/app/Controllers/Home.php(265): view()
#5 /home/u561815069/domains/strassenads.com/public_html/system/CodeIgniter.php(825): App\Controllers\Home->category()
#6 /home/u561815069/domains/strassenads.com/public_html/system/CodeIgniter.php(412): CodeIgniter\CodeIgniter->runController()
#7 /home/u561815069/domains/strassenads.com/public_html/system/CodeIgniter.php(320): CodeIgniter\CodeIgniter->handleRequest()
#8 /home/u561815069/domains/strassenads.com/public_html/index.php(37): CodeIgniter\CodeIgniter->run()
#9 {main}
CRITICAL - 2022-09-03 06:06:24 --> Undefined property: stdClass::$business_image
#0 /home/u561815069/domains/strassenads.com/public_html/app/Views/list_business.php(212): CodeIgniter\Debug\Exceptions->errorHandler()
#1 /home/u561815069/domains/strassenads.com/public_html/system/View/View.php(210): include('/home/u56181506...')
#2 /home/u561815069/domains/strassenads.com/public_html/system/View/View.php(213): CodeIgniter\View\View->CodeIgniter\View\{closure}()
#3 /home/u561815069/domains/strassenads.com/public_html/system/Common.php(1089): CodeIgniter\View\View->render()
#4 /home/u561815069/domains/strassenads.com/public_html/app/Controllers/Home.php(265): view()
#5 /home/u561815069/domains/strassenads.com/public_html/system/CodeIgniter.php(825): App\Controllers\Home->category()
#6 /home/u561815069/domains/strassenads.com/public_html/system/CodeIgniter.php(412): CodeIgniter\CodeIgniter->runController()
#7 /home/u561815069/domains/strassenads.com/public_html/system/CodeIgniter.php(320): CodeIgniter\CodeIgniter->handleRequest()
#8 /home/u561815069/domains/strassenads.com/public_html/index.php(37): CodeIgniter\CodeIgniter->run()
#9 {main}
CRITICAL - 2022-09-03 06:28:42 --> Undefined property: stdClass::$business_image
#0 /home/u561815069/domains/strassenads.com/public_html/app/Views/list_business.php(212): CodeIgniter\Debug\Exceptions->errorHandler()
#1 /home/u561815069/domains/strassenads.com/public_html/system/View/View.php(210): include('/home/u56181506...')
#2 /home/u561815069/domains/strassenads.com/public_html/system/View/View.php(213): CodeIgniter\View\View->CodeIgniter\View\{closure}()
#3 /home/u561815069/domains/strassenads.com/public_html/system/Common.php(1089): CodeIgniter\View\View->render()
#4 /home/u561815069/domains/strassenads.com/public_html/app/Controllers/Home.php(198): view()
#5 /home/u561815069/domains/strassenads.com/public_html/system/CodeIgniter.php(825): App\Controllers\Home->city()
#6 /home/u561815069/domains/strassenads.com/public_html/system/CodeIgniter.php(412): CodeIgniter\CodeIgniter->runController()
#7 /home/u561815069/domains/strassenads.com/public_html/system/CodeIgniter.php(320): CodeIgniter\CodeIgniter->handleRequest()
#8 /home/u561815069/domains/strassenads.com/public_html/index.php(37): CodeIgniter\CodeIgniter->run()
#9 {main}
CRITICAL - 2022-09-03 06:29:45 --> Undefined property: stdClass::$business_image
#0 /home/u561815069/domains/strassenads.com/public_html/app/Views/list_business.php(212): CodeIgniter\Debug\Exceptions->errorHandler()
#1 /home/u561815069/domains/strassenads.com/public_html/system/View/View.php(210): include('/home/u56181506...')
#2 /home/u561815069/domains/strassenads.com/public_html/system/View/View.php(213): CodeIgniter\View\View->CodeIgniter\View\{closure}()
#3 /home/u561815069/domains/strassenads.com/public_html/system/Common.php(1089): CodeIgniter\View\View->render()
#4 /home/u561815069/domains/strassenads.com/public_html/app/Controllers/Home.php(198): view()
#5 /home/u561815069/domains/strassenads.com/public_html/system/CodeIgniter.php(825): App\Controllers\Home->city()
#6 /home/u561815069/domains/strassenads.com/public_html/system/CodeIgniter.php(412): CodeIgniter\CodeIgniter->runController()
#7 /home/u561815069/domains/strassenads.com/public_html/system/CodeIgniter.php(320): CodeIgniter\CodeIgniter->handleRequest()
#8 /home/u561815069/domains/strassenads.com/public_html/index.php(37): CodeIgniter\CodeIgniter->run()
#9 {main}
CRITICAL - 2022-09-03 06:31:40 --> Undefined property: stdClass::$business_image
#0 /home/u561815069/domains/strassenads.com/public_html/app/Views/list_business.php(212): CodeIgniter\Debug\Exceptions->errorHandler()
#1 /home/u561815069/domains/strassenads.com/public_html/system/View/View.php(210): include('/home/u56181506...')
#2 /home/u561815069/domains/strassenads.com/public_html/system/View/View.php(213): CodeIgniter\View\View->CodeIgniter\View\{closure}()
#3 /home/u561815069/domains/strassenads.com/public_html/system/Common.php(1089): CodeIgniter\View\View->render()
#4 /home/u561815069/domains/strassenads.com/public_html/app/Controllers/Home.php(198): view()
#5 /home/u561815069/domains/strassenads.com/public_html/system/CodeIgniter.php(825): App\Controllers\Home->city()
#6 /home/u561815069/domains/strassenads.com/public_html/system/CodeIgniter.php(412): CodeIgniter\CodeIgniter->runController()
#7 /home/u561815069/domains/strassenads.com/public_html/system/CodeIgniter.php(320): CodeIgniter\CodeIgniter->handleRequest()
#8 /home/u561815069/domains/strassenads.com/public_html/index.php(37): CodeIgniter\CodeIgniter->run()
#9 {main}
CRITICAL - 2022-09-03 06:32:15 --> Undefined property: stdClass::$business_image
#0 /home/u561815069/domains/strassenads.com/public_html/app/Views/list_business.php(212): CodeIgniter\Debug\Exceptions->errorHandler()
#1 /home/u561815069/domains/strassenads.com/public_html/system/View/View.php(210): include('/home/u56181506...')
#2 /home/u561815069/domains/strassenads.com/public_html/system/View/View.php(213): CodeIgniter\View\View->CodeIgniter\View\{closure}()
#3 /home/u561815069/domains/strassenads.com/public_html/system/Common.php(1089): CodeIgniter\View\View->render()
#4 /home/u561815069/domains/strassenads.com/public_html/app/Controllers/Home.php(265): view()
#5 /home/u561815069/domains/strassenads.com/public_html/system/CodeIgniter.php(825): App\Controllers\Home->category()
#6 /home/u561815069/domains/strassenads.com/public_html/system/CodeIgniter.php(412): CodeIgniter\CodeIgniter->runController()
#7 /home/u561815069/domains/strassenads.com/public_html/system/CodeIgniter.php(320): CodeIgniter\CodeIgniter->handleRequest()
#8 /home/u561815069/domains/strassenads.com/public_html/index.php(37): CodeIgniter\CodeIgniter->run()
#9 {main}
CRITICAL - 2022-09-03 07:05:48 --> Undefined property: stdClass::$business_image
#0 /home/u561815069/domains/strassenads.com/public_html/app/Views/list_business.php(212): CodeIgniter\Debug\Exceptions->errorHandler()
#1 /home/u561815069/domains/strassenads.com/public_html/system/View/View.php(210): include('/home/u56181506...')
#2 /home/u561815069/domains/strassenads.com/public_html/system/View/View.php(213): CodeIgniter\View\View->CodeIgniter\View\{closure}()
#3 /home/u561815069/domains/strassenads.com/public_html/system/Common.php(1089): CodeIgniter\View\View->render()
#4 /home/u561815069/domains/strassenads.com/public_html/app/Controllers/Home.php(198): view()
#5 /home/u561815069/domains/strassenads.com/public_html/system/CodeIgniter.php(825): App\Controllers\Home->city()
#6 /home/u561815069/domains/strassenads.com/public_html/system/CodeIgniter.php(412): CodeIgniter\CodeIgniter->runController()
#7 /home/u561815069/domains/strassenads.com/public_html/system/CodeIgniter.php(320): CodeIgniter\CodeIgniter->handleRequest()
#8 /home/u561815069/domains/strassenads.com/public_html/index.php(37): CodeIgniter\CodeIgniter->run()
#9 {main}
CRITICAL - 2022-09-03 07:07:33 --> Undefined property: stdClass::$business_image
#0 /home/u561815069/domains/strassenads.com/public_html/app/Views/list_business.php(212): CodeIgniter\Debug\Exceptions->errorHandler()
#1 /home/u561815069/domains/strassenads.com/public_html/system/View/View.php(210): include('/home/u56181506...')
#2 /home/u561815069/domains/strassenads.com/public_html/system/View/View.php(213): CodeIgniter\View\View->CodeIgniter\View\{closure}()
#3 /home/u561815069/domains/strassenads.com/public_html/system/Common.php(1089): CodeIgniter\View\View->render()
#4 /home/u561815069/domains/strassenads.com/public_html/app/Controllers/Home.php(198): view()
#5 /home/u561815069/domains/strassenads.com/public_html/system/CodeIgniter.php(825): App\Controllers\Home->city()
#6 /home/u561815069/domains/strassenads.com/public_html/system/CodeIgniter.php(412): CodeIgniter\CodeIgniter->runController()
#7 /home/u561815069/domains/strassenads.com/public_html/system/CodeIgniter.php(320): CodeIgniter\CodeIgniter->handleRequest()
#8 /home/u561815069/domains/strassenads.com/public_html/index.php(37): CodeIgniter\CodeIgniter->run()
#9 {main}
CRITICAL - 2022-09-03 07:09:48 --> Undefined property: stdClass::$business_image
#0 /home/u561815069/domains/strassenads.com/public_html/app/Views/list_business.php(212): CodeIgniter\Debug\Exceptions->errorHandler()
#1 /home/u561815069/domains/strassenads.com/public_html/system/View/View.php(210): include('/home/u56181506...')
#2 /home/u561815069/domains/strassenads.com/public_html/system/View/View.php(213): CodeIgniter\View\View->CodeIgniter\View\{closure}()
#3 /home/u561815069/domains/strassenads.com/public_html/system/Common.php(1089): CodeIgniter\View\View->render()
#4 /home/u561815069/domains/strassenads.com/public_html/app/Controllers/Home.php(198): view()
#5 /home/u561815069/domains/strassenads.com/public_html/system/CodeIgniter.php(825): App\Controllers\Home->city()
#6 /home/u561815069/domains/strassenads.com/public_html/system/CodeIgniter.php(412): CodeIgniter\CodeIgniter->runController()
#7 /home/u561815069/domains/strassenads.com/public_html/system/CodeIgniter.php(320): CodeIgniter\CodeIgniter->handleRequest()
#8 /home/u561815069/domains/strassenads.com/public_html/index.php(37): CodeIgniter\CodeIgniter->run()
#9 {main}
CRITICAL - 2022-09-03 08:07:42 --> Undefined property: stdClass::$business_image
#0 /home/u561815069/domains/strassenads.com/public_html/app/Views/list_business.php(212): CodeIgniter\Debug\Exceptions->errorHandler()
#1 /home/u561815069/domains/strassenads.com/public_html/system/View/View.php(210): include('/home/u56181506...')
#2 /home/u561815069/domains/strassenads.com/public_html/system/View/View.php(213): CodeIgniter\View\View->CodeIgniter\View\{closure}()
#3 /home/u561815069/domains/strassenads.com/public_html/system/Common.php(1089): CodeIgniter\View\View->render()
#4 /home/u561815069/domains/strassenads.com/public_html/app/Controllers/Home.php(198): view()
#5 /home/u561815069/domains/strassenads.com/public_html/system/CodeIgniter.php(825): App\Controllers\Home->city()
#6 /home/u561815069/domains/strassenads.com/public_html/system/CodeIgniter.php(412): CodeIgniter\CodeIgniter->runController()
#7 /home/u561815069/domains/strassenads.com/public_html/system/CodeIgniter.php(320): CodeIgniter\CodeIgniter->handleRequest()
#8 /home/u561815069/domains/strassenads.com/public_html/index.php(37): CodeIgniter\CodeIgniter->run()
#9 {main}
CRITICAL - 2022-09-03 08:08:33 --> Undefined property: stdClass::$business_image
#0 /home/u561815069/domains/strassenads.com/public_html/app/Views/list_business.php(212): CodeIgniter\Debug\Exceptions->errorHandler()
#1 /home/u561815069/domains/strassenads.com/public_html/system/View/View.php(210): include('/home/u56181506...')
#2 /home/u561815069/domains/strassenads.com/public_html/system/View/View.php(213): CodeIgniter\View\View->CodeIgniter\View\{closure}()
#3 /home/u561815069/domains/strassenads.com/public_html/system/Common.php(1089): CodeIgniter\View\View->render()
#4 /home/u561815069/domains/strassenads.com/public_html/app/Controllers/Home.php(198): view()
#5 /home/u561815069/domains/strassenads.com/public_html/system/CodeIgniter.php(825): App\Controllers\Home->city()
#6 /home/u561815069/domains/strassenads.com/public_html/system/CodeIgniter.php(412): CodeIgniter\CodeIgniter->runController()
#7 /home/u561815069/domains/strassenads.com/public_html/system/CodeIgniter.php(320): CodeIgniter\CodeIgniter->handleRequest()
#8 /home/u561815069/domains/strassenads.com/public_html/index.php(37): CodeIgniter\CodeIgniter->run()
#9 {main}
CRITICAL - 2022-09-03 08:09:10 --> Undefined property: stdClass::$business_image
#0 /home/u561815069/domains/strassenads.com/public_html/app/Views/list_business.php(212): CodeIgniter\Debug\Exceptions->errorHandler()
#1 /home/u561815069/domains/strassenads.com/public_html/system/View/View.php(210): include('/home/u56181506...')
#2 /home/u561815069/domains/strassenads.com/public_html/system/View/View.php(213): CodeIgniter\View\View->CodeIgniter\View\{closure}()
#3 /home/u561815069/domains/strassenads.com/public_html/system/Common.php(1089): CodeIgniter\View\View->render()
#4 /home/u561815069/domains/strassenads.com/public_html/app/Controllers/Home.php(198): view()
#5 /home/u561815069/domains/strassenads.com/public_html/system/CodeIgniter.php(825): App\Controllers\Home->city()
#6 /home/u561815069/domains/strassenads.com/public_html/system/CodeIgniter.php(412): CodeIgniter\CodeIgniter->runController()
#7 /home/u561815069/domains/strassenads.com/public_html/system/CodeIgniter.php(320): CodeIgniter\CodeIgniter->handleRequest()
#8 /home/u561815069/domains/strassenads.com/public_html/index.php(37): CodeIgniter\CodeIgniter->run()
#9 {main}
CRITICAL - 2022-09-03 09:41:16 --> Undefined property: stdClass::$business_image
#0 /home/u561815069/domains/strassenads.com/public_html/app/Views/list_business.php(212): CodeIgniter\Debug\Exceptions->errorHandler()
#1 /home/u561815069/domains/strassenads.com/public_html/system/View/View.php(210): include('/home/u56181506...')
#2 /home/u561815069/domains/strassenads.com/public_html/system/View/View.php(213): CodeIgniter\View\View->CodeIgniter\View\{closure}()
#3 /home/u561815069/domains/strassenads.com/public_html/system/Common.php(1089): CodeIgniter\View\View->render()
#4 /home/u561815069/domains/strassenads.com/public_html/app/Controllers/Home.php(265): view()
#5 /home/u561815069/domains/strassenads.com/public_html/system/CodeIgniter.php(825): App\Controllers\Home->category()
#6 /home/u561815069/domains/strassenads.com/public_html/system/CodeIgniter.php(412): CodeIgniter\CodeIgniter->runController()
#7 /home/u561815069/domains/strassenads.com/public_html/system/CodeIgniter.php(320): CodeIgniter\CodeIgniter->handleRequest()
#8 /home/u561815069/domains/strassenads.com/public_html/index.php(37): CodeIgniter\CodeIgniter->run()
#9 {main}
CRITICAL - 2022-09-03 10:21:31 --> Undefined property: stdClass::$business_image
#0 /home/u561815069/domains/strassenads.com/public_html/app/Views/list_business.php(212): CodeIgniter\Debug\Exceptions->errorHandler()
#1 /home/u561815069/domains/strassenads.com/public_html/system/View/View.php(210): include('/home/u56181506...')
#2 /home/u561815069/domains/strassenads.com/public_html/system/View/View.php(213): CodeIgniter\View\View->CodeIgniter\View\{closure}()
#3 /home/u561815069/domains/strassenads.com/public_html/system/Common.php(1089): CodeIgniter\View\View->render()
#4 /home/u561815069/domains/strassenads.com/public_html/app/Controllers/Home.php(198): view()
#5 /home/u561815069/domains/strassenads.com/public_html/system/CodeIgniter.php(825): App\Controllers\Home->city()
#6 /home/u561815069/domains/strassenads.com/public_html/system/CodeIgniter.php(412): CodeIgniter\CodeIgniter->runController()
#7 /home/u561815069/domains/strassenads.com/public_html/system/CodeIgniter.php(320): CodeIgniter\CodeIgniter->handleRequest()
#8 /home/u561815069/domains/strassenads.com/public_html/index.php(37): CodeIgniter\CodeIgniter->run()
#9 {main}
CRITICAL - 2022-09-03 11:04:51 --> Undefined property: stdClass::$business_image
#0 /home/u561815069/domains/strassenads.com/public_html/app/Views/list_business.php(212): CodeIgniter\Debug\Exceptions->errorHandler()
#1 /home/u561815069/domains/strassenads.com/public_html/system/View/View.php(210): include('/home/u56181506...')
#2 /home/u561815069/domains/strassenads.com/public_html/system/View/View.php(213): CodeIgniter\View\View->CodeIgniter\View\{closure}()
#3 /home/u561815069/domains/strassenads.com/public_html/system/Common.php(1089): CodeIgniter\View\View->render()
#4 /home/u561815069/domains/strassenads.com/public_html/app/Controllers/Home.php(265): view()
#5 /home/u561815069/domains/strassenads.com/public_html/system/CodeIgniter.php(825): App\Controllers\Home->category()
#6 /home/u561815069/domains/strassenads.com/public_html/system/CodeIgniter.php(412): CodeIgniter\CodeIgniter->runController()
#7 /home/u561815069/domains/strassenads.com/public_html/system/CodeIgniter.php(320): CodeIgniter\CodeIgniter->handleRequest()
#8 /home/u561815069/domains/strassenads.com/public_html/index.php(37): CodeIgniter\CodeIgniter->run()
#9 {main}
CRITICAL - 2022-09-03 16:42:14 --> Undefined property: stdClass::$business_image
#0 /home/u561815069/domains/strassenads.com/public_html/app/Views/list_business.php(212): CodeIgniter\Debug\Exceptions->errorHandler()
#1 /home/u561815069/domains/strassenads.com/public_html/system/View/View.php(210): include('/home/u56181506...')
#2 /home/u561815069/domains/strassenads.com/public_html/system/View/View.php(213): CodeIgniter\View\View->CodeIgniter\View\{closure}()
#3 /home/u561815069/domains/strassenads.com/public_html/system/Common.php(1089): CodeIgniter\View\View->render()
#4 /home/u561815069/domains/strassenads.com/public_html/app/Controllers/Home.php(265): view()
#5 /home/u561815069/domains/strassenads.com/public_html/system/CodeIgniter.php(825): App\Controllers\Home->category()
#6 /home/u561815069/domains/strassenads.com/public_html/system/CodeIgniter.php(412): CodeIgniter\CodeIgniter->runController()
#7 /home/u561815069/domains/strassenads.com/public_html/system/CodeIgniter.php(320): CodeIgniter\CodeIgniter->handleRequest()
#8 /home/u561815069/domains/strassenads.com/public_html/index.php(37): CodeIgniter\CodeIgniter->run()
#9 {main}
CRITICAL - 2022-09-03 18:24:27 --> Undefined property: stdClass::$business_image
#0 /home/u561815069/domains/strassenads.com/public_html/app/Views/list_business.php(212): CodeIgniter\Debug\Exceptions->errorHandler()
#1 /home/u561815069/domains/strassenads.com/public_html/system/View/View.php(210): include('/home/u56181506...')
#2 /home/u561815069/domains/strassenads.com/public_html/system/View/View.php(213): CodeIgniter\View\View->CodeIgniter\View\{closure}()
#3 /home/u561815069/domains/strassenads.com/public_html/system/Common.php(1089): CodeIgniter\View\View->render()
#4 /home/u561815069/domains/strassenads.com/public_html/app/Controllers/Home.php(198): view()
#5 /home/u561815069/domains/strassenads.com/public_html/system/CodeIgniter.php(825): App\Controllers\Home->city()
#6 /home/u561815069/domains/strassenads.com/public_html/system/CodeIgniter.php(412): CodeIgniter\CodeIgniter->runController()
#7 /home/u561815069/domains/strassenads.com/public_html/system/CodeIgniter.php(320): CodeIgniter\CodeIgniter->handleRequest()
#8 /home/u561815069/domains/strassenads.com/public_html/index.php(37): CodeIgniter\CodeIgniter->run()
#9 {main}
CRITICAL - 2022-09-03 19:21:42 --> Undefined property: stdClass::$business_image
#0 /home/u561815069/domains/strassenads.com/public_html/app/Views/list_business.php(212): CodeIgniter\Debug\Exceptions->errorHandler()
#1 /home/u561815069/domains/strassenads.com/public_html/system/View/View.php(210): include('/home/u56181506...')
#2 /home/u561815069/domains/strassenads.com/public_html/system/View/View.php(213): CodeIgniter\View\View->CodeIgniter\View\{closure}()
#3 /home/u561815069/domains/strassenads.com/public_html/system/Common.php(1089): CodeIgniter\View\View->render()
#4 /home/u561815069/domains/strassenads.com/public_html/app/Controllers/Home.php(265): view()
#5 /home/u561815069/domains/strassenads.com/public_html/system/CodeIgniter.php(825): App\Controllers\Home->category()
#6 /home/u561815069/domains/strassenads.com/public_html/system/CodeIgniter.php(412): CodeIgniter\CodeIgniter->runController()
#7 /home/u561815069/domains/strassenads.com/public_html/system/CodeIgniter.php(320): CodeIgniter\CodeIgniter->handleRequest()
#8 /home/u561815069/domains/strassenads.com/public_html/index.php(37): CodeIgniter\CodeIgniter->run()
#9 {main}
CRITICAL - 2022-09-03 21:03:55 --> Undefined property: stdClass::$business_image
#0 /home/u561815069/domains/strassenads.com/public_html/app/Views/list_business.php(212): CodeIgniter\Debug\Exceptions->errorHandler()
#1 /home/u561815069/domains/strassenads.com/public_html/system/View/View.php(210): include('/home/u56181506...')
#2 /home/u561815069/domains/strassenads.com/public_html/system/View/View.php(213): CodeIgniter\View\View->CodeIgniter\View\{closure}()
#3 /home/u561815069/domains/strassenads.com/public_html/system/Common.php(1089): CodeIgniter\View\View->render()
#4 /home/u561815069/domains/strassenads.com/public_html/app/Controllers/Home.php(265): view()
#5 /home/u561815069/domains/strassenads.com/public_html/system/CodeIgniter.php(825): App\Controllers\Home->category()
#6 /home/u561815069/domains/strassenads.com/public_html/system/CodeIgniter.php(412): CodeIgniter\CodeIgniter->runController()
#7 /home/u561815069/domains/strassenads.com/public_html/system/CodeIgniter.php(320): CodeIgniter\CodeIgniter->handleRequest()
#8 /home/u561815069/domains/strassenads.com/public_html/index.php(37): CodeIgniter\CodeIgniter->run()
#9 {main}
CRITICAL - 2022-09-03 21:03:56 --> Undefined property: stdClass::$business_image
#0 /home/u561815069/domains/strassenads.com/public_html/app/Views/list_business.php(212): CodeIgniter\Debug\Exceptions->errorHandler()
#1 /home/u561815069/domains/strassenads.com/public_html/system/View/View.php(210): include('/home/u56181506...')
#2 /home/u561815069/domains/strassenads.com/public_html/system/View/View.php(213): CodeIgniter\View\View->CodeIgniter\View\{closure}()
#3 /home/u561815069/domains/strassenads.com/public_html/system/Common.php(1089): CodeIgniter\View\View->render()
#4 /home/u561815069/domains/strassenads.com/public_html/app/Controllers/Home.php(265): view()
#5 /home/u561815069/domains/strassenads.com/public_html/system/CodeIgniter.php(825): App\Controllers\Home->category()
#6 /home/u561815069/domains/strassenads.com/public_html/system/CodeIgniter.php(412): CodeIgniter\CodeIgniter->runController()
#7 /home/u561815069/domains/strassenads.com/public_html/system/CodeIgniter.php(320): CodeIgniter\CodeIgniter->handleRequest()
#8 /home/u561815069/domains/strassenads.com/public_html/index.php(37): CodeIgniter\CodeIgniter->run()
#9 {main}
CRITICAL - 2022-09-03 21:03:56 --> Undefined array key 0
#0 /home/u561815069/domains/strassenads.com/public_html/app/Controllers/Home.php(223): CodeIgniter\Debug\Exceptions->errorHandler()
#1 /home/u561815069/domains/strassenads.com/public_html/system/CodeIgniter.php(825): App\Controllers\Home->category()
#2 /home/u561815069/domains/strassenads.com/public_html/system/CodeIgniter.php(412): CodeIgniter\CodeIgniter->runController()
#3 /home/u561815069/domains/strassenads.com/public_html/system/CodeIgniter.php(320): CodeIgniter\CodeIgniter->handleRequest()
#4 /home/u561815069/domains/strassenads.com/public_html/index.php(37): CodeIgniter\CodeIgniter->run()
#5 {main}
CRITICAL - 2022-09-03 21:03:57 --> Undefined array key 0
#0 /home/u561815069/domains/strassenads.com/public_html/app/Controllers/Home.php(223): CodeIgniter\Debug\Exceptions->errorHandler()
#1 /home/u561815069/domains/strassenads.com/public_html/system/CodeIgniter.php(825): App\Controllers\Home->category()
#2 /home/u561815069/domains/strassenads.com/public_html/system/CodeIgniter.php(412): CodeIgniter\CodeIgniter->runController()
#3 /home/u561815069/domains/strassenads.com/public_html/system/CodeIgniter.php(320): CodeIgniter\CodeIgniter->handleRequest()
#4 /home/u561815069/domains/strassenads.com/public_html/index.php(37): CodeIgniter\CodeIgniter->run()
#5 {main}
CRITICAL - 2022-09-03 21:03:59 --> Undefined property: stdClass::$business_image
#0 /home/u561815069/domains/strassenads.com/public_html/app/Views/list_business.php(212): CodeIgniter\Debug\Exceptions->errorHandler()
#1 /home/u561815069/domains/strassenads.com/public_html/system/View/View.php(210): include('/home/u56181506...')
#2 /home/u561815069/domains/strassenads.com/public_html/system/View/View.php(213): CodeIgniter\View\View->CodeIgniter\View\{closure}()
#3 /home/u561815069/domains/strassenads.com/public_html/system/Common.php(1089): CodeIgniter\View\View->render()
#4 /home/u561815069/domains/strassenads.com/public_html/app/Controllers/Home.php(265): view()
#5 /home/u561815069/domains/strassenads.com/public_html/system/CodeIgniter.php(825): App\Controllers\Home->category()
#6 /home/u561815069/domains/strassenads.com/public_html/system/CodeIgniter.php(412): CodeIgniter\CodeIgniter->runController()
#7 /home/u561815069/domains/strassenads.com/public_html/system/CodeIgniter.php(320): CodeIgniter\CodeIgniter->handleRequest()
#8 /home/u561815069/domains/strassenads.com/public_html/index.php(37): CodeIgniter\CodeIgniter->run()
#9 {main}
CRITICAL - 2022-09-03 21:04:02 --> Undefined array key 0
#0 /home/u561815069/domains/strassenads.com/public_html/app/Controllers/Home.php(223): CodeIgniter\Debug\Exceptions->errorHandler()
#1 /home/u561815069/domains/strassenads.com/public_html/system/CodeIgniter.php(825): App\Controllers\Home->category()
#2 /home/u561815069/domains/strassenads.com/public_html/system/CodeIgniter.php(412): CodeIgniter\CodeIgniter->runController()
#3 /home/u561815069/domains/strassenads.com/public_html/system/CodeIgniter.php(320): CodeIgniter\CodeIgniter->handleRequest()
#4 /home/u561815069/domains/strassenads.com/public_html/index.php(37): CodeIgniter\CodeIgniter->run()
#5 {main}
