CRITICAL - 2022-05-01 09:29:21 --> count(): Parameter must be an array or an object that implements Countable
#0 C:\xampp\htdocs\CodeIgniter\Milistadeempresas.com\app\Views\list_business.php(95): CodeIgniter\Debug\Exceptions->errorHandler(2, 'count(): Parame...', 'C:\\xampp\\htdocs...', 95, Array)
#1 C:\xampp\htdocs\CodeIgniter\Milistadeempresas.com\system\View\View.php(210): include('C:\\xampp\\htdocs...')
#2 C:\xampp\htdocs\CodeIgniter\Milistadeempresas.com\system\View\View.php(213): CodeIgniter\View\View->CodeIgniter\View\{closure}()
#3 C:\xampp\htdocs\CodeIgniter\Milistadeempresas.com\system\Common.php(1089): CodeIgniter\View\View->render('list_business', Array, true)
#4 C:\xampp\htdocs\CodeIgniter\Milistadeempresas.com\app\Controllers\Home.php(394): view('list_business', Array)
#5 C:\xampp\htdocs\CodeIgniter\Milistadeempresas.com\system\CodeIgniter.php(825): App\Controllers\Home->search()
#6 C:\xampp\htdocs\CodeIgniter\Milistadeempresas.com\system\CodeIgniter.php(412): CodeIgniter\CodeIgniter->runController(Object(App\Controllers\Home))
#7 C:\xampp\htdocs\CodeIgniter\Milistadeempresas.com\system\CodeIgniter.php(320): CodeIgniter\CodeIgniter->handleRequest(NULL, Object(Config\Cache), false)
#8 C:\xampp\htdocs\CodeIgniter\Milistadeempresas.com\index.php(37): CodeIgniter\CodeIgniter->run()
#9 {main}
ERROR - 2022-05-01 10:06:01 --> You have an error in your SQL syntax; check the manual that corresponds to your MariaDB server version for the right syntax to use near '= ''
AND `business`.`region` = '24'
OR `business`.`city` = '0'
OR `business`....' at line 6
CRITICAL - 2022-05-01 10:06:01 --> Call to a member function getResult() on bool
#0 C:\xampp\htdocs\CodeIgniter\Milistadeempresas.com\system\CodeIgniter.php(825): App\Controllers\Home->search()
#1 C:\xampp\htdocs\CodeIgniter\Milistadeempresas.com\system\CodeIgniter.php(412): CodeIgniter\CodeIgniter->runController(Object(App\Controllers\Home))
#2 C:\xampp\htdocs\CodeIgniter\Milistadeempresas.com\system\CodeIgniter.php(320): CodeIgniter\CodeIgniter->handleRequest(NULL, Object(Config\Cache), false)
#3 C:\xampp\htdocs\CodeIgniter\Milistadeempresas.com\index.php(37): CodeIgniter\CodeIgniter->run()
#4 {main}
ERROR - 2022-05-01 10:06:19 --> You have an error in your SQL syntax; check the manual that corresponds to your MariaDB server version for the right syntax to use near '`like` LIKE '%%' ESCAPE '!'
AND `business`.`region` = '24'
OR `business`.`cit...' at line 6
CRITICAL - 2022-05-01 10:06:19 --> Call to a member function getResult() on bool
#0 C:\xampp\htdocs\CodeIgniter\Milistadeempresas.com\system\CodeIgniter.php(825): App\Controllers\Home->search()
#1 C:\xampp\htdocs\CodeIgniter\Milistadeempresas.com\system\CodeIgniter.php(412): CodeIgniter\CodeIgniter->runController(Object(App\Controllers\Home))
#2 C:\xampp\htdocs\CodeIgniter\Milistadeempresas.com\system\CodeIgniter.php(320): CodeIgniter\CodeIgniter->handleRequest(NULL, Object(Config\Cache), false)
#3 C:\xampp\htdocs\CodeIgniter\Milistadeempresas.com\index.php(37): CodeIgniter\CodeIgniter->run()
#4 {main}
CRITICAL - 2022-05-01 10:10:46 --> Object of class CodeIgniter\Database\MySQLi\Result could not be converted to string
#0 C:\xampp\htdocs\CodeIgniter\Milistadeempresas.com\system\CodeIgniter.php(825): App\Controllers\Home->search()
#1 C:\xampp\htdocs\CodeIgniter\Milistadeempresas.com\system\CodeIgniter.php(412): CodeIgniter\CodeIgniter->runController(Object(App\Controllers\Home))
#2 C:\xampp\htdocs\CodeIgniter\Milistadeempresas.com\system\CodeIgniter.php(320): CodeIgniter\CodeIgniter->handleRequest(NULL, Object(Config\Cache), false)
#3 C:\xampp\htdocs\CodeIgniter\Milistadeempresas.com\index.php(37): CodeIgniter\CodeIgniter->run()
#4 {main}
