CRITICAL - 2022-05-20 16:03:06 --> Undefined array key "region"
#0 /home/u561815069/domains/strassenads.com/public_html/app/Controllers/Home.php(192): CodeIgniter\Debug\Exceptions->errorHandler()
#1 /home/u561815069/domains/strassenads.com/public_html/system/CodeIgniter.php(825): App\Controllers\Home->category()
#2 /home/u561815069/domains/strassenads.com/public_html/system/CodeIgniter.php(412): CodeIgniter\CodeIgniter->runController()
#3 /home/u561815069/domains/strassenads.com/public_html/system/CodeIgniter.php(320): CodeIgniter\CodeIgniter->handleRequest()
#4 /home/u561815069/domains/strassenads.com/public_html/index.php(37): CodeIgniter\CodeIgniter->run()
#5 {main}
CRITICAL - 2022-05-20 17:21:45 --> Undefined variable $region_name
#0 /home/u561815069/domains/strassenads.com/public_html/app/Views/list_business.php(42): CodeIgniter\Debug\Exceptions->errorHandler()
#1 /home/u561815069/domains/strassenads.com/public_html/system/View/View.php(210): include('/home/u56181506...')
#2 /home/u561815069/domains/strassenads.com/public_html/system/View/View.php(213): CodeIgniter\View\View->CodeIgniter\View\{closure}()
#3 /home/u561815069/domains/strassenads.com/public_html/system/Common.php(1089): CodeIgniter\View\View->render()
#4 /home/u561815069/domains/strassenads.com/public_html/app/Controllers/Home.php(134): view()
#5 /home/u561815069/domains/strassenads.com/public_html/system/CodeIgniter.php(825): App\Controllers\Home->region()
#6 /home/u561815069/domains/strassenads.com/public_html/system/CodeIgniter.php(412): CodeIgniter\CodeIgniter->runController()
#7 /home/u561815069/domains/strassenads.com/public_html/system/CodeIgniter.php(320): CodeIgniter\CodeIgniter->handleRequest()
#8 /home/u561815069/domains/strassenads.com/public_html/index.php(37): CodeIgniter\CodeIgniter->run()
#9 {main}
CRITICAL - 2022-05-20 17:36:43 --> Undefined variable $cities
#0 /home/u561815069/domains/strassenads.com/public_html/app/Views/search.php(35): CodeIgniter\Debug\Exceptions->errorHandler()
#1 /home/u561815069/domains/strassenads.com/public_html/system/View/View.php(210): include('/home/u56181506...')
#2 /home/u561815069/domains/strassenads.com/public_html/system/View/View.php(213): CodeIgniter\View\View->CodeIgniter\View\{closure}()
#3 /home/u561815069/domains/strassenads.com/public_html/system/Common.php(1089): CodeIgniter\View\View->render()
#4 /home/u561815069/domains/strassenads.com/public_html/app/Controllers/Home.php(421): view()
#5 /home/u561815069/domains/strassenads.com/public_html/system/CodeIgniter.php(825): App\Controllers\Home->search()
#6 /home/u561815069/domains/strassenads.com/public_html/system/CodeIgniter.php(412): CodeIgniter\CodeIgniter->runController()
#7 /home/u561815069/domains/strassenads.com/public_html/system/CodeIgniter.php(320): CodeIgniter\CodeIgniter->handleRequest()
#8 /home/u561815069/domains/strassenads.com/public_html/index.php(37): CodeIgniter\CodeIgniter->run()
#9 {main}
CRITICAL - 2022-05-20 17:43:23 --> Undefined variable $region_name
#0 /home/u561815069/domains/strassenads.com/public_html/app/Views/search.php(42): CodeIgniter\Debug\Exceptions->errorHandler()
#1 /home/u561815069/domains/strassenads.com/public_html/system/View/View.php(210): include('/home/u56181506...')
#2 /home/u561815069/domains/strassenads.com/public_html/system/View/View.php(213): CodeIgniter\View\View->CodeIgniter\View\{closure}()
#3 /home/u561815069/domains/strassenads.com/public_html/system/Common.php(1089): CodeIgniter\View\View->render()
#4 /home/u561815069/domains/strassenads.com/public_html/app/Controllers/Home.php(424): view()
#5 /home/u561815069/domains/strassenads.com/public_html/system/CodeIgniter.php(825): App\Controllers\Home->search()
#6 /home/u561815069/domains/strassenads.com/public_html/system/CodeIgniter.php(412): CodeIgniter\CodeIgniter->runController()
#7 /home/u561815069/domains/strassenads.com/public_html/system/CodeIgniter.php(320): CodeIgniter\CodeIgniter->handleRequest()
#8 /home/u561815069/domains/strassenads.com/public_html/index.php(37): CodeIgniter\CodeIgniter->run()
#9 {main}
CRITICAL - 2022-05-20 18:15:09 --> Array to string conversion
#0 /home/u561815069/domains/strassenads.com/public_html/app/Views/search.php(42): CodeIgniter\Debug\Exceptions->errorHandler()
#1 /home/u561815069/domains/strassenads.com/public_html/system/View/View.php(210): include('/home/u56181506...')
#2 /home/u561815069/domains/strassenads.com/public_html/system/View/View.php(213): CodeIgniter\View\View->CodeIgniter\View\{closure}()
#3 /home/u561815069/domains/strassenads.com/public_html/system/Common.php(1089): CodeIgniter\View\View->render()
#4 /home/u561815069/domains/strassenads.com/public_html/app/Controllers/Home.php(427): view()
#5 /home/u561815069/domains/strassenads.com/public_html/system/CodeIgniter.php(825): App\Controllers\Home->search()
#6 /home/u561815069/domains/strassenads.com/public_html/system/CodeIgniter.php(412): CodeIgniter\CodeIgniter->runController()
#7 /home/u561815069/domains/strassenads.com/public_html/system/CodeIgniter.php(320): CodeIgniter\CodeIgniter->handleRequest()
#8 /home/u561815069/domains/strassenads.com/public_html/index.php(37): CodeIgniter\CodeIgniter->run()
#9 {main}
CRITICAL - 2022-05-20 18:15:20 --> Array to string conversion
#0 /home/u561815069/domains/strassenads.com/public_html/app/Views/search.php(42): CodeIgniter\Debug\Exceptions->errorHandler()
#1 /home/u561815069/domains/strassenads.com/public_html/system/View/View.php(210): include('/home/u56181506...')
#2 /home/u561815069/domains/strassenads.com/public_html/system/View/View.php(213): CodeIgniter\View\View->CodeIgniter\View\{closure}()
#3 /home/u561815069/domains/strassenads.com/public_html/system/Common.php(1089): CodeIgniter\View\View->render()
#4 /home/u561815069/domains/strassenads.com/public_html/app/Controllers/Home.php(427): view()
#5 /home/u561815069/domains/strassenads.com/public_html/system/CodeIgniter.php(825): App\Controllers\Home->search()
#6 /home/u561815069/domains/strassenads.com/public_html/system/CodeIgniter.php(412): CodeIgniter\CodeIgniter->runController()
#7 /home/u561815069/domains/strassenads.com/public_html/system/CodeIgniter.php(320): CodeIgniter\CodeIgniter->handleRequest()
#8 /home/u561815069/domains/strassenads.com/public_html/index.php(37): CodeIgniter\CodeIgniter->run()
#9 {main}
CRITICAL - 2022-05-20 18:16:33 --> Array to string conversion
#0 /home/u561815069/domains/strassenads.com/public_html/app/Views/search.php(42): CodeIgniter\Debug\Exceptions->errorHandler()
#1 /home/u561815069/domains/strassenads.com/public_html/system/View/View.php(210): include('/home/u56181506...')
#2 /home/u561815069/domains/strassenads.com/public_html/system/View/View.php(213): CodeIgniter\View\View->CodeIgniter\View\{closure}()
#3 /home/u561815069/domains/strassenads.com/public_html/system/Common.php(1089): CodeIgniter\View\View->render()
#4 /home/u561815069/domains/strassenads.com/public_html/app/Controllers/Home.php(427): view()
#5 /home/u561815069/domains/strassenads.com/public_html/system/CodeIgniter.php(825): App\Controllers\Home->search()
#6 /home/u561815069/domains/strassenads.com/public_html/system/CodeIgniter.php(412): CodeIgniter\CodeIgniter->runController()
#7 /home/u561815069/domains/strassenads.com/public_html/system/CodeIgniter.php(320): CodeIgniter\CodeIgniter->handleRequest()
#8 /home/u561815069/domains/strassenads.com/public_html/index.php(37): CodeIgniter\CodeIgniter->run()
#9 {main}
CRITICAL - 2022-05-20 18:50:34 --> Attempt to read property "name" on array
#0 /home/u561815069/domains/strassenads.com/public_html/app/Views/search.php(42): CodeIgniter\Debug\Exceptions->errorHandler()
#1 /home/u561815069/domains/strassenads.com/public_html/system/View/View.php(210): include('/home/u56181506...')
#2 /home/u561815069/domains/strassenads.com/public_html/system/View/View.php(213): CodeIgniter\View\View->CodeIgniter\View\{closure}()
#3 /home/u561815069/domains/strassenads.com/public_html/system/Common.php(1089): CodeIgniter\View\View->render()
#4 /home/u561815069/domains/strassenads.com/public_html/app/Controllers/Home.php(429): view()
#5 /home/u561815069/domains/strassenads.com/public_html/system/CodeIgniter.php(825): App\Controllers\Home->search()
#6 /home/u561815069/domains/strassenads.com/public_html/system/CodeIgniter.php(412): CodeIgniter\CodeIgniter->runController()
#7 /home/u561815069/domains/strassenads.com/public_html/system/CodeIgniter.php(320): CodeIgniter\CodeIgniter->handleRequest()
#8 /home/u561815069/domains/strassenads.com/public_html/index.php(37): CodeIgniter\CodeIgniter->run()
#9 {main}
CRITICAL - 2022-05-20 18:51:47 --> Undefined array key "shortname"
#0 /home/u561815069/domains/strassenads.com/public_html/app/Views/search.php(58): CodeIgniter\Debug\Exceptions->errorHandler()
#1 /home/u561815069/domains/strassenads.com/public_html/system/View/View.php(210): include('/home/u56181506...')
#2 /home/u561815069/domains/strassenads.com/public_html/system/View/View.php(213): CodeIgniter\View\View->CodeIgniter\View\{closure}()
#3 /home/u561815069/domains/strassenads.com/public_html/system/Common.php(1089): CodeIgniter\View\View->render()
#4 /home/u561815069/domains/strassenads.com/public_html/app/Controllers/Home.php(429): view()
#5 /home/u561815069/domains/strassenads.com/public_html/system/CodeIgniter.php(825): App\Controllers\Home->search()
#6 /home/u561815069/domains/strassenads.com/public_html/system/CodeIgniter.php(412): CodeIgniter\CodeIgniter->runController()
#7 /home/u561815069/domains/strassenads.com/public_html/system/CodeIgniter.php(320): CodeIgniter\CodeIgniter->handleRequest()
#8 /home/u561815069/domains/strassenads.com/public_html/index.php(37): CodeIgniter\CodeIgniter->run()
#9 {main}
CRITICAL - 2022-05-20 18:58:40 --> Undefined array key "shortname"
#0 /home/u561815069/domains/strassenads.com/public_html/app/Views/search.php(58): CodeIgniter\Debug\Exceptions->errorHandler()
#1 /home/u561815069/domains/strassenads.com/public_html/system/View/View.php(210): include('/home/u56181506...')
#2 /home/u561815069/domains/strassenads.com/public_html/system/View/View.php(213): CodeIgniter\View\View->CodeIgniter\View\{closure}()
#3 /home/u561815069/domains/strassenads.com/public_html/system/Common.php(1089): CodeIgniter\View\View->render()
#4 /home/u561815069/domains/strassenads.com/public_html/app/Controllers/Home.php(429): view()
#5 /home/u561815069/domains/strassenads.com/public_html/system/CodeIgniter.php(825): App\Controllers\Home->search()
#6 /home/u561815069/domains/strassenads.com/public_html/system/CodeIgniter.php(412): CodeIgniter\CodeIgniter->runController()
#7 /home/u561815069/domains/strassenads.com/public_html/system/CodeIgniter.php(320): CodeIgniter\CodeIgniter->handleRequest()
#8 /home/u561815069/domains/strassenads.com/public_html/index.php(37): CodeIgniter\CodeIgniter->run()
#9 {main}
CRITICAL - 2022-05-20 19:04:32 --> Attempt to read property "shortname" on array
#0 /home/u561815069/domains/strassenads.com/public_html/app/Views/search.php(58): CodeIgniter\Debug\Exceptions->errorHandler()
#1 /home/u561815069/domains/strassenads.com/public_html/system/View/View.php(210): include('/home/u56181506...')
#2 /home/u561815069/domains/strassenads.com/public_html/system/View/View.php(213): CodeIgniter\View\View->CodeIgniter\View\{closure}()
#3 /home/u561815069/domains/strassenads.com/public_html/system/Common.php(1089): CodeIgniter\View\View->render()
#4 /home/u561815069/domains/strassenads.com/public_html/app/Controllers/Home.php(429): view()
#5 /home/u561815069/domains/strassenads.com/public_html/system/CodeIgniter.php(825): App\Controllers\Home->search()
#6 /home/u561815069/domains/strassenads.com/public_html/system/CodeIgniter.php(412): CodeIgniter\CodeIgniter->runController()
#7 /home/u561815069/domains/strassenads.com/public_html/system/CodeIgniter.php(320): CodeIgniter\CodeIgniter->handleRequest()
#8 /home/u561815069/domains/strassenads.com/public_html/index.php(37): CodeIgniter\CodeIgniter->run()
#9 {main}
CRITICAL - 2022-05-20 19:06:37 --> Undefined property: stdClass::$category_nameshort
#0 /home/u561815069/domains/strassenads.com/public_html/app/Views/search.php(131): CodeIgniter\Debug\Exceptions->errorHandler()
#1 /home/u561815069/domains/strassenads.com/public_html/system/View/View.php(210): include('/home/u56181506...')
#2 /home/u561815069/domains/strassenads.com/public_html/system/View/View.php(213): CodeIgniter\View\View->CodeIgniter\View\{closure}()
#3 /home/u561815069/domains/strassenads.com/public_html/system/Common.php(1089): CodeIgniter\View\View->render()
#4 /home/u561815069/domains/strassenads.com/public_html/app/Controllers/Home.php(429): view()
#5 /home/u561815069/domains/strassenads.com/public_html/system/CodeIgniter.php(825): App\Controllers\Home->search()
#6 /home/u561815069/domains/strassenads.com/public_html/system/CodeIgniter.php(412): CodeIgniter\CodeIgniter->runController()
#7 /home/u561815069/domains/strassenads.com/public_html/system/CodeIgniter.php(320): CodeIgniter\CodeIgniter->handleRequest()
#8 /home/u561815069/domains/strassenads.com/public_html/index.php(37): CodeIgniter\CodeIgniter->run()
#9 {main}
