CRITICAL - 2022-04-13 08:10:06 --> preg_match(): Compilation failed: missing closing parenthesis at offset 18
#0 [internal function]: CodeIgniter\Debug\Exceptions->errorHandler(2, 'preg_match(): C...', 'C:\\xampp\\htdocs...', 384, Array)
#1 C:\xampp\htdocs\CodeIgniter\Milistadeempresas.com\system\Router\Router.php(384): preg_match('#^([a-z]+/([a-z...', 'quindio/armenia', Array)
#2 C:\xampp\htdocs\CodeIgniter\Milistadeempresas.com\system\Router\Router.php(154): CodeIgniter\Router\Router->checkRoutes('quindio/armenia')
#3 C:\xampp\htdocs\CodeIgniter\Milistadeempresas.com\system\CodeIgniter.php(719): CodeIgniter\Router\Router->handle('/quindio/armeni...')
#4 C:\xampp\htdocs\CodeIgniter\Milistadeempresas.com\system\CodeIgniter.php(361): CodeIgniter\CodeIgniter->tryToRouteIt(Object(CodeIgniter\Router\RouteCollection))
#5 C:\xampp\htdocs\CodeIgniter\Milistadeempresas.com\system\CodeIgniter.php(320): CodeIgniter\CodeIgniter->handleRequest(NULL, Object(Config\Cache), false)
#6 C:\xampp\htdocs\CodeIgniter\Milistadeempresas.com\index.php(37): CodeIgniter\CodeIgniter->run()
#7 {main}
CRITICAL - 2022-04-13 16:46:49 --> Cannot use App\Models\RegionModel as RegionModel because the name is already in use
#0 [internal function]: CodeIgniter\Debug\Exceptions->shutdownHandler()
#1 {main}
CRITICAL - 2022-04-13 16:47:22 --> Cannot use App\Models\RegionModel as RegionModel because the name is already in use
#0 [internal function]: CodeIgniter\Debug\Exceptions->shutdownHandler()
#1 {main}
CRITICAL - 2022-04-13 16:47:25 --> Cannot use App\Models\RegionModel as RegionModel because the name is already in use
#0 [internal function]: CodeIgniter\Debug\Exceptions->shutdownHandler()
#1 {main}
CRITICAL - 2022-04-13 16:47:57 --> Cannot use App\Models\RegionModel as RegionModel because the name is already in use
#0 [internal function]: CodeIgniter\Debug\Exceptions->shutdownHandler()
#1 {main}
