CRITICAL - 2022-10-02 11:21:18 --> Undefined property: stdClass::$business_image
#0 /home/u561815069/domains/strassenads.com/public_html/app/Views/list_business.php(212): CodeIgniter\Debug\Exceptions->errorHandler()
#1 /home/u561815069/domains/strassenads.com/public_html/system/View/View.php(210): include('/home/u56181506...')
#2 /home/u561815069/domains/strassenads.com/public_html/system/View/View.php(213): CodeIgniter\View\View->CodeIgniter\View\{closure}()
#3 /home/u561815069/domains/strassenads.com/public_html/system/Common.php(1089): CodeIgniter\View\View->render()
#4 /home/u561815069/domains/strassenads.com/public_html/app/Controllers/Home.php(265): view()
#5 /home/u561815069/domains/strassenads.com/public_html/system/CodeIgniter.php(825): App\Controllers\Home->category()
#6 /home/u561815069/domains/strassenads.com/public_html/system/CodeIgniter.php(412): CodeIgniter\CodeIgniter->runController()
#7 /home/u561815069/domains/strassenads.com/public_html/system/CodeIgniter.php(320): CodeIgniter\CodeIgniter->handleRequest()
#8 /home/u561815069/domains/strassenads.com/public_html/index.php(37): CodeIgniter\CodeIgniter->run()
#9 {main}
CRITICAL - 2022-10-02 13:20:40 --> Undefined property: stdClass::$business_image
#0 /home/u561815069/domains/strassenads.com/public_html/app/Views/list_business.php(212): CodeIgniter\Debug\Exceptions->errorHandler()
#1 /home/u561815069/domains/strassenads.com/public_html/system/View/View.php(210): include('/home/u56181506...')
#2 /home/u561815069/domains/strassenads.com/public_html/system/View/View.php(213): CodeIgniter\View\View->CodeIgniter\View\{closure}()
#3 /home/u561815069/domains/strassenads.com/public_html/system/Common.php(1089): CodeIgniter\View\View->render()
#4 /home/u561815069/domains/strassenads.com/public_html/app/Controllers/Home.php(265): view()
#5 /home/u561815069/domains/strassenads.com/public_html/system/CodeIgniter.php(825): App\Controllers\Home->category()
#6 /home/u561815069/domains/strassenads.com/public_html/system/CodeIgniter.php(412): CodeIgniter\CodeIgniter->runController()
#7 /home/u561815069/domains/strassenads.com/public_html/system/CodeIgniter.php(320): CodeIgniter\CodeIgniter->handleRequest()
#8 /home/u561815069/domains/strassenads.com/public_html/index.php(37): CodeIgniter\CodeIgniter->run()
#9 {main}
CRITICAL - 2022-10-02 13:20:40 --> Undefined property: stdClass::$business_image
#0 /home/u561815069/domains/strassenads.com/public_html/app/Views/list_business.php(212): CodeIgniter\Debug\Exceptions->errorHandler()
#1 /home/u561815069/domains/strassenads.com/public_html/system/View/View.php(210): include('/home/u56181506...')
#2 /home/u561815069/domains/strassenads.com/public_html/system/View/View.php(213): CodeIgniter\View\View->CodeIgniter\View\{closure}()
#3 /home/u561815069/domains/strassenads.com/public_html/system/Common.php(1089): CodeIgniter\View\View->render()
#4 /home/u561815069/domains/strassenads.com/public_html/app/Controllers/Home.php(265): view()
#5 /home/u561815069/domains/strassenads.com/public_html/system/CodeIgniter.php(825): App\Controllers\Home->category()
#6 /home/u561815069/domains/strassenads.com/public_html/system/CodeIgniter.php(412): CodeIgniter\CodeIgniter->runController()
#7 /home/u561815069/domains/strassenads.com/public_html/system/CodeIgniter.php(320): CodeIgniter\CodeIgniter->handleRequest()
#8 /home/u561815069/domains/strassenads.com/public_html/index.php(37): CodeIgniter\CodeIgniter->run()
#9 {main}
CRITICAL - 2022-10-02 13:20:57 --> Undefined property: stdClass::$business_image
#0 /home/u561815069/domains/strassenads.com/public_html/app/Views/list_business.php(212): CodeIgniter\Debug\Exceptions->errorHandler()
#1 /home/u561815069/domains/strassenads.com/public_html/system/View/View.php(210): include('/home/u56181506...')
#2 /home/u561815069/domains/strassenads.com/public_html/system/View/View.php(213): CodeIgniter\View\View->CodeIgniter\View\{closure}()
#3 /home/u561815069/domains/strassenads.com/public_html/system/Common.php(1089): CodeIgniter\View\View->render()
#4 /home/u561815069/domains/strassenads.com/public_html/app/Controllers/Home.php(265): view()
#5 /home/u561815069/domains/strassenads.com/public_html/system/CodeIgniter.php(825): App\Controllers\Home->category()
#6 /home/u561815069/domains/strassenads.com/public_html/system/CodeIgniter.php(412): CodeIgniter\CodeIgniter->runController()
#7 /home/u561815069/domains/strassenads.com/public_html/system/CodeIgniter.php(320): CodeIgniter\CodeIgniter->handleRequest()
#8 /home/u561815069/domains/strassenads.com/public_html/index.php(37): CodeIgniter\CodeIgniter->run()
#9 {main}
CRITICAL - 2022-10-02 13:20:58 --> Undefined property: stdClass::$business_image
#0 /home/u561815069/domains/strassenads.com/public_html/app/Views/list_business.php(212): CodeIgniter\Debug\Exceptions->errorHandler()
#1 /home/u561815069/domains/strassenads.com/public_html/system/View/View.php(210): include('/home/u56181506...')
#2 /home/u561815069/domains/strassenads.com/public_html/system/View/View.php(213): CodeIgniter\View\View->CodeIgniter\View\{closure}()
#3 /home/u561815069/domains/strassenads.com/public_html/system/Common.php(1089): CodeIgniter\View\View->render()
#4 /home/u561815069/domains/strassenads.com/public_html/app/Controllers/Home.php(265): view()
#5 /home/u561815069/domains/strassenads.com/public_html/system/CodeIgniter.php(825): App\Controllers\Home->category()
#6 /home/u561815069/domains/strassenads.com/public_html/system/CodeIgniter.php(412): CodeIgniter\CodeIgniter->runController()
#7 /home/u561815069/domains/strassenads.com/public_html/system/CodeIgniter.php(320): CodeIgniter\CodeIgniter->handleRequest()
#8 /home/u561815069/domains/strassenads.com/public_html/index.php(37): CodeIgniter\CodeIgniter->run()
#9 {main}
CRITICAL - 2022-10-02 13:20:58 --> Undefined property: stdClass::$business_image
#0 /home/u561815069/domains/strassenads.com/public_html/app/Views/list_business.php(212): CodeIgniter\Debug\Exceptions->errorHandler()
#1 /home/u561815069/domains/strassenads.com/public_html/system/View/View.php(210): include('/home/u56181506...')
#2 /home/u561815069/domains/strassenads.com/public_html/system/View/View.php(213): CodeIgniter\View\View->CodeIgniter\View\{closure}()
#3 /home/u561815069/domains/strassenads.com/public_html/system/Common.php(1089): CodeIgniter\View\View->render()
#4 /home/u561815069/domains/strassenads.com/public_html/app/Controllers/Home.php(265): view()
#5 /home/u561815069/domains/strassenads.com/public_html/system/CodeIgniter.php(825): App\Controllers\Home->category()
#6 /home/u561815069/domains/strassenads.com/public_html/system/CodeIgniter.php(412): CodeIgniter\CodeIgniter->runController()
#7 /home/u561815069/domains/strassenads.com/public_html/system/CodeIgniter.php(320): CodeIgniter\CodeIgniter->handleRequest()
#8 /home/u561815069/domains/strassenads.com/public_html/index.php(37): CodeIgniter\CodeIgniter->run()
#9 {main}
CRITICAL - 2022-10-02 13:21:16 --> Undefined property: stdClass::$business_image
#0 /home/u561815069/domains/strassenads.com/public_html/app/Views/list_business.php(212): CodeIgniter\Debug\Exceptions->errorHandler()
#1 /home/u561815069/domains/strassenads.com/public_html/system/View/View.php(210): include('/home/u56181506...')
#2 /home/u561815069/domains/strassenads.com/public_html/system/View/View.php(213): CodeIgniter\View\View->CodeIgniter\View\{closure}()
#3 /home/u561815069/domains/strassenads.com/public_html/system/Common.php(1089): CodeIgniter\View\View->render()
#4 /home/u561815069/domains/strassenads.com/public_html/app/Controllers/Home.php(265): view()
#5 /home/u561815069/domains/strassenads.com/public_html/system/CodeIgniter.php(825): App\Controllers\Home->category()
#6 /home/u561815069/domains/strassenads.com/public_html/system/CodeIgniter.php(412): CodeIgniter\CodeIgniter->runController()
#7 /home/u561815069/domains/strassenads.com/public_html/system/CodeIgniter.php(320): CodeIgniter\CodeIgniter->handleRequest()
#8 /home/u561815069/domains/strassenads.com/public_html/index.php(37): CodeIgniter\CodeIgniter->run()
#9 {main}
CRITICAL - 2022-10-02 13:22:01 --> Undefined array key 0
#0 /home/u561815069/domains/strassenads.com/public_html/app/Controllers/Home.php(223): CodeIgniter\Debug\Exceptions->errorHandler()
#1 /home/u561815069/domains/strassenads.com/public_html/system/CodeIgniter.php(825): App\Controllers\Home->category()
#2 /home/u561815069/domains/strassenads.com/public_html/system/CodeIgniter.php(412): CodeIgniter\CodeIgniter->runController()
#3 /home/u561815069/domains/strassenads.com/public_html/system/CodeIgniter.php(320): CodeIgniter\CodeIgniter->handleRequest()
#4 /home/u561815069/domains/strassenads.com/public_html/index.php(37): CodeIgniter\CodeIgniter->run()
#5 {main}
CRITICAL - 2022-10-02 13:22:04 --> Undefined array key 0
#0 /home/u561815069/domains/strassenads.com/public_html/app/Controllers/Home.php(223): CodeIgniter\Debug\Exceptions->errorHandler()
#1 /home/u561815069/domains/strassenads.com/public_html/system/CodeIgniter.php(825): App\Controllers\Home->category()
#2 /home/u561815069/domains/strassenads.com/public_html/system/CodeIgniter.php(412): CodeIgniter\CodeIgniter->runController()
#3 /home/u561815069/domains/strassenads.com/public_html/system/CodeIgniter.php(320): CodeIgniter\CodeIgniter->handleRequest()
#4 /home/u561815069/domains/strassenads.com/public_html/index.php(37): CodeIgniter\CodeIgniter->run()
#5 {main}
CRITICAL - 2022-10-02 13:22:06 --> Undefined array key 0
#0 /home/u561815069/domains/strassenads.com/public_html/app/Controllers/Home.php(223): CodeIgniter\Debug\Exceptions->errorHandler()
#1 /home/u561815069/domains/strassenads.com/public_html/system/CodeIgniter.php(825): App\Controllers\Home->category()
#2 /home/u561815069/domains/strassenads.com/public_html/system/CodeIgniter.php(412): CodeIgniter\CodeIgniter->runController()
#3 /home/u561815069/domains/strassenads.com/public_html/system/CodeIgniter.php(320): CodeIgniter\CodeIgniter->handleRequest()
#4 /home/u561815069/domains/strassenads.com/public_html/index.php(37): CodeIgniter\CodeIgniter->run()
#5 {main}
CRITICAL - 2022-10-02 13:22:10 --> Undefined array key 0
#0 /home/u561815069/domains/strassenads.com/public_html/app/Controllers/Home.php(223): CodeIgniter\Debug\Exceptions->errorHandler()
#1 /home/u561815069/domains/strassenads.com/public_html/system/CodeIgniter.php(825): App\Controllers\Home->category()
#2 /home/u561815069/domains/strassenads.com/public_html/system/CodeIgniter.php(412): CodeIgniter\CodeIgniter->runController()
#3 /home/u561815069/domains/strassenads.com/public_html/system/CodeIgniter.php(320): CodeIgniter\CodeIgniter->handleRequest()
#4 /home/u561815069/domains/strassenads.com/public_html/index.php(37): CodeIgniter\CodeIgniter->run()
#5 {main}
CRITICAL - 2022-10-02 13:22:27 --> Undefined array key 0
#0 /home/u561815069/domains/strassenads.com/public_html/app/Controllers/Home.php(223): CodeIgniter\Debug\Exceptions->errorHandler()
#1 /home/u561815069/domains/strassenads.com/public_html/system/CodeIgniter.php(825): App\Controllers\Home->category()
#2 /home/u561815069/domains/strassenads.com/public_html/system/CodeIgniter.php(412): CodeIgniter\CodeIgniter->runController()
#3 /home/u561815069/domains/strassenads.com/public_html/system/CodeIgniter.php(320): CodeIgniter\CodeIgniter->handleRequest()
#4 /home/u561815069/domains/strassenads.com/public_html/index.php(37): CodeIgniter\CodeIgniter->run()
#5 {main}
CRITICAL - 2022-10-02 13:22:30 --> Undefined array key 0
#0 /home/u561815069/domains/strassenads.com/public_html/app/Controllers/Home.php(223): CodeIgniter\Debug\Exceptions->errorHandler()
#1 /home/u561815069/domains/strassenads.com/public_html/system/CodeIgniter.php(825): App\Controllers\Home->category()
#2 /home/u561815069/domains/strassenads.com/public_html/system/CodeIgniter.php(412): CodeIgniter\CodeIgniter->runController()
#3 /home/u561815069/domains/strassenads.com/public_html/system/CodeIgniter.php(320): CodeIgniter\CodeIgniter->handleRequest()
#4 /home/u561815069/domains/strassenads.com/public_html/index.php(37): CodeIgniter\CodeIgniter->run()
#5 {main}
CRITICAL - 2022-10-02 13:22:36 --> Undefined array key 0
#0 /home/u561815069/domains/strassenads.com/public_html/app/Controllers/Home.php(223): CodeIgniter\Debug\Exceptions->errorHandler()
#1 /home/u561815069/domains/strassenads.com/public_html/system/CodeIgniter.php(825): App\Controllers\Home->category()
#2 /home/u561815069/domains/strassenads.com/public_html/system/CodeIgniter.php(412): CodeIgniter\CodeIgniter->runController()
#3 /home/u561815069/domains/strassenads.com/public_html/system/CodeIgniter.php(320): CodeIgniter\CodeIgniter->handleRequest()
#4 /home/u561815069/domains/strassenads.com/public_html/index.php(37): CodeIgniter\CodeIgniter->run()
#5 {main}
CRITICAL - 2022-10-02 13:23:21 --> Undefined property: stdClass::$business_image
#0 /home/u561815069/domains/strassenads.com/public_html/app/Views/list_business.php(212): CodeIgniter\Debug\Exceptions->errorHandler()
#1 /home/u561815069/domains/strassenads.com/public_html/system/View/View.php(210): include('/home/u56181506...')
#2 /home/u561815069/domains/strassenads.com/public_html/system/View/View.php(213): CodeIgniter\View\View->CodeIgniter\View\{closure}()
#3 /home/u561815069/domains/strassenads.com/public_html/system/Common.php(1089): CodeIgniter\View\View->render()
#4 /home/u561815069/domains/strassenads.com/public_html/app/Controllers/Home.php(265): view()
#5 /home/u561815069/domains/strassenads.com/public_html/system/CodeIgniter.php(825): App\Controllers\Home->category()
#6 /home/u561815069/domains/strassenads.com/public_html/system/CodeIgniter.php(412): CodeIgniter\CodeIgniter->runController()
#7 /home/u561815069/domains/strassenads.com/public_html/system/CodeIgniter.php(320): CodeIgniter\CodeIgniter->handleRequest()
#8 /home/u561815069/domains/strassenads.com/public_html/index.php(37): CodeIgniter\CodeIgniter->run()
#9 {main}
CRITICAL - 2022-10-02 13:23:37 --> Undefined property: stdClass::$business_image
#0 /home/u561815069/domains/strassenads.com/public_html/app/Views/list_business.php(212): CodeIgniter\Debug\Exceptions->errorHandler()
#1 /home/u561815069/domains/strassenads.com/public_html/system/View/View.php(210): include('/home/u56181506...')
#2 /home/u561815069/domains/strassenads.com/public_html/system/View/View.php(213): CodeIgniter\View\View->CodeIgniter\View\{closure}()
#3 /home/u561815069/domains/strassenads.com/public_html/system/Common.php(1089): CodeIgniter\View\View->render()
#4 /home/u561815069/domains/strassenads.com/public_html/app/Controllers/Home.php(265): view()
#5 /home/u561815069/domains/strassenads.com/public_html/system/CodeIgniter.php(825): App\Controllers\Home->category()
#6 /home/u561815069/domains/strassenads.com/public_html/system/CodeIgniter.php(412): CodeIgniter\CodeIgniter->runController()
#7 /home/u561815069/domains/strassenads.com/public_html/system/CodeIgniter.php(320): CodeIgniter\CodeIgniter->handleRequest()
#8 /home/u561815069/domains/strassenads.com/public_html/index.php(37): CodeIgniter\CodeIgniter->run()
#9 {main}
CRITICAL - 2022-10-02 13:23:57 --> Undefined property: stdClass::$business_image
#0 /home/u561815069/domains/strassenads.com/public_html/app/Views/list_business.php(212): CodeIgniter\Debug\Exceptions->errorHandler()
#1 /home/u561815069/domains/strassenads.com/public_html/system/View/View.php(210): include('/home/u56181506...')
#2 /home/u561815069/domains/strassenads.com/public_html/system/View/View.php(213): CodeIgniter\View\View->CodeIgniter\View\{closure}()
#3 /home/u561815069/domains/strassenads.com/public_html/system/Common.php(1089): CodeIgniter\View\View->render()
#4 /home/u561815069/domains/strassenads.com/public_html/app/Controllers/Home.php(265): view()
#5 /home/u561815069/domains/strassenads.com/public_html/system/CodeIgniter.php(825): App\Controllers\Home->category()
#6 /home/u561815069/domains/strassenads.com/public_html/system/CodeIgniter.php(412): CodeIgniter\CodeIgniter->runController()
#7 /home/u561815069/domains/strassenads.com/public_html/system/CodeIgniter.php(320): CodeIgniter\CodeIgniter->handleRequest()
#8 /home/u561815069/domains/strassenads.com/public_html/index.php(37): CodeIgniter\CodeIgniter->run()
#9 {main}
CRITICAL - 2022-10-02 13:24:08 --> Undefined property: stdClass::$business_image
#0 /home/u561815069/domains/strassenads.com/public_html/app/Views/list_business.php(212): CodeIgniter\Debug\Exceptions->errorHandler()
#1 /home/u561815069/domains/strassenads.com/public_html/system/View/View.php(210): include('/home/u56181506...')
#2 /home/u561815069/domains/strassenads.com/public_html/system/View/View.php(213): CodeIgniter\View\View->CodeIgniter\View\{closure}()
#3 /home/u561815069/domains/strassenads.com/public_html/system/Common.php(1089): CodeIgniter\View\View->render()
#4 /home/u561815069/domains/strassenads.com/public_html/app/Controllers/Home.php(265): view()
#5 /home/u561815069/domains/strassenads.com/public_html/system/CodeIgniter.php(825): App\Controllers\Home->category()
#6 /home/u561815069/domains/strassenads.com/public_html/system/CodeIgniter.php(412): CodeIgniter\CodeIgniter->runController()
#7 /home/u561815069/domains/strassenads.com/public_html/system/CodeIgniter.php(320): CodeIgniter\CodeIgniter->handleRequest()
#8 /home/u561815069/domains/strassenads.com/public_html/index.php(37): CodeIgniter\CodeIgniter->run()
#9 {main}
CRITICAL - 2022-10-02 13:24:16 --> Undefined property: stdClass::$business_image
#0 /home/u561815069/domains/strassenads.com/public_html/app/Views/list_business.php(212): CodeIgniter\Debug\Exceptions->errorHandler()
#1 /home/u561815069/domains/strassenads.com/public_html/system/View/View.php(210): include('/home/u56181506...')
#2 /home/u561815069/domains/strassenads.com/public_html/system/View/View.php(213): CodeIgniter\View\View->CodeIgniter\View\{closure}()
#3 /home/u561815069/domains/strassenads.com/public_html/system/Common.php(1089): CodeIgniter\View\View->render()
#4 /home/u561815069/domains/strassenads.com/public_html/app/Controllers/Home.php(265): view()
#5 /home/u561815069/domains/strassenads.com/public_html/system/CodeIgniter.php(825): App\Controllers\Home->category()
#6 /home/u561815069/domains/strassenads.com/public_html/system/CodeIgniter.php(412): CodeIgniter\CodeIgniter->runController()
#7 /home/u561815069/domains/strassenads.com/public_html/system/CodeIgniter.php(320): CodeIgniter\CodeIgniter->handleRequest()
#8 /home/u561815069/domains/strassenads.com/public_html/index.php(37): CodeIgniter\CodeIgniter->run()
#9 {main}
CRITICAL - 2022-10-02 13:24:27 --> Undefined property: stdClass::$business_image
#0 /home/u561815069/domains/strassenads.com/public_html/app/Views/list_business.php(212): CodeIgniter\Debug\Exceptions->errorHandler()
#1 /home/u561815069/domains/strassenads.com/public_html/system/View/View.php(210): include('/home/u56181506...')
#2 /home/u561815069/domains/strassenads.com/public_html/system/View/View.php(213): CodeIgniter\View\View->CodeIgniter\View\{closure}()
#3 /home/u561815069/domains/strassenads.com/public_html/system/Common.php(1089): CodeIgniter\View\View->render()
#4 /home/u561815069/domains/strassenads.com/public_html/app/Controllers/Home.php(265): view()
#5 /home/u561815069/domains/strassenads.com/public_html/system/CodeIgniter.php(825): App\Controllers\Home->category()
#6 /home/u561815069/domains/strassenads.com/public_html/system/CodeIgniter.php(412): CodeIgniter\CodeIgniter->runController()
#7 /home/u561815069/domains/strassenads.com/public_html/system/CodeIgniter.php(320): CodeIgniter\CodeIgniter->handleRequest()
#8 /home/u561815069/domains/strassenads.com/public_html/index.php(37): CodeIgniter\CodeIgniter->run()
#9 {main}
CRITICAL - 2022-10-02 13:24:30 --> Undefined property: stdClass::$business_image
#0 /home/u561815069/domains/strassenads.com/public_html/app/Views/list_business.php(212): CodeIgniter\Debug\Exceptions->errorHandler()
#1 /home/u561815069/domains/strassenads.com/public_html/system/View/View.php(210): include('/home/u56181506...')
#2 /home/u561815069/domains/strassenads.com/public_html/system/View/View.php(213): CodeIgniter\View\View->CodeIgniter\View\{closure}()
#3 /home/u561815069/domains/strassenads.com/public_html/system/Common.php(1089): CodeIgniter\View\View->render()
#4 /home/u561815069/domains/strassenads.com/public_html/app/Controllers/Home.php(265): view()
#5 /home/u561815069/domains/strassenads.com/public_html/system/CodeIgniter.php(825): App\Controllers\Home->category()
#6 /home/u561815069/domains/strassenads.com/public_html/system/CodeIgniter.php(412): CodeIgniter\CodeIgniter->runController()
#7 /home/u561815069/domains/strassenads.com/public_html/system/CodeIgniter.php(320): CodeIgniter\CodeIgniter->handleRequest()
#8 /home/u561815069/domains/strassenads.com/public_html/index.php(37): CodeIgniter\CodeIgniter->run()
#9 {main}
CRITICAL - 2022-10-02 13:24:39 --> Undefined property: stdClass::$business_image
#0 /home/u561815069/domains/strassenads.com/public_html/app/Views/list_business.php(212): CodeIgniter\Debug\Exceptions->errorHandler()
#1 /home/u561815069/domains/strassenads.com/public_html/system/View/View.php(210): include('/home/u56181506...')
#2 /home/u561815069/domains/strassenads.com/public_html/system/View/View.php(213): CodeIgniter\View\View->CodeIgniter\View\{closure}()
#3 /home/u561815069/domains/strassenads.com/public_html/system/Common.php(1089): CodeIgniter\View\View->render()
#4 /home/u561815069/domains/strassenads.com/public_html/app/Controllers/Home.php(265): view()
#5 /home/u561815069/domains/strassenads.com/public_html/system/CodeIgniter.php(825): App\Controllers\Home->category()
#6 /home/u561815069/domains/strassenads.com/public_html/system/CodeIgniter.php(412): CodeIgniter\CodeIgniter->runController()
#7 /home/u561815069/domains/strassenads.com/public_html/system/CodeIgniter.php(320): CodeIgniter\CodeIgniter->handleRequest()
#8 /home/u561815069/domains/strassenads.com/public_html/index.php(37): CodeIgniter\CodeIgniter->run()
#9 {main}
CRITICAL - 2022-10-02 13:24:41 --> Undefined property: stdClass::$business_image
#0 /home/u561815069/domains/strassenads.com/public_html/app/Views/list_business.php(212): CodeIgniter\Debug\Exceptions->errorHandler()
#1 /home/u561815069/domains/strassenads.com/public_html/system/View/View.php(210): include('/home/u56181506...')
#2 /home/u561815069/domains/strassenads.com/public_html/system/View/View.php(213): CodeIgniter\View\View->CodeIgniter\View\{closure}()
#3 /home/u561815069/domains/strassenads.com/public_html/system/Common.php(1089): CodeIgniter\View\View->render()
#4 /home/u561815069/domains/strassenads.com/public_html/app/Controllers/Home.php(265): view()
#5 /home/u561815069/domains/strassenads.com/public_html/system/CodeIgniter.php(825): App\Controllers\Home->category()
#6 /home/u561815069/domains/strassenads.com/public_html/system/CodeIgniter.php(412): CodeIgniter\CodeIgniter->runController()
#7 /home/u561815069/domains/strassenads.com/public_html/system/CodeIgniter.php(320): CodeIgniter\CodeIgniter->handleRequest()
#8 /home/u561815069/domains/strassenads.com/public_html/index.php(37): CodeIgniter\CodeIgniter->run()
#9 {main}
CRITICAL - 2022-10-02 13:25:50 --> Undefined property: stdClass::$business_image
#0 /home/u561815069/domains/strassenads.com/public_html/app/Views/list_business.php(212): CodeIgniter\Debug\Exceptions->errorHandler()
#1 /home/u561815069/domains/strassenads.com/public_html/system/View/View.php(210): include('/home/u56181506...')
#2 /home/u561815069/domains/strassenads.com/public_html/system/View/View.php(213): CodeIgniter\View\View->CodeIgniter\View\{closure}()
#3 /home/u561815069/domains/strassenads.com/public_html/system/Common.php(1089): CodeIgniter\View\View->render()
#4 /home/u561815069/domains/strassenads.com/public_html/app/Controllers/Home.php(198): view()
#5 /home/u561815069/domains/strassenads.com/public_html/system/CodeIgniter.php(825): App\Controllers\Home->city()
#6 /home/u561815069/domains/strassenads.com/public_html/system/CodeIgniter.php(412): CodeIgniter\CodeIgniter->runController()
#7 /home/u561815069/domains/strassenads.com/public_html/system/CodeIgniter.php(320): CodeIgniter\CodeIgniter->handleRequest()
#8 /home/u561815069/domains/strassenads.com/public_html/index.php(37): CodeIgniter\CodeIgniter->run()
#9 {main}
CRITICAL - 2022-10-02 13:25:58 --> Undefined property: stdClass::$business_image
#0 /home/u561815069/domains/strassenads.com/public_html/app/Views/list_business.php(212): CodeIgniter\Debug\Exceptions->errorHandler()
#1 /home/u561815069/domains/strassenads.com/public_html/system/View/View.php(210): include('/home/u56181506...')
#2 /home/u561815069/domains/strassenads.com/public_html/system/View/View.php(213): CodeIgniter\View\View->CodeIgniter\View\{closure}()
#3 /home/u561815069/domains/strassenads.com/public_html/system/Common.php(1089): CodeIgniter\View\View->render()
#4 /home/u561815069/domains/strassenads.com/public_html/app/Controllers/Home.php(198): view()
#5 /home/u561815069/domains/strassenads.com/public_html/system/CodeIgniter.php(825): App\Controllers\Home->city()
#6 /home/u561815069/domains/strassenads.com/public_html/system/CodeIgniter.php(412): CodeIgniter\CodeIgniter->runController()
#7 /home/u561815069/domains/strassenads.com/public_html/system/CodeIgniter.php(320): CodeIgniter\CodeIgniter->handleRequest()
#8 /home/u561815069/domains/strassenads.com/public_html/index.php(37): CodeIgniter\CodeIgniter->run()
#9 {main}
CRITICAL - 2022-10-02 13:26:07 --> Undefined property: stdClass::$business_image
#0 /home/u561815069/domains/strassenads.com/public_html/app/Views/list_business.php(212): CodeIgniter\Debug\Exceptions->errorHandler()
#1 /home/u561815069/domains/strassenads.com/public_html/system/View/View.php(210): include('/home/u56181506...')
#2 /home/u561815069/domains/strassenads.com/public_html/system/View/View.php(213): CodeIgniter\View\View->CodeIgniter\View\{closure}()
#3 /home/u561815069/domains/strassenads.com/public_html/system/Common.php(1089): CodeIgniter\View\View->render()
#4 /home/u561815069/domains/strassenads.com/public_html/app/Controllers/Home.php(198): view()
#5 /home/u561815069/domains/strassenads.com/public_html/system/CodeIgniter.php(825): App\Controllers\Home->city()
#6 /home/u561815069/domains/strassenads.com/public_html/system/CodeIgniter.php(412): CodeIgniter\CodeIgniter->runController()
#7 /home/u561815069/domains/strassenads.com/public_html/system/CodeIgniter.php(320): CodeIgniter\CodeIgniter->handleRequest()
#8 /home/u561815069/domains/strassenads.com/public_html/index.php(37): CodeIgniter\CodeIgniter->run()
#9 {main}
CRITICAL - 2022-10-02 13:26:31 --> Undefined property: stdClass::$business_image
#0 /home/u561815069/domains/strassenads.com/public_html/app/Views/list_business.php(212): CodeIgniter\Debug\Exceptions->errorHandler()
#1 /home/u561815069/domains/strassenads.com/public_html/system/View/View.php(210): include('/home/u56181506...')
#2 /home/u561815069/domains/strassenads.com/public_html/system/View/View.php(213): CodeIgniter\View\View->CodeIgniter\View\{closure}()
#3 /home/u561815069/domains/strassenads.com/public_html/system/Common.php(1089): CodeIgniter\View\View->render()
#4 /home/u561815069/domains/strassenads.com/public_html/app/Controllers/Home.php(265): view()
#5 /home/u561815069/domains/strassenads.com/public_html/system/CodeIgniter.php(825): App\Controllers\Home->category()
#6 /home/u561815069/domains/strassenads.com/public_html/system/CodeIgniter.php(412): CodeIgniter\CodeIgniter->runController()
#7 /home/u561815069/domains/strassenads.com/public_html/system/CodeIgniter.php(320): CodeIgniter\CodeIgniter->handleRequest()
#8 /home/u561815069/domains/strassenads.com/public_html/index.php(37): CodeIgniter\CodeIgniter->run()
#9 {main}
CRITICAL - 2022-10-02 13:28:25 --> Undefined array key 0
#0 /home/u561815069/domains/strassenads.com/public_html/app/Controllers/Home.php(223): CodeIgniter\Debug\Exceptions->errorHandler()
#1 /home/u561815069/domains/strassenads.com/public_html/system/CodeIgniter.php(825): App\Controllers\Home->category()
#2 /home/u561815069/domains/strassenads.com/public_html/system/CodeIgniter.php(412): CodeIgniter\CodeIgniter->runController()
#3 /home/u561815069/domains/strassenads.com/public_html/system/CodeIgniter.php(320): CodeIgniter\CodeIgniter->handleRequest()
#4 /home/u561815069/domains/strassenads.com/public_html/index.php(37): CodeIgniter\CodeIgniter->run()
#5 {main}
CRITICAL - 2022-10-02 13:28:26 --> Undefined array key 0
#0 /home/u561815069/domains/strassenads.com/public_html/app/Controllers/Home.php(223): CodeIgniter\Debug\Exceptions->errorHandler()
#1 /home/u561815069/domains/strassenads.com/public_html/system/CodeIgniter.php(825): App\Controllers\Home->category()
#2 /home/u561815069/domains/strassenads.com/public_html/system/CodeIgniter.php(412): CodeIgniter\CodeIgniter->runController()
#3 /home/u561815069/domains/strassenads.com/public_html/system/CodeIgniter.php(320): CodeIgniter\CodeIgniter->handleRequest()
#4 /home/u561815069/domains/strassenads.com/public_html/index.php(37): CodeIgniter\CodeIgniter->run()
#5 {main}
CRITICAL - 2022-10-02 13:28:27 --> Undefined array key 0
#0 /home/u561815069/domains/strassenads.com/public_html/app/Controllers/Home.php(223): CodeIgniter\Debug\Exceptions->errorHandler()
#1 /home/u561815069/domains/strassenads.com/public_html/system/CodeIgniter.php(825): App\Controllers\Home->category()
#2 /home/u561815069/domains/strassenads.com/public_html/system/CodeIgniter.php(412): CodeIgniter\CodeIgniter->runController()
#3 /home/u561815069/domains/strassenads.com/public_html/system/CodeIgniter.php(320): CodeIgniter\CodeIgniter->handleRequest()
#4 /home/u561815069/domains/strassenads.com/public_html/index.php(37): CodeIgniter\CodeIgniter->run()
#5 {main}
CRITICAL - 2022-10-02 13:28:27 --> Undefined array key 0
#0 /home/u561815069/domains/strassenads.com/public_html/app/Controllers/Home.php(223): CodeIgniter\Debug\Exceptions->errorHandler()
#1 /home/u561815069/domains/strassenads.com/public_html/system/CodeIgniter.php(825): App\Controllers\Home->category()
#2 /home/u561815069/domains/strassenads.com/public_html/system/CodeIgniter.php(412): CodeIgniter\CodeIgniter->runController()
#3 /home/u561815069/domains/strassenads.com/public_html/system/CodeIgniter.php(320): CodeIgniter\CodeIgniter->handleRequest()
#4 /home/u561815069/domains/strassenads.com/public_html/index.php(37): CodeIgniter\CodeIgniter->run()
#5 {main}
CRITICAL - 2022-10-02 13:28:49 --> Undefined array key 0
#0 /home/u561815069/domains/strassenads.com/public_html/app/Controllers/Home.php(223): CodeIgniter\Debug\Exceptions->errorHandler()
#1 /home/u561815069/domains/strassenads.com/public_html/system/CodeIgniter.php(825): App\Controllers\Home->category()
#2 /home/u561815069/domains/strassenads.com/public_html/system/CodeIgniter.php(412): CodeIgniter\CodeIgniter->runController()
#3 /home/u561815069/domains/strassenads.com/public_html/system/CodeIgniter.php(320): CodeIgniter\CodeIgniter->handleRequest()
#4 /home/u561815069/domains/strassenads.com/public_html/index.php(37): CodeIgniter\CodeIgniter->run()
#5 {main}
CRITICAL - 2022-10-02 13:28:49 --> Undefined array key 0
#0 /home/u561815069/domains/strassenads.com/public_html/app/Controllers/Home.php(223): CodeIgniter\Debug\Exceptions->errorHandler()
#1 /home/u561815069/domains/strassenads.com/public_html/system/CodeIgniter.php(825): App\Controllers\Home->category()
#2 /home/u561815069/domains/strassenads.com/public_html/system/CodeIgniter.php(412): CodeIgniter\CodeIgniter->runController()
#3 /home/u561815069/domains/strassenads.com/public_html/system/CodeIgniter.php(320): CodeIgniter\CodeIgniter->handleRequest()
#4 /home/u561815069/domains/strassenads.com/public_html/index.php(37): CodeIgniter\CodeIgniter->run()
#5 {main}
CRITICAL - 2022-10-02 13:28:49 --> Undefined array key 0
#0 /home/u561815069/domains/strassenads.com/public_html/app/Controllers/Home.php(223): CodeIgniter\Debug\Exceptions->errorHandler()
#1 /home/u561815069/domains/strassenads.com/public_html/system/CodeIgniter.php(825): App\Controllers\Home->category()
#2 /home/u561815069/domains/strassenads.com/public_html/system/CodeIgniter.php(412): CodeIgniter\CodeIgniter->runController()
#3 /home/u561815069/domains/strassenads.com/public_html/system/CodeIgniter.php(320): CodeIgniter\CodeIgniter->handleRequest()
#4 /home/u561815069/domains/strassenads.com/public_html/index.php(37): CodeIgniter\CodeIgniter->run()
#5 {main}
CRITICAL - 2022-10-02 13:29:05 --> Undefined property: stdClass::$business_image
#0 /home/u561815069/domains/strassenads.com/public_html/app/Views/list_business.php(212): CodeIgniter\Debug\Exceptions->errorHandler()
#1 /home/u561815069/domains/strassenads.com/public_html/system/View/View.php(210): include('/home/u56181506...')
#2 /home/u561815069/domains/strassenads.com/public_html/system/View/View.php(213): CodeIgniter\View\View->CodeIgniter\View\{closure}()
#3 /home/u561815069/domains/strassenads.com/public_html/system/Common.php(1089): CodeIgniter\View\View->render()
#4 /home/u561815069/domains/strassenads.com/public_html/app/Controllers/Home.php(265): view()
#5 /home/u561815069/domains/strassenads.com/public_html/system/CodeIgniter.php(825): App\Controllers\Home->category()
#6 /home/u561815069/domains/strassenads.com/public_html/system/CodeIgniter.php(412): CodeIgniter\CodeIgniter->runController()
#7 /home/u561815069/domains/strassenads.com/public_html/system/CodeIgniter.php(320): CodeIgniter\CodeIgniter->handleRequest()
#8 /home/u561815069/domains/strassenads.com/public_html/index.php(37): CodeIgniter\CodeIgniter->run()
#9 {main}
CRITICAL - 2022-10-02 13:29:24 --> Undefined property: stdClass::$business_image
#0 /home/u561815069/domains/strassenads.com/public_html/app/Views/list_business.php(212): CodeIgniter\Debug\Exceptions->errorHandler()
#1 /home/u561815069/domains/strassenads.com/public_html/system/View/View.php(210): include('/home/u56181506...')
#2 /home/u561815069/domains/strassenads.com/public_html/system/View/View.php(213): CodeIgniter\View\View->CodeIgniter\View\{closure}()
#3 /home/u561815069/domains/strassenads.com/public_html/system/Common.php(1089): CodeIgniter\View\View->render()
#4 /home/u561815069/domains/strassenads.com/public_html/app/Controllers/Home.php(265): view()
#5 /home/u561815069/domains/strassenads.com/public_html/system/CodeIgniter.php(825): App\Controllers\Home->category()
#6 /home/u561815069/domains/strassenads.com/public_html/system/CodeIgniter.php(412): CodeIgniter\CodeIgniter->runController()
#7 /home/u561815069/domains/strassenads.com/public_html/system/CodeIgniter.php(320): CodeIgniter\CodeIgniter->handleRequest()
#8 /home/u561815069/domains/strassenads.com/public_html/index.php(37): CodeIgniter\CodeIgniter->run()
#9 {main}
CRITICAL - 2022-10-02 13:29:24 --> Undefined property: stdClass::$business_image
#0 /home/u561815069/domains/strassenads.com/public_html/app/Views/list_business.php(212): CodeIgniter\Debug\Exceptions->errorHandler()
#1 /home/u561815069/domains/strassenads.com/public_html/system/View/View.php(210): include('/home/u56181506...')
#2 /home/u561815069/domains/strassenads.com/public_html/system/View/View.php(213): CodeIgniter\View\View->CodeIgniter\View\{closure}()
#3 /home/u561815069/domains/strassenads.com/public_html/system/Common.php(1089): CodeIgniter\View\View->render()
#4 /home/u561815069/domains/strassenads.com/public_html/app/Controllers/Home.php(265): view()
#5 /home/u561815069/domains/strassenads.com/public_html/system/CodeIgniter.php(825): App\Controllers\Home->category()
#6 /home/u561815069/domains/strassenads.com/public_html/system/CodeIgniter.php(412): CodeIgniter\CodeIgniter->runController()
#7 /home/u561815069/domains/strassenads.com/public_html/system/CodeIgniter.php(320): CodeIgniter\CodeIgniter->handleRequest()
#8 /home/u561815069/domains/strassenads.com/public_html/index.php(37): CodeIgniter\CodeIgniter->run()
#9 {main}
CRITICAL - 2022-10-02 13:29:35 --> Undefined property: stdClass::$business_image
#0 /home/u561815069/domains/strassenads.com/public_html/app/Views/list_business.php(212): CodeIgniter\Debug\Exceptions->errorHandler()
#1 /home/u561815069/domains/strassenads.com/public_html/system/View/View.php(210): include('/home/u56181506...')
#2 /home/u561815069/domains/strassenads.com/public_html/system/View/View.php(213): CodeIgniter\View\View->CodeIgniter\View\{closure}()
#3 /home/u561815069/domains/strassenads.com/public_html/system/Common.php(1089): CodeIgniter\View\View->render()
#4 /home/u561815069/domains/strassenads.com/public_html/app/Controllers/Home.php(198): view()
#5 /home/u561815069/domains/strassenads.com/public_html/system/CodeIgniter.php(825): App\Controllers\Home->city()
#6 /home/u561815069/domains/strassenads.com/public_html/system/CodeIgniter.php(412): CodeIgniter\CodeIgniter->runController()
#7 /home/u561815069/domains/strassenads.com/public_html/system/CodeIgniter.php(320): CodeIgniter\CodeIgniter->handleRequest()
#8 /home/u561815069/domains/strassenads.com/public_html/index.php(37): CodeIgniter\CodeIgniter->run()
#9 {main}
CRITICAL - 2022-10-02 13:29:35 --> Undefined property: stdClass::$business_image
#0 /home/u561815069/domains/strassenads.com/public_html/app/Views/list_business.php(212): CodeIgniter\Debug\Exceptions->errorHandler()
#1 /home/u561815069/domains/strassenads.com/public_html/system/View/View.php(210): include('/home/u56181506...')
#2 /home/u561815069/domains/strassenads.com/public_html/system/View/View.php(213): CodeIgniter\View\View->CodeIgniter\View\{closure}()
#3 /home/u561815069/domains/strassenads.com/public_html/system/Common.php(1089): CodeIgniter\View\View->render()
#4 /home/u561815069/domains/strassenads.com/public_html/app/Controllers/Home.php(198): view()
#5 /home/u561815069/domains/strassenads.com/public_html/system/CodeIgniter.php(825): App\Controllers\Home->city()
#6 /home/u561815069/domains/strassenads.com/public_html/system/CodeIgniter.php(412): CodeIgniter\CodeIgniter->runController()
#7 /home/u561815069/domains/strassenads.com/public_html/system/CodeIgniter.php(320): CodeIgniter\CodeIgniter->handleRequest()
#8 /home/u561815069/domains/strassenads.com/public_html/index.php(37): CodeIgniter\CodeIgniter->run()
#9 {main}
CRITICAL - 2022-10-02 13:29:40 --> Undefined property: stdClass::$business_image
#0 /home/u561815069/domains/strassenads.com/public_html/app/Views/list_business.php(212): CodeIgniter\Debug\Exceptions->errorHandler()
#1 /home/u561815069/domains/strassenads.com/public_html/system/View/View.php(210): include('/home/u56181506...')
#2 /home/u561815069/domains/strassenads.com/public_html/system/View/View.php(213): CodeIgniter\View\View->CodeIgniter\View\{closure}()
#3 /home/u561815069/domains/strassenads.com/public_html/system/Common.php(1089): CodeIgniter\View\View->render()
#4 /home/u561815069/domains/strassenads.com/public_html/app/Controllers/Home.php(198): view()
#5 /home/u561815069/domains/strassenads.com/public_html/system/CodeIgniter.php(825): App\Controllers\Home->city()
#6 /home/u561815069/domains/strassenads.com/public_html/system/CodeIgniter.php(412): CodeIgniter\CodeIgniter->runController()
#7 /home/u561815069/domains/strassenads.com/public_html/system/CodeIgniter.php(320): CodeIgniter\CodeIgniter->handleRequest()
#8 /home/u561815069/domains/strassenads.com/public_html/index.php(37): CodeIgniter\CodeIgniter->run()
#9 {main}
CRITICAL - 2022-10-02 15:22:48 --> Undefined property: stdClass::$business_image
#0 /home/u561815069/domains/strassenads.com/public_html/app/Views/list_business.php(212): CodeIgniter\Debug\Exceptions->errorHandler()
#1 /home/u561815069/domains/strassenads.com/public_html/system/View/View.php(210): include('/home/u56181506...')
#2 /home/u561815069/domains/strassenads.com/public_html/system/View/View.php(213): CodeIgniter\View\View->CodeIgniter\View\{closure}()
#3 /home/u561815069/domains/strassenads.com/public_html/system/Common.php(1089): CodeIgniter\View\View->render()
#4 /home/u561815069/domains/strassenads.com/public_html/app/Controllers/Home.php(265): view()
#5 /home/u561815069/domains/strassenads.com/public_html/system/CodeIgniter.php(825): App\Controllers\Home->category()
#6 /home/u561815069/domains/strassenads.com/public_html/system/CodeIgniter.php(412): CodeIgniter\CodeIgniter->runController()
#7 /home/u561815069/domains/strassenads.com/public_html/system/CodeIgniter.php(320): CodeIgniter\CodeIgniter->handleRequest()
#8 /home/u561815069/domains/strassenads.com/public_html/index.php(37): CodeIgniter\CodeIgniter->run()
#9 {main}
CRITICAL - 2022-10-02 15:22:52 --> Undefined property: stdClass::$business_image
#0 /home/u561815069/domains/strassenads.com/public_html/app/Views/list_business.php(212): CodeIgniter\Debug\Exceptions->errorHandler()
#1 /home/u561815069/domains/strassenads.com/public_html/system/View/View.php(210): include('/home/u56181506...')
#2 /home/u561815069/domains/strassenads.com/public_html/system/View/View.php(213): CodeIgniter\View\View->CodeIgniter\View\{closure}()
#3 /home/u561815069/domains/strassenads.com/public_html/system/Common.php(1089): CodeIgniter\View\View->render()
#4 /home/u561815069/domains/strassenads.com/public_html/app/Controllers/Home.php(265): view()
#5 /home/u561815069/domains/strassenads.com/public_html/system/CodeIgniter.php(825): App\Controllers\Home->category()
#6 /home/u561815069/domains/strassenads.com/public_html/system/CodeIgniter.php(412): CodeIgniter\CodeIgniter->runController()
#7 /home/u561815069/domains/strassenads.com/public_html/system/CodeIgniter.php(320): CodeIgniter\CodeIgniter->handleRequest()
#8 /home/u561815069/domains/strassenads.com/public_html/index.php(37): CodeIgniter\CodeIgniter->run()
#9 {main}
CRITICAL - 2022-10-02 15:22:56 --> Undefined property: stdClass::$business_image
#0 /home/u561815069/domains/strassenads.com/public_html/app/Views/list_business.php(212): CodeIgniter\Debug\Exceptions->errorHandler()
#1 /home/u561815069/domains/strassenads.com/public_html/system/View/View.php(210): include('/home/u56181506...')
#2 /home/u561815069/domains/strassenads.com/public_html/system/View/View.php(213): CodeIgniter\View\View->CodeIgniter\View\{closure}()
#3 /home/u561815069/domains/strassenads.com/public_html/system/Common.php(1089): CodeIgniter\View\View->render()
#4 /home/u561815069/domains/strassenads.com/public_html/app/Controllers/Home.php(265): view()
#5 /home/u561815069/domains/strassenads.com/public_html/system/CodeIgniter.php(825): App\Controllers\Home->category()
#6 /home/u561815069/domains/strassenads.com/public_html/system/CodeIgniter.php(412): CodeIgniter\CodeIgniter->runController()
#7 /home/u561815069/domains/strassenads.com/public_html/system/CodeIgniter.php(320): CodeIgniter\CodeIgniter->handleRequest()
#8 /home/u561815069/domains/strassenads.com/public_html/index.php(37): CodeIgniter\CodeIgniter->run()
#9 {main}
CRITICAL - 2022-10-02 15:22:57 --> Undefined property: stdClass::$business_image
#0 /home/u561815069/domains/strassenads.com/public_html/app/Views/list_business.php(212): CodeIgniter\Debug\Exceptions->errorHandler()
#1 /home/u561815069/domains/strassenads.com/public_html/system/View/View.php(210): include('/home/u56181506...')
#2 /home/u561815069/domains/strassenads.com/public_html/system/View/View.php(213): CodeIgniter\View\View->CodeIgniter\View\{closure}()
#3 /home/u561815069/domains/strassenads.com/public_html/system/Common.php(1089): CodeIgniter\View\View->render()
#4 /home/u561815069/domains/strassenads.com/public_html/app/Controllers/Home.php(265): view()
#5 /home/u561815069/domains/strassenads.com/public_html/system/CodeIgniter.php(825): App\Controllers\Home->category()
#6 /home/u561815069/domains/strassenads.com/public_html/system/CodeIgniter.php(412): CodeIgniter\CodeIgniter->runController()
#7 /home/u561815069/domains/strassenads.com/public_html/system/CodeIgniter.php(320): CodeIgniter\CodeIgniter->handleRequest()
#8 /home/u561815069/domains/strassenads.com/public_html/index.php(37): CodeIgniter\CodeIgniter->run()
#9 {main}
CRITICAL - 2022-10-02 15:22:59 --> Undefined property: stdClass::$business_image
#0 /home/u561815069/domains/strassenads.com/public_html/app/Views/list_business.php(212): CodeIgniter\Debug\Exceptions->errorHandler()
#1 /home/u561815069/domains/strassenads.com/public_html/system/View/View.php(210): include('/home/u56181506...')
#2 /home/u561815069/domains/strassenads.com/public_html/system/View/View.php(213): CodeIgniter\View\View->CodeIgniter\View\{closure}()
#3 /home/u561815069/domains/strassenads.com/public_html/system/Common.php(1089): CodeIgniter\View\View->render()
#4 /home/u561815069/domains/strassenads.com/public_html/app/Controllers/Home.php(265): view()
#5 /home/u561815069/domains/strassenads.com/public_html/system/CodeIgniter.php(825): App\Controllers\Home->category()
#6 /home/u561815069/domains/strassenads.com/public_html/system/CodeIgniter.php(412): CodeIgniter\CodeIgniter->runController()
#7 /home/u561815069/domains/strassenads.com/public_html/system/CodeIgniter.php(320): CodeIgniter\CodeIgniter->handleRequest()
#8 /home/u561815069/domains/strassenads.com/public_html/index.php(37): CodeIgniter\CodeIgniter->run()
#9 {main}
CRITICAL - 2022-10-02 15:23:01 --> Undefined property: stdClass::$business_image
#0 /home/u561815069/domains/strassenads.com/public_html/app/Views/list_business.php(212): CodeIgniter\Debug\Exceptions->errorHandler()
#1 /home/u561815069/domains/strassenads.com/public_html/system/View/View.php(210): include('/home/u56181506...')
#2 /home/u561815069/domains/strassenads.com/public_html/system/View/View.php(213): CodeIgniter\View\View->CodeIgniter\View\{closure}()
#3 /home/u561815069/domains/strassenads.com/public_html/system/Common.php(1089): CodeIgniter\View\View->render()
#4 /home/u561815069/domains/strassenads.com/public_html/app/Controllers/Home.php(265): view()
#5 /home/u561815069/domains/strassenads.com/public_html/system/CodeIgniter.php(825): App\Controllers\Home->category()
#6 /home/u561815069/domains/strassenads.com/public_html/system/CodeIgniter.php(412): CodeIgniter\CodeIgniter->runController()
#7 /home/u561815069/domains/strassenads.com/public_html/system/CodeIgniter.php(320): CodeIgniter\CodeIgniter->handleRequest()
#8 /home/u561815069/domains/strassenads.com/public_html/index.php(37): CodeIgniter\CodeIgniter->run()
#9 {main}
CRITICAL - 2022-10-02 15:24:21 --> Undefined array key 0
#0 /home/u561815069/domains/strassenads.com/public_html/app/Controllers/Home.php(223): CodeIgniter\Debug\Exceptions->errorHandler()
#1 /home/u561815069/domains/strassenads.com/public_html/system/CodeIgniter.php(825): App\Controllers\Home->category()
#2 /home/u561815069/domains/strassenads.com/public_html/system/CodeIgniter.php(412): CodeIgniter\CodeIgniter->runController()
#3 /home/u561815069/domains/strassenads.com/public_html/system/CodeIgniter.php(320): CodeIgniter\CodeIgniter->handleRequest()
#4 /home/u561815069/domains/strassenads.com/public_html/index.php(37): CodeIgniter\CodeIgniter->run()
#5 {main}
CRITICAL - 2022-10-02 15:24:30 --> Undefined array key 0
#0 /home/u561815069/domains/strassenads.com/public_html/app/Controllers/Home.php(223): CodeIgniter\Debug\Exceptions->errorHandler()
#1 /home/u561815069/domains/strassenads.com/public_html/system/CodeIgniter.php(825): App\Controllers\Home->category()
#2 /home/u561815069/domains/strassenads.com/public_html/system/CodeIgniter.php(412): CodeIgniter\CodeIgniter->runController()
#3 /home/u561815069/domains/strassenads.com/public_html/system/CodeIgniter.php(320): CodeIgniter\CodeIgniter->handleRequest()
#4 /home/u561815069/domains/strassenads.com/public_html/index.php(37): CodeIgniter\CodeIgniter->run()
#5 {main}
CRITICAL - 2022-10-02 15:24:38 --> Undefined array key 0
#0 /home/u561815069/domains/strassenads.com/public_html/app/Controllers/Home.php(223): CodeIgniter\Debug\Exceptions->errorHandler()
#1 /home/u561815069/domains/strassenads.com/public_html/system/CodeIgniter.php(825): App\Controllers\Home->category()
#2 /home/u561815069/domains/strassenads.com/public_html/system/CodeIgniter.php(412): CodeIgniter\CodeIgniter->runController()
#3 /home/u561815069/domains/strassenads.com/public_html/system/CodeIgniter.php(320): CodeIgniter\CodeIgniter->handleRequest()
#4 /home/u561815069/domains/strassenads.com/public_html/index.php(37): CodeIgniter\CodeIgniter->run()
#5 {main}
CRITICAL - 2022-10-02 15:24:41 --> Undefined array key 0
#0 /home/u561815069/domains/strassenads.com/public_html/app/Controllers/Home.php(223): CodeIgniter\Debug\Exceptions->errorHandler()
#1 /home/u561815069/domains/strassenads.com/public_html/system/CodeIgniter.php(825): App\Controllers\Home->category()
#2 /home/u561815069/domains/strassenads.com/public_html/system/CodeIgniter.php(412): CodeIgniter\CodeIgniter->runController()
#3 /home/u561815069/domains/strassenads.com/public_html/system/CodeIgniter.php(320): CodeIgniter\CodeIgniter->handleRequest()
#4 /home/u561815069/domains/strassenads.com/public_html/index.php(37): CodeIgniter\CodeIgniter->run()
#5 {main}
CRITICAL - 2022-10-02 15:24:48 --> Undefined array key 0
#0 /home/u561815069/domains/strassenads.com/public_html/app/Controllers/Home.php(223): CodeIgniter\Debug\Exceptions->errorHandler()
#1 /home/u561815069/domains/strassenads.com/public_html/system/CodeIgniter.php(825): App\Controllers\Home->category()
#2 /home/u561815069/domains/strassenads.com/public_html/system/CodeIgniter.php(412): CodeIgniter\CodeIgniter->runController()
#3 /home/u561815069/domains/strassenads.com/public_html/system/CodeIgniter.php(320): CodeIgniter\CodeIgniter->handleRequest()
#4 /home/u561815069/domains/strassenads.com/public_html/index.php(37): CodeIgniter\CodeIgniter->run()
#5 {main}
CRITICAL - 2022-10-02 15:25:12 --> Undefined array key 0
#0 /home/u561815069/domains/strassenads.com/public_html/app/Controllers/Home.php(223): CodeIgniter\Debug\Exceptions->errorHandler()
#1 /home/u561815069/domains/strassenads.com/public_html/system/CodeIgniter.php(825): App\Controllers\Home->category()
#2 /home/u561815069/domains/strassenads.com/public_html/system/CodeIgniter.php(412): CodeIgniter\CodeIgniter->runController()
#3 /home/u561815069/domains/strassenads.com/public_html/system/CodeIgniter.php(320): CodeIgniter\CodeIgniter->handleRequest()
#4 /home/u561815069/domains/strassenads.com/public_html/index.php(37): CodeIgniter\CodeIgniter->run()
#5 {main}
CRITICAL - 2022-10-02 15:27:28 --> Undefined property: stdClass::$business_image
#0 /home/u561815069/domains/strassenads.com/public_html/app/Views/list_business.php(212): CodeIgniter\Debug\Exceptions->errorHandler()
#1 /home/u561815069/domains/strassenads.com/public_html/system/View/View.php(210): include('/home/u56181506...')
#2 /home/u561815069/domains/strassenads.com/public_html/system/View/View.php(213): CodeIgniter\View\View->CodeIgniter\View\{closure}()
#3 /home/u561815069/domains/strassenads.com/public_html/system/Common.php(1089): CodeIgniter\View\View->render()
#4 /home/u561815069/domains/strassenads.com/public_html/app/Controllers/Home.php(265): view()
#5 /home/u561815069/domains/strassenads.com/public_html/system/CodeIgniter.php(825): App\Controllers\Home->category()
#6 /home/u561815069/domains/strassenads.com/public_html/system/CodeIgniter.php(412): CodeIgniter\CodeIgniter->runController()
#7 /home/u561815069/domains/strassenads.com/public_html/system/CodeIgniter.php(320): CodeIgniter\CodeIgniter->handleRequest()
#8 /home/u561815069/domains/strassenads.com/public_html/index.php(37): CodeIgniter\CodeIgniter->run()
#9 {main}
CRITICAL - 2022-10-02 15:27:33 --> Undefined property: stdClass::$business_image
#0 /home/u561815069/domains/strassenads.com/public_html/app/Views/list_business.php(212): CodeIgniter\Debug\Exceptions->errorHandler()
#1 /home/u561815069/domains/strassenads.com/public_html/system/View/View.php(210): include('/home/u56181506...')
#2 /home/u561815069/domains/strassenads.com/public_html/system/View/View.php(213): CodeIgniter\View\View->CodeIgniter\View\{closure}()
#3 /home/u561815069/domains/strassenads.com/public_html/system/Common.php(1089): CodeIgniter\View\View->render()
#4 /home/u561815069/domains/strassenads.com/public_html/app/Controllers/Home.php(265): view()
#5 /home/u561815069/domains/strassenads.com/public_html/system/CodeIgniter.php(825): App\Controllers\Home->category()
#6 /home/u561815069/domains/strassenads.com/public_html/system/CodeIgniter.php(412): CodeIgniter\CodeIgniter->runController()
#7 /home/u561815069/domains/strassenads.com/public_html/system/CodeIgniter.php(320): CodeIgniter\CodeIgniter->handleRequest()
#8 /home/u561815069/domains/strassenads.com/public_html/index.php(37): CodeIgniter\CodeIgniter->run()
#9 {main}
CRITICAL - 2022-10-02 15:27:50 --> Undefined property: stdClass::$business_image
#0 /home/u561815069/domains/strassenads.com/public_html/app/Views/list_business.php(212): CodeIgniter\Debug\Exceptions->errorHandler()
#1 /home/u561815069/domains/strassenads.com/public_html/system/View/View.php(210): include('/home/u56181506...')
#2 /home/u561815069/domains/strassenads.com/public_html/system/View/View.php(213): CodeIgniter\View\View->CodeIgniter\View\{closure}()
#3 /home/u561815069/domains/strassenads.com/public_html/system/Common.php(1089): CodeIgniter\View\View->render()
#4 /home/u561815069/domains/strassenads.com/public_html/app/Controllers/Home.php(265): view()
#5 /home/u561815069/domains/strassenads.com/public_html/system/CodeIgniter.php(825): App\Controllers\Home->category()
#6 /home/u561815069/domains/strassenads.com/public_html/system/CodeIgniter.php(412): CodeIgniter\CodeIgniter->runController()
#7 /home/u561815069/domains/strassenads.com/public_html/system/CodeIgniter.php(320): CodeIgniter\CodeIgniter->handleRequest()
#8 /home/u561815069/domains/strassenads.com/public_html/index.php(37): CodeIgniter\CodeIgniter->run()
#9 {main}
CRITICAL - 2022-10-02 15:28:22 --> Undefined property: stdClass::$business_image
#0 /home/u561815069/domains/strassenads.com/public_html/app/Views/list_business.php(212): CodeIgniter\Debug\Exceptions->errorHandler()
#1 /home/u561815069/domains/strassenads.com/public_html/system/View/View.php(210): include('/home/u56181506...')
#2 /home/u561815069/domains/strassenads.com/public_html/system/View/View.php(213): CodeIgniter\View\View->CodeIgniter\View\{closure}()
#3 /home/u561815069/domains/strassenads.com/public_html/system/Common.php(1089): CodeIgniter\View\View->render()
#4 /home/u561815069/domains/strassenads.com/public_html/app/Controllers/Home.php(198): view()
#5 /home/u561815069/domains/strassenads.com/public_html/system/CodeIgniter.php(825): App\Controllers\Home->city()
#6 /home/u561815069/domains/strassenads.com/public_html/system/CodeIgniter.php(412): CodeIgniter\CodeIgniter->runController()
#7 /home/u561815069/domains/strassenads.com/public_html/system/CodeIgniter.php(320): CodeIgniter\CodeIgniter->handleRequest()
#8 /home/u561815069/domains/strassenads.com/public_html/index.php(37): CodeIgniter\CodeIgniter->run()
#9 {main}
CRITICAL - 2022-10-02 15:28:30 --> Undefined property: stdClass::$business_image
#0 /home/u561815069/domains/strassenads.com/public_html/app/Views/list_business.php(212): CodeIgniter\Debug\Exceptions->errorHandler()
#1 /home/u561815069/domains/strassenads.com/public_html/system/View/View.php(210): include('/home/u56181506...')
#2 /home/u561815069/domains/strassenads.com/public_html/system/View/View.php(213): CodeIgniter\View\View->CodeIgniter\View\{closure}()
#3 /home/u561815069/domains/strassenads.com/public_html/system/Common.php(1089): CodeIgniter\View\View->render()
#4 /home/u561815069/domains/strassenads.com/public_html/app/Controllers/Home.php(198): view()
#5 /home/u561815069/domains/strassenads.com/public_html/system/CodeIgniter.php(825): App\Controllers\Home->city()
#6 /home/u561815069/domains/strassenads.com/public_html/system/CodeIgniter.php(412): CodeIgniter\CodeIgniter->runController()
#7 /home/u561815069/domains/strassenads.com/public_html/system/CodeIgniter.php(320): CodeIgniter\CodeIgniter->handleRequest()
#8 /home/u561815069/domains/strassenads.com/public_html/index.php(37): CodeIgniter\CodeIgniter->run()
#9 {main}
CRITICAL - 2022-10-02 15:28:36 --> Undefined property: stdClass::$business_image
#0 /home/u561815069/domains/strassenads.com/public_html/app/Views/list_business.php(212): CodeIgniter\Debug\Exceptions->errorHandler()
#1 /home/u561815069/domains/strassenads.com/public_html/system/View/View.php(210): include('/home/u56181506...')
#2 /home/u561815069/domains/strassenads.com/public_html/system/View/View.php(213): CodeIgniter\View\View->CodeIgniter\View\{closure}()
#3 /home/u561815069/domains/strassenads.com/public_html/system/Common.php(1089): CodeIgniter\View\View->render()
#4 /home/u561815069/domains/strassenads.com/public_html/app/Controllers/Home.php(198): view()
#5 /home/u561815069/domains/strassenads.com/public_html/system/CodeIgniter.php(825): App\Controllers\Home->city()
#6 /home/u561815069/domains/strassenads.com/public_html/system/CodeIgniter.php(412): CodeIgniter\CodeIgniter->runController()
#7 /home/u561815069/domains/strassenads.com/public_html/system/CodeIgniter.php(320): CodeIgniter\CodeIgniter->handleRequest()
#8 /home/u561815069/domains/strassenads.com/public_html/index.php(37): CodeIgniter\CodeIgniter->run()
#9 {main}
CRITICAL - 2022-10-02 15:29:16 --> Undefined property: stdClass::$business_image
#0 /home/u561815069/domains/strassenads.com/public_html/app/Views/list_business.php(212): CodeIgniter\Debug\Exceptions->errorHandler()
#1 /home/u561815069/domains/strassenads.com/public_html/system/View/View.php(210): include('/home/u56181506...')
#2 /home/u561815069/domains/strassenads.com/public_html/system/View/View.php(213): CodeIgniter\View\View->CodeIgniter\View\{closure}()
#3 /home/u561815069/domains/strassenads.com/public_html/system/Common.php(1089): CodeIgniter\View\View->render()
#4 /home/u561815069/domains/strassenads.com/public_html/app/Controllers/Home.php(265): view()
#5 /home/u561815069/domains/strassenads.com/public_html/system/CodeIgniter.php(825): App\Controllers\Home->category()
#6 /home/u561815069/domains/strassenads.com/public_html/system/CodeIgniter.php(412): CodeIgniter\CodeIgniter->runController()
#7 /home/u561815069/domains/strassenads.com/public_html/system/CodeIgniter.php(320): CodeIgniter\CodeIgniter->handleRequest()
#8 /home/u561815069/domains/strassenads.com/public_html/index.php(37): CodeIgniter\CodeIgniter->run()
#9 {main}
