CRITICAL - 2022-06-26 06:57:49 --> Undefined variable $cities
#0 /home/u561815069/domains/strassenads.com/public_html/app/Views/list_business.php(59): CodeIgniter\Debug\Exceptions->errorHandler()
#1 /home/u561815069/domains/strassenads.com/public_html/system/View/View.php(210): include('/home/u56181506...')
#2 /home/u561815069/domains/strassenads.com/public_html/system/View/View.php(213): CodeIgniter\View\View->CodeIgniter\View\{closure}()
#3 /home/u561815069/domains/strassenads.com/public_html/system/Common.php(1089): CodeIgniter\View\View->render()
#4 /home/u561815069/domains/strassenads.com/public_html/app/Controllers/Home.php(194): view()
#5 /home/u561815069/domains/strassenads.com/public_html/system/CodeIgniter.php(825): App\Controllers\Home->city()
#6 /home/u561815069/domains/strassenads.com/public_html/system/CodeIgniter.php(412): CodeIgniter\CodeIgniter->runController()
#7 /home/u561815069/domains/strassenads.com/public_html/system/CodeIgniter.php(320): CodeIgniter\CodeIgniter->handleRequest()
#8 /home/u561815069/domains/strassenads.com/public_html/index.php(37): CodeIgniter\CodeIgniter->run()
#9 {main}
CRITICAL - 2022-06-26 08:06:38 --> Undefined variable $region
#0 /home/u561815069/domains/strassenads.com/public_html/app/Views/list_business.php(62): CodeIgniter\Debug\Exceptions->errorHandler()
#1 /home/u561815069/domains/strassenads.com/public_html/system/View/View.php(210): include('/home/u56181506...')
#2 /home/u561815069/domains/strassenads.com/public_html/system/View/View.php(213): CodeIgniter\View\View->CodeIgniter\View\{closure}()
#3 /home/u561815069/domains/strassenads.com/public_html/system/Common.php(1089): CodeIgniter\View\View->render()
#4 /home/u561815069/domains/strassenads.com/public_html/app/Controllers/Home.php(258): view()
#5 /home/u561815069/domains/strassenads.com/public_html/system/CodeIgniter.php(825): App\Controllers\Home->category()
#6 /home/u561815069/domains/strassenads.com/public_html/system/CodeIgniter.php(412): CodeIgniter\CodeIgniter->runController()
#7 /home/u561815069/domains/strassenads.com/public_html/system/CodeIgniter.php(320): CodeIgniter\CodeIgniter->handleRequest()
#8 /home/u561815069/domains/strassenads.com/public_html/index.php(37): CodeIgniter\CodeIgniter->run()
#9 {main}
CRITICAL - 2022-06-26 19:01:17 --> Undefined variable $region
#0 /home/u561815069/domains/strassenads.com/public_html/app/Views/list_business.php(62): CodeIgniter\Debug\Exceptions->errorHandler()
#1 /home/u561815069/domains/strassenads.com/public_html/system/View/View.php(210): include('/home/u56181506...')
#2 /home/u561815069/domains/strassenads.com/public_html/system/View/View.php(213): CodeIgniter\View\View->CodeIgniter\View\{closure}()
#3 /home/u561815069/domains/strassenads.com/public_html/system/Common.php(1089): CodeIgniter\View\View->render()
#4 /home/u561815069/domains/strassenads.com/public_html/app/Controllers/Home.php(258): view()
#5 /home/u561815069/domains/strassenads.com/public_html/system/CodeIgniter.php(825): App\Controllers\Home->category()
#6 /home/u561815069/domains/strassenads.com/public_html/system/CodeIgniter.php(412): CodeIgniter\CodeIgniter->runController()
#7 /home/u561815069/domains/strassenads.com/public_html/system/CodeIgniter.php(320): CodeIgniter\CodeIgniter->handleRequest()
#8 /home/u561815069/domains/strassenads.com/public_html/index.php(37): CodeIgniter\CodeIgniter->run()
#9 {main}
CRITICAL - 2022-06-26 19:19:54 --> Undefined variable $region
#0 /home/u561815069/domains/strassenads.com/public_html/app/Views/list_business.php(62): CodeIgniter\Debug\Exceptions->errorHandler()
#1 /home/u561815069/domains/strassenads.com/public_html/system/View/View.php(210): include('/home/u56181506...')
#2 /home/u561815069/domains/strassenads.com/public_html/system/View/View.php(213): CodeIgniter\View\View->CodeIgniter\View\{closure}()
#3 /home/u561815069/domains/strassenads.com/public_html/system/Common.php(1089): CodeIgniter\View\View->render()
#4 /home/u561815069/domains/strassenads.com/public_html/app/Controllers/Home.php(258): view()
#5 /home/u561815069/domains/strassenads.com/public_html/system/CodeIgniter.php(825): App\Controllers\Home->category()
#6 /home/u561815069/domains/strassenads.com/public_html/system/CodeIgniter.php(412): CodeIgniter\CodeIgniter->runController()
#7 /home/u561815069/domains/strassenads.com/public_html/system/CodeIgniter.php(320): CodeIgniter\CodeIgniter->handleRequest()
#8 /home/u561815069/domains/strassenads.com/public_html/index.php(37): CodeIgniter\CodeIgniter->run()
#9 {main}
